

> @thrive/api@0.0.1 build /Users/davidcook/personal/thrive-wp/apps/nestjs
> nest build

[96msrc/payments/payments.controller.ts[0m:[93m15[0m:[93m42[0m - [91merror[0m[90m TS2307: [0mCannot find module './services/group-class-booking.service.js' or its corresponding type declarations.

[7m15[0m import { GroupClassBookingService } from "./services/group-class-booking.service.js";
[7m  [0m [91m                                         ~~~~~~~~~~~~~~~~~~~~~~~~~~~~~~~~~~~~~~~~~~~[0m
[96msrc/payments/payments.controller.ts[0m:[93m75[0m:[93m12[0m - [91merror[0m[90m TS2339: [0mProperty 'priceId' does not exist on type '{ start: string; end: string; teacher: number; serviceType: ServiceType; notes?: string | undefined; }'.

[7m75[0m       body.priceId,
[7m  [0m [91m           ~~~~~~~[0m
[96msrc/payments/payments.controller.ts[0m:[93m76[0m:[93m12[0m - [91merror[0m[90m TS2339: [0mProperty 'bookingData' does not exist on type '{ start: string; end: string; teacher: number; serviceType: ServiceType; notes?: string | undefined; }'.

[7m76[0m       body.bookingData.sessionId as number,
[7m  [0m [91m           ~~~~~~~~~~~[0m
[96msrc/payments/payments.module.ts[0m:[93m7[0m:[93m42[0m - [91merror[0m[90m TS2307: [0mCannot find module './services/group-class-booking.service.js' or its corresponding type declarations.

[7m7[0m import { GroupClassBookingService } from "./services/group-class-booking.service.js";
[7m [0m [91m                                         ~~~~~~~~~~~~~~~~~~~~~~~~~~~~~~~~~~~~~~~~~~~[0m

Found 4 error(s).

[41m[30mâ€‰ELIFECYCLEâ€‰[39m[49m [31mCommand failed with exit code 1.[39m
