

> @thrive/api@0.0.1 type-check /Users/davidcook/personal/thrive-wp/apps/nestjs
> tsc --noEmit

[96msrc/app.controller.spec.ts[0m:[93m4[0m:[93m50[0m - [91merror[0m[90m TS2307: [0mCannot find module 'vitest' or its corresponding type declarations.

[7m4[0m import { describe, it, expect, beforeEach } from "vitest";
[7m [0m [91m                                                 ~~~~~~~~[0m

[96msrc/auth/auth.service.spec.ts[0m:[93m1[0m:[93m54[0m - [91merror[0m[90m TS2307: [0mCannot find module 'vitest' or its corresponding type declarations.

[7m1[0m import { describe, it, expect, beforeEach, vi } from "vitest";
[7m [0m [91m                                                     ~~~~~~~~[0m

[96msrc/common/types/class-types.spec.ts[0m:[93m1[0m:[93m38[0m - [91merror[0m[90m TS2307: [0mCannot find module 'vitest' or its corresponding type declarations.

[7m1[0m import { describe, it, expect } from "vitest";
[7m [0m [91m                                     ~~~~~~~~[0m

[96msrc/common/types/credit-tiers.spec.ts[0m:[93m1[0m:[93m38[0m - [91merror[0m[90m TS2307: [0mCannot find module 'vitest' or its corresponding type declarations.

[7m1[0m import { describe, it, expect } from "vitest";
[7m [0m [91m                                     ~~~~~~~~[0m

[96msrc/group-classes/group-classes.service.spec.ts[0m:[93m9[0m:[93m8[0m - [91merror[0m[90m TS2307: [0mCannot find module 'vitest' or its corresponding type declarations.

[7m9[0m } from "vitest";
[7m [0m [91m       ~~~~~~~~[0m

[96msrc/packages/packages.service.spec.ts[0m:[93m1[0m:[93m65[0m - [91merror[0m[90m TS2307: [0mCannot find module 'vitest' or its corresponding type declarations.

[7m1[0m import { describe, it, expect, beforeEach, afterEach, vi } from "vitest";
[7m [0m [91m                                                                ~~~~~~~~[0m

[96msrc/payments/payments.controller.spec.ts[0m:[93m1[0m:[93m38[0m - [91merror[0m[90m TS2307: [0mCannot find module 'vitest' or its corresponding type declarations.

[7m1[0m import { describe, it, expect } from "vitest";
[7m [0m [91m                                     ~~~~~~~~[0m

[96msrc/sessions/services/sessions.service.spec.ts[0m:[93m1[0m:[93m67[0m - [91merror[0m[90m TS2307: [0mCannot find module 'vitest' or its corresponding type declarations.

[7m1[0m import { describe, vi, it, expect, beforeEach, type Mocked } from "vitest";
[7m [0m [91m                                                                  ~~~~~~~~[0m

[96msrc/teachers/entities/teacher-availability.entity.spec.ts[0m:[93m1[0m:[93m38[0m - [91merror[0m[90m TS2307: [0mCannot find module 'vitest' or its corresponding type declarations.

[7m1[0m import { describe, it, expect } from "vitest";
[7m [0m [91m                                     ~~~~~~~~[0m

[96msrc/teachers/entities/teacher.entity.spec.ts[0m:[93m4[0m:[93m1[0m - [91merror[0m[90m TS2593: [0mCannot find name 'describe'. Do you need to install type definitions for a test runner? Try `npm i --save-dev @types/jest` or `npm i --save-dev @types/mocha` and then add 'jest' or 'mocha' to the types field in your tsconfig.

[7m4[0m describe("Teacher Entity", () => {
[7m [0m [91m~~~~~~~~[0m

[96msrc/teachers/entities/teacher.entity.spec.ts[0m:[93m5[0m:[93m3[0m - [91merror[0m[90m TS2593: [0mCannot find name 'it'. Do you need to install type definitions for a test runner? Try `npm i --save-dev @types/jest` or `npm i --save-dev @types/mocha` and then add 'jest' or 'mocha' to the types field in your tsconfig.

[7m5[0m   it("should be registered with the correct table name", () => {
[7m [0m [91m  ~~[0m

[96msrc/teachers/entities/teacher.entity.spec.ts[0m:[93m9[0m:[93m5[0m - [91merror[0m[90m TS2304: [0mCannot find name 'expect'.

[7m9[0m     expect(entity).toBeDefined();
[7m [0m [91m    ~~~~~~[0m

[96msrc/teachers/entities/teacher.entity.spec.ts[0m:[93m10[0m:[93m5[0m - [91merror[0m[90m TS2304: [0mCannot find name 'expect'.

[7m10[0m     expect(entity?.name).toBe("teacher");
[7m  [0m [91m    ~~~~~~[0m

[96msrc/teachers/entities/teacher.entity.spec.ts[0m:[93m13[0m:[93m3[0m - [91merror[0m[90m TS2593: [0mCannot find name 'it'. Do you need to install type definitions for a test runner? Try `npm i --save-dev @types/jest` or `npm i --save-dev @types/mocha` and then add 'jest' or 'mocha' to the types field in your tsconfig.

[7m13[0m   it("should have expected columns", () => {
[7m  [0m [91m  ~~[0m

[96msrc/teachers/entities/teacher.entity.spec.ts[0m:[93m32[0m:[93m5[0m - [91merror[0m[90m TS2304: [0mCannot find name 'expect'.

[7m32[0m     expect(columnProps).toEqual(
[7m  [0m [91m    ~~~~~~[0m

[96msrc/teachers/entities/teacher.entity.spec.ts[0m:[93m33[0m:[93m7[0m - [91merror[0m[90m TS2304: [0mCannot find name 'expect'.

[7m33[0m       expect.arrayContaining([
[7m  [0m [91m      ~~~~~~[0m

[96msrc/teachers/entities/teacher.entity.spec.ts[0m:[93m46[0m:[93m3[0m - [91merror[0m[90m TS2593: [0mCannot find name 'it'. Do you need to install type definitions for a test runner? Try `npm i --save-dev @types/jest` or `npm i --save-dev @types/mocha` and then add 'jest' or 'mocha' to the types field in your tsconfig.

[7m46[0m   it("should define unique index on userId", () => {
[7m  [0m [91m  ~~[0m

[96msrc/teachers/entities/teacher.entity.spec.ts[0m:[93m58[0m:[93m5[0m - [91merror[0m[90m TS2304: [0mCannot find name 'expect'.

[7m58[0m     expect(userIdIndex).toBeDefined();
[7m  [0m [91m    ~~~~~~[0m

[96msrc/teachers/entities/teacher.entity.spec.ts[0m:[93m61[0m:[93m3[0m - [91merror[0m[90m TS2593: [0mCannot find name 'it'. Do you need to install type definitions for a test runner? Try `npm i --save-dev @types/jest` or `npm i --save-dev @types/mocha` and then add 'jest' or 'mocha' to the types field in your tsconfig.

[7m61[0m   it("should have relation to User via user property", () => {
[7m  [0m [91m  ~~[0m

[96msrc/teachers/entities/teacher.entity.spec.ts[0m:[93m66[0m:[93m5[0m - [91merror[0m[90m TS2304: [0mCannot find name 'expect'.

[7m66[0m     expect(userRel).toBeDefined();
[7m  [0m [91m    ~~~~~~[0m

[96msrc/teachers/teachers.service.spec.ts[0m:[93m2[0m:[93m54[0m - [91merror[0m[90m TS2307: [0mCannot find module 'vitest' or its corresponding type declarations.

[7m2[0m import { describe, it, expect, beforeEach, vi } from "vitest";
[7m [0m [91m                                                     ~~~~~~~~[0m

[96msrc/users/users.service.spec.ts[0m:[93m1[0m:[93m54[0m - [91merror[0m[90m TS2307: [0mCannot find module 'vitest' or its corresponding type declarations.

[7m1[0m import { describe, beforeEach, it, expect, vi } from "vitest";
[7m [0m [91m                                                     ~~~~~~~~[0m

[96msrc/waitlists/waitlists.service.spec.ts[0m:[93m1[0m:[93m65[0m - [91merror[0m[90m TS2307: [0mCannot find module 'vitest' or its corresponding type declarations.

[7m1[0m import { describe, it, expect, beforeEach, afterEach, vi } from "vitest";
[7m [0m [91m                                                                ~~~~~~~~[0m

[96mtest/app.e2e.spec.ts[0m:[93m1[0m:[93m53[0m - [91merror[0m[90m TS2307: [0mCannot find module 'vitest' or its corresponding type declarations.

[7m1[0m import { describe, beforeEach, afterEach, it } from "vitest";
[7m [0m [91m                                                    ~~~~~~~~[0m

[96mtest/app.e2e.spec.ts[0m:[93m25[0m:[93m20[0m - [91merror[0m[90m TS2304: [0mCannot find name 'getHttpServer'.

[7m25[0m     return request(getHttpServer(app))
[7m  [0m [91m                   ~~~~~~~~~~~~~[0m

[96mtest/auth-google-start.e2e.spec.ts[0m:[93m9[0m:[93m8[0m - [91merror[0m[90m TS2307: [0mCannot find module 'vitest' or its corresponding type declarations.

[7m9[0m } from "vitest";
[7m [0m [91m       ~~~~~~~~[0m

[96mtest/credit-tiers-integration.e2e.spec.ts[0m:[93m1[0m:[93m72[0m - [91merror[0m[90m TS2307: [0mCannot find module 'vitest' or its corresponding type declarations.

[7m1[0m import { describe, beforeEach, afterEach, it, expect, beforeAll } from "vitest";
[7m [0m [91m                                                                       ~~~~~~~~[0m

[96mtest/database-connection.e2e.spec.ts[0m:[93m1[0m:[93m59[0m - [91merror[0m[90m TS2307: [0mCannot find module 'vitest' or its corresponding type declarations.

[7m1[0m import { describe, beforeAll, afterAll, it, expect } from "vitest";
[7m [0m [91m                                                          ~~~~~~~~[0m

[96mtest/database.e2e.spec.ts[0m:[93m1[0m:[93m72[0m - [91merror[0m[90m TS2307: [0mCannot find module 'vitest' or its corresponding type declarations.

[7m1[0m import { describe, beforeEach, afterEach, it, expect, beforeAll } from "vitest";
[7m [0m [91m                                                                       ~~~~~~~~[0m

[96mtest/group-class-booking.e2e.spec.ts[0m:[93m1[0m:[93m72[0m - [91merror[0m[90m TS2307: [0mCannot find module 'vitest' or its corresponding type declarations.

[7m1[0m import { describe, it, beforeEach, expect, afterEach, beforeAll } from "vitest";
[7m [0m [91m                                                                       ~~~~~~~~[0m

[96mtest/package-booking.e2e.spec.ts[0m:[93m1[0m:[93m72[0m - [91merror[0m[90m TS2307: [0mCannot find module 'vitest' or its corresponding type declarations.

[7m1[0m import { describe, it, beforeEach, expect, afterEach, beforeAll } from "vitest";
[7m [0m [91m                                                                       ~~~~~~~~[0m

[96mtest/package-booking.e2e.spec.ts[0m:[93m406[0m:[93m28[0m - [91merror[0m[90m TS2339: [0mProperty 'remainingSessions' does not exist on type 'StudentPackage'.

[7m406[0m       expect(finalPackage?.remainingSessions).toBe(0);
[7m   [0m [91m                           ~~~~~~~~~~~~~~~~~[0m

[96mtest/payments-session-booking.e2e.spec.ts[0m:[93m1[0m:[93m71[0m - [91merror[0m[90m TS2307: [0mCannot find module 'vitest' or its corresponding type declarations.

[7m1[0m import { describe, beforeAll, afterAll, beforeEach, it, expect } from "vitest";
[7m [0m [91m                                                                      ~~~~~~~~[0m

[96mtest/students-api.e2e.spec.ts[0m:[93m1[0m:[93m59[0m - [91merror[0m[90m TS2307: [0mCannot find module 'vitest' or its corresponding type declarations.

[7m1[0m import { describe, beforeAll, afterAll, it, expect } from "vitest";
[7m [0m [91m                                                          ~~~~~~~~[0m

[96mtest/teacher-availability.e2e.spec.ts[0m:[93m1[0m:[93m72[0m - [91merror[0m[90m TS2307: [0mCannot find module 'vitest' or its corresponding type declarations.

[7m1[0m import { describe, beforeEach, afterEach, it, expect, beforeAll } from "vitest";
[7m [0m [91m                                                                       ~~~~~~~~[0m

[96mtest/vitest-e2e.config.ts[0m:[93m1[0m:[93m23[0m - [91merror[0m[90m TS2688: [0mCannot find type definition file for 'vitest'.

[7m1[0m /// <reference types="vitest" />
[7m [0m [91m                      ~~~~~~[0m

[96mtest/vitest-e2e.config.ts[0m:[93m2[0m:[93m30[0m - [91merror[0m[90m TS2307: [0mCannot find module 'vitest/config' or its corresponding type declarations.

[7m2[0m import { defineConfig } from "vitest/config";
[7m [0m [91m                             ~~~~~~~~~~~~~~~[0m

[96mtest/waitlist.e2e.spec.ts[0m:[93m1[0m:[93m61[0m - [91merror[0m[90m TS2307: [0mCannot find module 'vitest' or its corresponding type declarations.

[7m1[0m import { describe, beforeEach, afterEach, it, expect } from "vitest";
[7m [0m [91m                                                            ~~~~~~~~[0m

[96mvitest.config.ts[0m:[93m1[0m:[93m23[0m - [91merror[0m[90m TS2688: [0mCannot find type definition file for 'vitest'.

[7m1[0m /// <reference types="vitest" />
[7m [0m [91m                      ~~~~~~[0m

[96mvitest.config.ts[0m:[93m2[0m:[93m30[0m - [91merror[0m[90m TS2307: [0mCannot find module 'vitest/config' or its corresponding type declarations.

[7m2[0m import { defineConfig } from "vitest/config";
[7m [0m [91m                             ~~~~~~~~~~~~~~~[0m

[96mvitest.config.ts[0m:[93m3[0m:[93m17[0m - [91merror[0m[90m TS2307: [0mCannot find module 'unplugin-swc' or its corresponding type declarations.

[7m3[0m import swc from "unplugin-swc";
[7m [0m [91m                ~~~~~~~~~~~~~~[0m


Found 41 errors in 26 files.

Errors  Files
     1  src/app.controller.spec.ts[90m:4[0m
     1  src/auth/auth.service.spec.ts[90m:1[0m
     1  src/common/types/class-types.spec.ts[90m:1[0m
     1  src/common/types/credit-tiers.spec.ts[90m:1[0m
     1  src/group-classes/group-classes.service.spec.ts[90m:9[0m
     1  src/packages/packages.service.spec.ts[90m:1[0m
     1  src/payments/payments.controller.spec.ts[90m:1[0m
     1  src/sessions/services/sessions.service.spec.ts[90m:1[0m
     1  src/teachers/entities/teacher-availability.entity.spec.ts[90m:1[0m
    11  src/teachers/entities/teacher.entity.spec.ts[90m:4[0m
     1  src/teachers/teachers.service.spec.ts[90m:2[0m
     1  src/users/users.service.spec.ts[90m:1[0m
     1  src/waitlists/waitlists.service.spec.ts[90m:1[0m
     2  test/app.e2e.spec.ts[90m:1[0m
     1  test/auth-google-start.e2e.spec.ts[90m:9[0m
     1  test/credit-tiers-integration.e2e.spec.ts[90m:1[0m
     1  test/database-connection.e2e.spec.ts[90m:1[0m
     1  test/database.e2e.spec.ts[90m:1[0m
     1  test/group-class-booking.e2e.spec.ts[90m:1[0m
     2  test/package-booking.e2e.spec.ts[90m:1[0m
     1  test/payments-session-booking.e2e.spec.ts[90m:1[0m
     1  test/students-api.e2e.spec.ts[90m:1[0m
     1  test/teacher-availability.e2e.spec.ts[90m:1[0m
     2  test/vitest-e2e.config.ts[90m:1[0m
     1  test/waitlist.e2e.spec.ts[90m:1[0m
     3  vitest.config.ts[90m:1[0m
[41m[30mâ€‰ELIFECYCLEâ€‰[39m[49m [31mCommand failed with exit code 2.[39m
