
> @thrive/api@0.0.1 test /Users/davidcook/personal/thrive-wp/apps/nestjs
> dotenv -e .env.test -- vitest run

 Vitest  "deps.inline" is deprecated. If you rely on vite-node directly, use "server.deps.inline" instead. Otherwise, consider using "deps.optimizer.ssr.include"

 RUN  v3.2.4 /Users/davidcook/personal/thrive-wp/apps/nestjs

stdout | test/database.e2e.spec.ts
[CONFIG] Test mode detected - Using database: wordpress_test
db config: {
  type: [32m'mysql'[39m,
  host: [32m'127.0.0.1'[39m,
  port: [33m3306[39m,
  username: [32m'wordpress'[39m,
  password: [32m'wordpress'[39m,
  database: [32m'wordpress_test'[39m,
  synchronize: [33mfalse[39m,
  logging: [33mfalse[39m,
  entities: [ [32m'dist/**/*.entity{.ts,.js}'[39m ],
  migrations: [ [32m'dist/migrations/*{.ts,.js}'[39m ]
}
[MIGRATIONS] Loaded 22 migrations directly (no file glob needed)

stdout | test/database.e2e.spec.ts
[TEST SETUP] Current dir: /Users/davidcook/personal/thrive-wp/apps/nestjs
[TEST SETUP] Loading .env.test from: /Users/davidcook/personal/thrive-wp/apps/nestjs/.env.test
[TEST SETUP] dotenv result: {
  parsed: {
    DB_HOST: [32m'127.0.0.1'[39m,
    DB_PORT: [32m'3306'[39m,
    DB_USERNAME: [32m'wordpress'[39m,
    DB_PASSWORD: [32m'wordpress'[39m,
    DB_DATABASE: [32m'wordpress_test'[39m,
    SESSION_SECRET: [32m'test_session_secret_for_jwt_cookies'[39m,
    GOOGLE_CLIENT_ID: [32m'test-client-id'[39m,
    GOOGLE_CLIENT_SECRET: [32m'test-client-secret'[39m,
    GOOGLE_CALLBACK_URL: [32m'http://localhost:3000/auth/google/callback'[39m
  }
}
[TEST SETUP] DB_HOST after dotenv: 127.0.0.1
process.env.DB_HOST: 127.0.0.1
[TEST SETUP] Migration setup available. Call runMigrations() if needed.

stdout | test/group-class-booking.e2e.spec.ts
[CONFIG] Test mode detected - Using database: wordpress_test
db config: {
  type: [32m'mysql'[39m,
  host: [32m'127.0.0.1'[39m,
  port: [33m3306[39m,
  username: [32m'wordpress'[39m,
  password: [32m'wordpress'[39m,
  database: [32m'wordpress_test'[39m,
  synchronize: [33mfalse[39m,
  logging: [33mfalse[39m,
  entities: [ [32m'dist/**/*.entity{.ts,.js}'[39m ],
  migrations: [ [32m'dist/migrations/*{.ts,.js}'[39m ]
}
[MIGRATIONS] Loaded 22 migrations directly (no file glob needed)

stdout | test/group-class-booking.e2e.spec.ts
[TEST SETUP] Current dir: /Users/davidcook/personal/thrive-wp/apps/nestjs
[TEST SETUP] Loading .env.test from: /Users/davidcook/personal/thrive-wp/apps/nestjs/.env.test
[TEST SETUP] dotenv result: {
  parsed: {
    DB_HOST: [32m'127.0.0.1'[39m,
    DB_PORT: [32m'3306'[39m,
    DB_USERNAME: [32m'wordpress'[39m,
    DB_PASSWORD: [32m'wordpress'[39m,
    DB_DATABASE: [32m'wordpress_test'[39m,
    SESSION_SECRET: [32m'test_session_secret_for_jwt_cookies'[39m,
    GOOGLE_CLIENT_ID: [32m'test-client-id'[39m,
    GOOGLE_CLIENT_SECRET: [32m'test-client-secret'[39m,
    GOOGLE_CALLBACK_URL: [32m'http://localhost:3000/auth/google/callback'[39m
  }
}
[TEST SETUP] DB_HOST after dotenv: 127.0.0.1
process.env.DB_HOST: 127.0.0.1
[TEST SETUP] Migration setup available. Call runMigrations() if needed.

stdout | test/payments-webhook-group-booking.e2e.spec.ts
[CONFIG] Test mode detected - Using database: wordpress_test
db config: {
  type: [32m'mysql'[39m,
  host: [32m'127.0.0.1'[39m,
  port: [33m3306[39m,
  username: [32m'wordpress'[39m,
  password: [32m'wordpress'[39m,
  database: [32m'wordpress_test'[39m,
  synchronize: [33mfalse[39m,
  logging: [33mfalse[39m,
  entities: [ [32m'dist/**/*.entity{.ts,.js}'[39m ],
  migrations: [ [32m'dist/migrations/*{.ts,.js}'[39m ]
}
[MIGRATIONS] Loaded 22 migrations directly (no file glob needed)

stdout | test/payments-webhook-group-booking.e2e.spec.ts
[TEST SETUP] Current dir: /Users/davidcook/personal/thrive-wp/apps/nestjs
[TEST SETUP] Loading .env.test from: /Users/davidcook/personal/thrive-wp/apps/nestjs/.env.test
[TEST SETUP] dotenv result: {
  parsed: {
    DB_HOST: [32m'127.0.0.1'[39m,
    DB_PORT: [32m'3306'[39m,
    DB_USERNAME: [32m'wordpress'[39m,
    DB_PASSWORD: [32m'wordpress'[39m,
    DB_DATABASE: [32m'wordpress_test'[39m,
    SESSION_SECRET: [32m'test_session_secret_for_jwt_cookies'[39m,
    GOOGLE_CLIENT_ID: [32m'test-client-id'[39m,
    GOOGLE_CLIENT_SECRET: [32m'test-client-secret'[39m,
    GOOGLE_CALLBACK_URL: [32m'http://localhost:3000/auth/google/callback'[39m
  }
}
[TEST SETUP] DB_HOST after dotenv: 127.0.0.1
process.env.DB_HOST: 127.0.0.1
[TEST SETUP] Migration setup available. Call runMigrations() if needed.

stdout | test/students-api.e2e.spec.ts
[CONFIG] Test mode detected - Using database: wordpress_test
db config: {
  type: [32m'mysql'[39m,
  host: [32m'127.0.0.1'[39m,
  port: [33m3306[39m,
  username: [32m'wordpress'[39m,
  password: [32m'wordpress'[39m,
  database: [32m'wordpress_test'[39m,
  synchronize: [33mfalse[39m,
  logging: [33mfalse[39m,
  entities: [ [32m'dist/**/*.entity{.ts,.js}'[39m ],
  migrations: [ [32m'dist/migrations/*{.ts,.js}'[39m ]
}
[MIGRATIONS] Loaded 22 migrations directly (no file glob needed)

stdout | test/students-api.e2e.spec.ts
[TEST SETUP] Current dir: /Users/davidcook/personal/thrive-wp/apps/nestjs
[TEST SETUP] Loading .env.test from: /Users/davidcook/personal/thrive-wp/apps/nestjs/.env.test
[TEST SETUP] dotenv result: {
  parsed: {
    DB_HOST: [32m'127.0.0.1'[39m,
    DB_PORT: [32m'3306'[39m,
    DB_USERNAME: [32m'wordpress'[39m,
    DB_PASSWORD: [32m'wordpress'[39m,
    DB_DATABASE: [32m'wordpress_test'[39m,
    SESSION_SECRET: [32m'test_session_secret_for_jwt_cookies'[39m,
    GOOGLE_CLIENT_ID: [32m'test-client-id'[39m,
    GOOGLE_CLIENT_SECRET: [32m'test-client-secret'[39m,
    GOOGLE_CALLBACK_URL: [32m'http://localhost:3000/auth/google/callback'[39m
  }
}
[TEST SETUP] DB_HOST after dotenv: 127.0.0.1
process.env.DB_HOST: 127.0.0.1
[TEST SETUP] Migration setup available. Call runMigrations() if needed.

stdout | test/package-booking.e2e.spec.ts
[CONFIG] Test mode detected - Using database: wordpress_test
db config: {
  type: [32m'mysql'[39m,
  host: [32m'127.0.0.1'[39m,
  port: [33m3306[39m,
  username: [32m'wordpress'[39m,
  password: [32m'wordpress'[39m,
  database: [32m'wordpress_test'[39m,
  synchronize: [33mfalse[39m,
  logging: [33mfalse[39m,
  entities: [ [32m'dist/**/*.entity{.ts,.js}'[39m ],
  migrations: [ [32m'dist/migrations/*{.ts,.js}'[39m ]
}
[MIGRATIONS] Loaded 22 migrations directly (no file glob needed)

stdout | test/package-booking.e2e.spec.ts
[TEST SETUP] Current dir: /Users/davidcook/personal/thrive-wp/apps/nestjs
[TEST SETUP] Loading .env.test from: /Users/davidcook/personal/thrive-wp/apps/nestjs/.env.test
[TEST SETUP] dotenv result: {
  parsed: {
    DB_HOST: [32m'127.0.0.1'[39m,
    DB_PORT: [32m'3306'[39m,
    DB_USERNAME: [32m'wordpress'[39m,
    DB_PASSWORD: [32m'wordpress'[39m,
    DB_DATABASE: [32m'wordpress_test'[39m,
    SESSION_SECRET: [32m'test_session_secret_for_jwt_cookies'[39m,
    GOOGLE_CLIENT_ID: [32m'test-client-id'[39m,
    GOOGLE_CLIENT_SECRET: [32m'test-client-secret'[39m,
    GOOGLE_CALLBACK_URL: [32m'http://localhost:3000/auth/google/callback'[39m
  }
}
[TEST SETUP] DB_HOST after dotenv: 127.0.0.1
process.env.DB_HOST: 127.0.0.1
[TEST SETUP] Migration setup available. Call runMigrations() if needed.

stdout | test/credit-tiers-integration.e2e.spec.ts
[CONFIG] Test mode detected - Using database: wordpress_test
db config: {
  type: [32m'mysql'[39m,
  host: [32m'127.0.0.1'[39m,
  port: [33m3306[39m,
  username: [32m'wordpress'[39m,
  password: [32m'wordpress'[39m,
  database: [32m'wordpress_test'[39m,
  synchronize: [33mfalse[39m,
  logging: [33mfalse[39m,
  entities: [ [32m'dist/**/*.entity{.ts,.js}'[39m ],
  migrations: [ [32m'dist/migrations/*{.ts,.js}'[39m ]
}
[MIGRATIONS] Loaded 22 migrations directly (no file glob needed)

stdout | test/credit-tiers-integration.e2e.spec.ts
[TEST SETUP] Current dir: /Users/davidcook/personal/thrive-wp/apps/nestjs
[TEST SETUP] Loading .env.test from: /Users/davidcook/personal/thrive-wp/apps/nestjs/.env.test
[TEST SETUP] dotenv result: {
  parsed: {
    DB_HOST: [32m'127.0.0.1'[39m,
    DB_PORT: [32m'3306'[39m,
    DB_USERNAME: [32m'wordpress'[39m,
    DB_PASSWORD: [32m'wordpress'[39m,
    DB_DATABASE: [32m'wordpress_test'[39m,
    SESSION_SECRET: [32m'test_session_secret_for_jwt_cookies'[39m,
    GOOGLE_CLIENT_ID: [32m'test-client-id'[39m,
    GOOGLE_CLIENT_SECRET: [32m'test-client-secret'[39m,
    GOOGLE_CALLBACK_URL: [32m'http://localhost:3000/auth/google/callback'[39m
  }
}
[TEST SETUP] DB_HOST after dotenv: 127.0.0.1
process.env.DB_HOST: 127.0.0.1
[TEST SETUP] Migration setup available. Call runMigrations() if needed.

stdout | test/waitlist.e2e.spec.ts
[CONFIG] Test mode detected - Using database: wordpress_test
db config: {
  type: [32m'mysql'[39m,
  host: [32m'127.0.0.1'[39m,
  port: [33m3306[39m,
  username: [32m'wordpress'[39m,
  password: [32m'wordpress'[39m,
  database: [32m'wordpress_test'[39m,
  synchronize: [33mfalse[39m,
  logging: [33mfalse[39m,
  entities: [ [32m'dist/**/*.entity{.ts,.js}'[39m ],
  migrations: [ [32m'dist/migrations/*{.ts,.js}'[39m ]
}
[MIGRATIONS] Loaded 22 migrations directly (no file glob needed)

stdout | test/waitlist.e2e.spec.ts
[TEST SETUP] Current dir: /Users/davidcook/personal/thrive-wp/apps/nestjs
[TEST SETUP] Loading .env.test from: /Users/davidcook/personal/thrive-wp/apps/nestjs/.env.test
[TEST SETUP] dotenv result: {
  parsed: {
    DB_HOST: [32m'127.0.0.1'[39m,
    DB_PORT: [32m'3306'[39m,
    DB_USERNAME: [32m'wordpress'[39m,
    DB_PASSWORD: [32m'wordpress'[39m,
    DB_DATABASE: [32m'wordpress_test'[39m,
    SESSION_SECRET: [32m'test_session_secret_for_jwt_cookies'[39m,
    GOOGLE_CLIENT_ID: [32m'test-client-id'[39m,
    GOOGLE_CLIENT_SECRET: [32m'test-client-secret'[39m,
    GOOGLE_CALLBACK_URL: [32m'http://localhost:3000/auth/google/callback'[39m
  }
}
[TEST SETUP] DB_HOST after dotenv: 127.0.0.1
process.env.DB_HOST: 127.0.0.1
[TEST SETUP] Migration setup available. Call runMigrations() if needed.

stdout | test/database.e2e.spec.ts > Database Integration (e2e)

[TEST SETUP] Running database migrations...

MigrationTestDataSource.options: {
  type: [32m'mysql'[39m,
  host: [32m'127.0.0.1'[39m,
  port: [33m3306[39m,
  username: [32m'wordpress'[39m,
  password: [32m'wordpress'[39m,
  database: [32m'wordpress_test'[39m,
  entities: [],
  migrations: [
    [36m[class InitialSchema1733770000000][39m,
    [36m[class AddPasswordHashToUsers1733771000001][39m,
    [36m[class AddTeacherAndAvailability1733772000002][39m,
    [36m[class AddAdminTable1756431459155][39m,
    [36m[class AddStudentTable1756431459156][39m,
    [36m[class AddSchedulingTables1756431459157][39m,
    [36m[class AddWaitlistTable1756431459158][39m,
    [36m[class AddPricingSystemTables1756431459159][39m,
    [36m[class RenameToStripeProductMap1756431459160][39m,
    [36m[class AddDraftStatuses1756431459161][39m,
    [36m[class AddStudentPackagesTables1759000000000][39m,
    [36m[class AddPackageFieldsToBooking1759000000001][39m,
    [36m[class AddCancellationPolicies1759000000002][39m,
    [36m[class AddGroupClassesTables1759000000003][39m,
    [36m[class AddTeacherProfileFields1759000000004][39m,
    [36m[class GroupClassMultipleLevels1759000000005][39m,
    [36m[class AddCourseProgramsTables1760000000000][39m,
    [36m[class AddServiceTypeAndTeacherTierToStripeProductMap1762000000000][39m,
    [36m[class BundlePackagesMigration1762000000010][39m,
    [36m[class AddStripeProductMapFKToStudentPackage1762000000020][39m,
    [36m[class AddPackageUseIdToBooking1762000000030][39m,
    [36m[class AddAllowanceIdToPackageUse1762000000040][39m
  ],
  synchronize: [33mfalse[39m,
  dropSchema: [33mtrue[39m,
  logging: [33mfalse[39m
}
Target DB for migrations: wordpress_test
Initializing MigrationTestDataSource...

stdout | test/payments-webhook-group-booking.e2e.spec.ts > PaymentsService - Group Session Booking via Package Purchase Webhook

[TEST SETUP] Running database migrations...

MigrationTestDataSource.options: {
  type: [32m'mysql'[39m,
  host: [32m'127.0.0.1'[39m,
  port: [33m3306[39m,
  username: [32m'wordpress'[39m,
  password: [32m'wordpress'[39m,
  database: [32m'wordpress_test'[39m,
  entities: [],
  migrations: [
    [36m[class InitialSchema1733770000000][39m,
    [36m[class AddPasswordHashToUsers1733771000001][39m,
    [36m[class AddTeacherAndAvailability1733772000002][39m,
    [36m[class AddAdminTable1756431459155][39m,
    [36m[class AddStudentTable1756431459156][39m,
    [36m[class AddSchedulingTables1756431459157][39m,
    [36m[class AddWaitlistTable1756431459158][39m,
    [36m[class AddPricingSystemTables1756431459159][39m,
    [36m[class RenameToStripeProductMap1756431459160][39m,
    [36m[class AddDraftStatuses1756431459161][39m,
    [36m[class AddStudentPackagesTables1759000000000][39m,
    [36m[class AddPackageFieldsToBooking1759000000001][39m,
    [36m[class AddCancellationPolicies1759000000002][39m,
    [36m[class AddGroupClassesTables1759000000003][39m,
    [36m[class AddTeacherProfileFields1759000000004][39m,
    [36m[class GroupClassMultipleLevels1759000000005][39m,
    [36m[class AddCourseProgramsTables1760000000000][39m,
    [36m[class AddServiceTypeAndTeacherTierToStripeProductMap1762000000000][39m,
    [36m[class BundlePackagesMigration1762000000010][39m,
    [36m[class AddStripeProductMapFKToStudentPackage1762000000020][39m,
    [36m[class AddPackageUseIdToBooking1762000000030][39m,
    [36m[class AddAllowanceIdToPackageUse1762000000040][39m
  ],
  synchronize: [33mfalse[39m,
  dropSchema: [33mtrue[39m,
  logging: [33mfalse[39m
}
Target DB for migrations: wordpress_test
Initializing MigrationTestDataSource...

stdout | test/package-booking.e2e.spec.ts > Package Booking (e2e)

[TEST SETUP] Running database migrations...

MigrationTestDataSource.options: {
  type: [32m'mysql'[39m,
  host: [32m'127.0.0.1'[39m,
  port: [33m3306[39m,
  username: [32m'wordpress'[39m,
  password: [32m'wordpress'[39m,
  database: [32m'wordpress_test'[39m,
  entities: [],
  migrations: [
    [36m[class InitialSchema1733770000000][39m,
    [36m[class AddPasswordHashToUsers1733771000001][39m,
    [36m[class AddTeacherAndAvailability1733772000002][39m,
    [36m[class AddAdminTable1756431459155][39m,
    [36m[class AddStudentTable1756431459156][39m,
    [36m[class AddSchedulingTables1756431459157][39m,
    [36m[class AddWaitlistTable1756431459158][39m,
    [36m[class AddPricingSystemTables1756431459159][39m,
    [36m[class RenameToStripeProductMap1756431459160][39m,
    [36m[class AddDraftStatuses1756431459161][39m,
    [36m[class AddStudentPackagesTables1759000000000][39m,
    [36m[class AddPackageFieldsToBooking1759000000001][39m,
    [36m[class AddCancellationPolicies1759000000002][39m,
    [36m[class AddGroupClassesTables1759000000003][39m,
    [36m[class AddTeacherProfileFields1759000000004][39m,
    [36m[class GroupClassMultipleLevels1759000000005][39m,
    [36m[class AddCourseProgramsTables1760000000000][39m,
    [36m[class AddServiceTypeAndTeacherTierToStripeProductMap1762000000000][39m,
    [36m[class BundlePackagesMigration1762000000010][39m,
    [36m[class AddStripeProductMapFKToStudentPackage1762000000020][39m,
    [36m[class AddPackageUseIdToBooking1762000000030][39m,
    [36m[class AddAllowanceIdToPackageUse1762000000040][39m
  ],
  synchronize: [33mfalse[39m,
  dropSchema: [33mtrue[39m,
  logging: [33mfalse[39m
}
Target DB for migrations: wordpress_test
Initializing MigrationTestDataSource...

stdout | test/credit-tiers-integration.e2e.spec.ts > Credit Tier System Integration (e2e)

[TEST SETUP] Running database migrations...

MigrationTestDataSource.options: {
  type: [32m'mysql'[39m,
  host: [32m'127.0.0.1'[39m,
  port: [33m3306[39m,
  username: [32m'wordpress'[39m,
  password: [32m'wordpress'[39m,
  database: [32m'wordpress_test'[39m,
  entities: [],
  migrations: [
    [36m[class InitialSchema1733770000000][39m,
    [36m[class AddPasswordHashToUsers1733771000001][39m,
    [36m[class AddTeacherAndAvailability1733772000002][39m,
    [36m[class AddAdminTable1756431459155][39m,
    [36m[class AddStudentTable1756431459156][39m,
    [36m[class AddSchedulingTables1756431459157][39m,
    [36m[class AddWaitlistTable1756431459158][39m,
    [36m[class AddPricingSystemTables1756431459159][39m,
    [36m[class RenameToStripeProductMap1756431459160][39m,
    [36m[class AddDraftStatuses1756431459161][39m,
    [36m[class AddStudentPackagesTables1759000000000][39m,
    [36m[class AddPackageFieldsToBooking1759000000001][39m,
    [36m[class AddCancellationPolicies1759000000002][39m,
    [36m[class AddGroupClassesTables1759000000003][39m,
    [36m[class AddTeacherProfileFields1759000000004][39m,
    [36m[class GroupClassMultipleLevels1759000000005][39m,
    [36m[class AddCourseProgramsTables1760000000000][39m,
    [36m[class AddServiceTypeAndTeacherTierToStripeProductMap1762000000000][39m,
    [36m[class BundlePackagesMigration1762000000010][39m,
    [36m[class AddStripeProductMapFKToStudentPackage1762000000020][39m,
    [36m[class AddPackageUseIdToBooking1762000000030][39m,
    [36m[class AddAllowanceIdToPackageUse1762000000040][39m
  ],
  synchronize: [33mfalse[39m,
  dropSchema: [33mtrue[39m,
  logging: [33mfalse[39m
}
Target DB for migrations: wordpress_test
Initializing MigrationTestDataSource...

stdout | test/students-api.e2e.spec.ts > Students API (e2e)

[TEST SETUP] Running database migrations...

MigrationTestDataSource.options: {
  type: [32m'mysql'[39m,
  host: [32m'127.0.0.1'[39m,
  port: [33m3306[39m,
  username: [32m'wordpress'[39m,
  password: [32m'wordpress'[39m,
  database: [32m'wordpress_test'[39m,
  entities: [],
  migrations: [
    [36m[class InitialSchema1733770000000][39m,
    [36m[class AddPasswordHashToUsers1733771000001][39m,
    [36m[class AddTeacherAndAvailability1733772000002][39m,
    [36m[class AddAdminTable1756431459155][39m,
    [36m[class AddStudentTable1756431459156][39m,
    [36m[class AddSchedulingTables1756431459157][39m,
    [36m[class AddWaitlistTable1756431459158][39m,
    [36m[class AddPricingSystemTables1756431459159][39m,
    [36m[class RenameToStripeProductMap1756431459160][39m,
    [36m[class AddDraftStatuses1756431459161][39m,
    [36m[class AddStudentPackagesTables1759000000000][39m,
    [36m[class AddPackageFieldsToBooking1759000000001][39m,
    [36m[class AddCancellationPolicies1759000000002][39m,
    [36m[class AddGroupClassesTables1759000000003][39m,
    [36m[class AddTeacherProfileFields1759000000004][39m,
    [36m[class GroupClassMultipleLevels1759000000005][39m,
    [36m[class AddCourseProgramsTables1760000000000][39m,
    [36m[class AddServiceTypeAndTeacherTierToStripeProductMap1762000000000][39m,
    [36m[class BundlePackagesMigration1762000000010][39m,
    [36m[class AddStripeProductMapFKToStudentPackage1762000000020][39m,
    [36m[class AddPackageUseIdToBooking1762000000030][39m,
    [36m[class AddAllowanceIdToPackageUse1762000000040][39m
  ],
  synchronize: [33mfalse[39m,
  dropSchema: [33mtrue[39m,
  logging: [33mfalse[39m
}
Target DB for migrations: wordpress_test
Initializing MigrationTestDataSource...

stdout | test/group-class-booking.e2e.spec.ts > Group Class Booking (e2e)

[TEST SETUP] Running database migrations...

MigrationTestDataSource.options: {
  type: [32m'mysql'[39m,
  host: [32m'127.0.0.1'[39m,
  port: [33m3306[39m,
  username: [32m'wordpress'[39m,
  password: [32m'wordpress'[39m,
  database: [32m'wordpress_test'[39m,
  entities: [],
  migrations: [
    [36m[class InitialSchema1733770000000][39m,
    [36m[class AddPasswordHashToUsers1733771000001][39m,
    [36m[class AddTeacherAndAvailability1733772000002][39m,
    [36m[class AddAdminTable1756431459155][39m,
    [36m[class AddStudentTable1756431459156][39m,
    [36m[class AddSchedulingTables1756431459157][39m,
    [36m[class AddWaitlistTable1756431459158][39m,
    [36m[class AddPricingSystemTables1756431459159][39m,
    [36m[class RenameToStripeProductMap1756431459160][39m,
    [36m[class AddDraftStatuses1756431459161][39m,
    [36m[class AddStudentPackagesTables1759000000000][39m,
    [36m[class AddPackageFieldsToBooking1759000000001][39m,
    [36m[class AddCancellationPolicies1759000000002][39m,
    [36m[class AddGroupClassesTables1759000000003][39m,
    [36m[class AddTeacherProfileFields1759000000004][39m,
    [36m[class GroupClassMultipleLevels1759000000005][39m,
    [36m[class AddCourseProgramsTables1760000000000][39m,
    [36m[class AddServiceTypeAndTeacherTierToStripeProductMap1762000000000][39m,
    [36m[class BundlePackagesMigration1762000000010][39m,
    [36m[class AddStripeProductMapFKToStudentPackage1762000000020][39m,
    [36m[class AddPackageUseIdToBooking1762000000030][39m,
    [36m[class AddAllowanceIdToPackageUse1762000000040][39m
  ],
  synchronize: [33mfalse[39m,
  dropSchema: [33mtrue[39m,
  logging: [33mfalse[39m
}
Target DB for migrations: wordpress_test
Initializing MigrationTestDataSource...

stdout | test/waitlist.e2e.spec.ts > Waitlist (e2e) > should allow a student to join a waitlist for a full group class session
[CONFIG] Test mode detected - Using database: wordpress_test

stdout | test/waitlist.e2e.spec.ts > Waitlist (e2e) > should allow a student to join a waitlist for a full group class session
[AppModule] Loaded 26 entities directly via import

stdout | test/waitlist.e2e.spec.ts > Waitlist (e2e) > should not allow a student to join a waitlist for a session that is not full
[CONFIG] Test mode detected - Using database: wordpress_test

stdout | test/waitlist.e2e.spec.ts > Waitlist (e2e) > should not allow a student to join a waitlist for a session that is not full
[AppModule] Loaded 26 entities directly via import

stdout | test/package-booking.e2e.spec.ts > Package Booking (e2e)
Running migrations...

stdout | test/group-class-booking.e2e.spec.ts > Group Class Booking (e2e)
Running migrations...

stdout | test/waitlist.e2e.spec.ts > Waitlist (e2e) > when a booking is cancelled, the first student on the waitlist is notified
[CONFIG] Test mode detected - Using database: wordpress_test

stdout | test/students-api.e2e.spec.ts > Students API (e2e)
Running migrations...

stdout | test/waitlist.e2e.spec.ts > Waitlist (e2e) > when a booking is cancelled, the first student on the waitlist is notified
[AppModule] Loaded 26 entities directly via import

stdout | test/credit-tiers-integration.e2e.spec.ts > Credit Tier System Integration (e2e)
Running migrations...

stdout | test/payments-webhook-group-booking.e2e.spec.ts > PaymentsService - Group Session Booking via Package Purchase Webhook
Running migrations...

stdout | test/database.e2e.spec.ts > Database Integration (e2e)
Running migrations...

stdout | test/waitlist.e2e.spec.ts > Waitlist (e2e) > admin can promote a student from the waitlist to a booking
[CONFIG] Test mode detected - Using database: wordpress_test

stdout | test/waitlist.e2e.spec.ts > Waitlist (e2e) > admin can promote a student from the waitlist to a booking
[AppModule] Loaded 26 entities directly via import

stdout | test/credit-tiers-integration.e2e.spec.ts > Credit Tier System Integration (e2e)
Migration "AddPasswordHashToUsers1733771000001" failed, error: Duplicate column name 'password_hash'

stdout | test/students-api.e2e.spec.ts > Students API (e2e)
Migration "AddPasswordHashToUsers1733771000001" failed, error: Duplicate column name 'password_hash'

stdout | test/group-class-booking.e2e.spec.ts > Group Class Booking (e2e)
Migration "AddPasswordHashToUsers1733771000001" failed, error: Duplicate column name 'password_hash'

 â¯ test/credit-tiers-integration.e2e.spec.ts (22 tests | 22 skipped) 216ms
   â†“ Credit Tier System Integration (e2e) > GET /packages/compatible-for-session/:sessionId > should return compatible packages for a private session
   â†“ Credit Tier System Integration (e2e) > GET /packages/compatible-for-session/:sessionId > should return both exact and higher-tier packages for group session
   â†“ Credit Tier System Integration (e2e) > GET /packages/compatible-for-session/:sessionId > should exclude incompatible packages (group package for private session)
   â†“ Credit Tier System Integration (e2e) > GET /packages/compatible-for-session/:sessionId > should exclude expired packages
   â†“ Credit Tier System Integration (e2e) > GET /packages/compatible-for-session/:sessionId > should exclude packages with no remaining sessions
   â†“ Credit Tier System Integration (e2e) > GET /packages/compatible-for-session/:sessionId > should handle premium teacher sessions correctly
   â†“ Credit Tier System Integration (e2e) > GET /packages/compatible-for-session/:sessionId > should return 401 when not authenticated
   â†“ Credit Tier System Integration (e2e) > GET /packages/compatible-for-session/:sessionId > should return 404 for non-existent session
   â†“ Credit Tier System Integration (e2e) > POST /payments/book-with-package (Tier Validation) > should allow booking with exact-match package
   â†“ Credit Tier System Integration (e2e) > POST /payments/book-with-package (Tier Validation) > should allow cross-tier booking with confirmation
   â†“ Credit Tier System Integration (e2e) > POST /payments/book-with-package (Tier Validation) > should reject cross-tier booking without confirmation
   â†“ Credit Tier System Integration (e2e) > POST /payments/book-with-package (Tier Validation) > should reject booking group package for private session
   â†“ Credit Tier System Integration (e2e) > POST /payments/book-with-package (Tier Validation) > should calculate correct credits for duration mismatch (60 min session, 30 min credit)
   â†“ Credit Tier System Integration (e2e) > POST /payments/book-with-package (Tier Validation) > should calculate correct credits for duration mismatch (30 min session, 60 min credit)
   â†“ Credit Tier System Integration (e2e) > POST /payments/book-with-package (Tier Validation) > should reject booking when insufficient credits
   â†“ Credit Tier System Integration (e2e) > POST /payments/book-with-package (Tier Validation) > should reject booking with expired package
   â†“ Credit Tier System Integration (e2e) > POST /payments/book-with-package (Tier Validation) > should reject standard package for premium teacher session
   â†“ Credit Tier System Integration (e2e) > POST /payments/book-with-package (Tier Validation) > should allow premium package for standard teacher session with confirmation
   â†“ Credit Tier System Integration (e2e) > Cancellation Refund (Tier System) > should refund to original package when canceling cross-tier booking
   â†“ Credit Tier System Integration (e2e) > Cancellation Refund (Tier System) > should refund correct number of credits for duration-based booking
   â†“ Credit Tier System Integration (e2e) > Edge Cases > should handle concurrent booking attempts with last credit
   â†“ Credit Tier System Integration (e2e) > Edge Cases > should handle package with missing metadata gracefully
 â¯ test/students-api.e2e.spec.ts (3 tests | 3 skipped) 214ms
   â†“ Students API (e2e) > GET /api/students/me/upcoming > should return upcoming sessions with correct teacher name
   â†“ Students API (e2e) > GET /api/students/me/upcoming > should respect limit parameter
   â†“ Students API (e2e) > GET /api/students/me/upcoming > should return empty array for student with no upcoming sessions
stdout | test/payments-webhook-group-booking.e2e.spec.ts > PaymentsService - Group Session Booking via Package Purchase Webhook
Migration "AddPasswordHashToUsers1733771000001" failed, error: Duplicate column name 'password_hash'

 â¯ test/group-class-booking.e2e.spec.ts (3 tests | 3 skipped) 222ms
   â†“ Group Class Booking (e2e) > should create a group class, generate sessions, and see them as available
   â†“ Group Class Booking (e2e) > POST /bookings > should allow a student to book a group class session
   â†“ Group Class Booking (e2e) > POST /bookings > should not allow booking a full group class session
 â¯ test/payments-webhook-group-booking.e2e.spec.ts (6 tests | 6 skipped) 244ms
   â†“ PaymentsService - Group Session Booking via Package Purchase Webhook > handlePaymentIntentSucceeded with group session booking metadata > should promote PENDING booking to CONFIRMED when payment has booking_id and session_id
   â†“ PaymentsService - Group Session Booking via Package Purchase Webhook > handlePaymentIntentSucceeded with group session booking metadata > should handle webhook when booking_id already points to CONFIRMED booking (idempotency)
   â†“ PaymentsService - Group Session Booking via Package Purchase Webhook > handlePaymentIntentSucceeded with group session booking metadata > should not process if session is not found
   â†“ PaymentsService - Group Session Booking via Package Purchase Webhook > handlePaymentIntentSucceeded with group session booking metadata > should promote session from DRAFT to SCHEDULED along with booking
   â†“ PaymentsService - Group Session Booking via Package Purchase Webhook > handlePaymentIntentSucceeded with group session booking metadata > should handle metadata with empty start_at/end_at for group bookings
   â†“ PaymentsService - Group Session Booking via Package Purchase Webhook > handlePaymentIntentSucceeded with group session booking metadata > should create PackageUse record and deduct credits when promoting booking
stdout | test/database.e2e.spec.ts > Database Integration (e2e)
Migration "AddPasswordHashToUsers1733771000001" failed, error: Duplicate column name 'password_hash'

 â¯ test/database.e2e.spec.ts (2 tests | 2 skipped) 282ms
   â†“ Database Integration (e2e) > should connect to test database
   â†“ Database Integration (e2e) > should have access to entities
 â¯ test/waitlist.e2e.spec.ts (4 tests | 4 failed) 284ms
   Ã— Waitlist (e2e) > should allow a student to join a waitlist for a full group class session 145ms
     â†’ Table 'wordpress_test.cancellation_policy' doesn't exist
   Ã— Waitlist (e2e) > should not allow a student to join a waitlist for a session that is not full 22ms
     â†’ Table 'wordpress_test.cancellation_policy' doesn't exist
   Ã— Waitlist (e2e) > when a booking is cancelled, the first student on the waitlist is notified 26ms
     â†’ Table 'wordpress_test.cancellation_policy' doesn't exist
   Ã— Waitlist (e2e) > admin can promote a student from the waitlist to a booking 91ms
     â†’ Table 'wordpress_test.cancellation_policy' doesn't exist
stdout | test/auth-google-start.e2e.spec.ts
[CONFIG] Test mode detected - Using database: wordpress_test
db config: {
  type: [32m'mysql'[39m,
  host: [32m'127.0.0.1'[39m,
  port: [33m3306[39m,
  username: [32m'wordpress'[39m,
  password: [32m'wordpress'[39m,
  database: [32m'wordpress_test'[39m,
  synchronize: [33mfalse[39m,
  logging: [33mfalse[39m,
  entities: [ [32m'dist/**/*.entity{.ts,.js}'[39m ],
  migrations: [ [32m'dist/migrations/*{.ts,.js}'[39m ]
}
[MIGRATIONS] Loaded 22 migrations directly (no file glob needed)

stdout | test/auth-google-start.e2e.spec.ts
[TEST SETUP] Current dir: /Users/davidcook/personal/thrive-wp/apps/nestjs
[TEST SETUP] Loading .env.test from: /Users/davidcook/personal/thrive-wp/apps/nestjs/.env.test
[TEST SETUP] dotenv result: {
  parsed: {
    DB_HOST: [32m'127.0.0.1'[39m,
    DB_PORT: [32m'3306'[39m,
    DB_USERNAME: [32m'wordpress'[39m,
    DB_PASSWORD: [32m'wordpress'[39m,
    DB_DATABASE: [32m'wordpress_test'[39m,
    SESSION_SECRET: [32m'test_session_secret_for_jwt_cookies'[39m,
    GOOGLE_CLIENT_ID: [32m'test-client-id'[39m,
    GOOGLE_CLIENT_SECRET: [32m'test-client-secret'[39m,
    GOOGLE_CALLBACK_URL: [32m'http://localhost:3000/auth/google/callback'[39m
  }
}
[TEST SETUP] DB_HOST after dotenv: 127.0.0.1
process.env.DB_HOST: 127.0.0.1
[TEST SETUP] Migration setup available. Call runMigrations() if needed.

stdout | test/app.e2e.spec.ts
[CONFIG] Test mode detected - Using database: wordpress_test
db config: {
  type: [32m'mysql'[39m,
  host: [32m'127.0.0.1'[39m,
  port: [33m3306[39m,
  username: [32m'wordpress'[39m,
  password: [32m'wordpress'[39m,
  database: [32m'wordpress_test'[39m,
  synchronize: [33mfalse[39m,
  logging: [33mfalse[39m,
  entities: [ [32m'dist/**/*.entity{.ts,.js}'[39m ],
  migrations: [ [32m'dist/migrations/*{.ts,.js}'[39m ]
}
[MIGRATIONS] Loaded 22 migrations directly (no file glob needed)

stdout | test/app.e2e.spec.ts
[TEST SETUP] Current dir: /Users/davidcook/personal/thrive-wp/apps/nestjs
[TEST SETUP] Loading .env.test from: /Users/davidcook/personal/thrive-wp/apps/nestjs/.env.test
[TEST SETUP] dotenv result: {
  parsed: {
    DB_HOST: [32m'127.0.0.1'[39m,
    DB_PORT: [32m'3306'[39m,
    DB_USERNAME: [32m'wordpress'[39m,
    DB_PASSWORD: [32m'wordpress'[39m,
    DB_DATABASE: [32m'wordpress_test'[39m,
    SESSION_SECRET: [32m'test_session_secret_for_jwt_cookies'[39m,
    GOOGLE_CLIENT_ID: [32m'test-client-id'[39m,
    GOOGLE_CLIENT_SECRET: [32m'test-client-secret'[39m,
    GOOGLE_CALLBACK_URL: [32m'http://localhost:3000/auth/google/callback'[39m
  }
}
[TEST SETUP] DB_HOST after dotenv: 127.0.0.1
process.env.DB_HOST: 127.0.0.1
[TEST SETUP] Migration setup available. Call runMigrations() if needed.

stdout | test/teacher-availability.e2e.spec.ts
[CONFIG] Test mode detected - Using database: wordpress_test
db config: {
  type: [32m'mysql'[39m,
  host: [32m'127.0.0.1'[39m,
  port: [33m3306[39m,
  username: [32m'wordpress'[39m,
  password: [32m'wordpress'[39m,
  database: [32m'wordpress_test'[39m,
  synchronize: [33mfalse[39m,
  logging: [33mfalse[39m,
  entities: [ [32m'dist/**/*.entity{.ts,.js}'[39m ],
  migrations: [ [32m'dist/migrations/*{.ts,.js}'[39m ]
}
[MIGRATIONS] Loaded 22 migrations directly (no file glob needed)

stdout | test/teacher-availability.e2e.spec.ts
[TEST SETUP] Current dir: /Users/davidcook/personal/thrive-wp/apps/nestjs
[TEST SETUP] Loading .env.test from: /Users/davidcook/personal/thrive-wp/apps/nestjs/.env.test
[TEST SETUP] dotenv result: {
  parsed: {
    DB_HOST: [32m'127.0.0.1'[39m,
    DB_PORT: [32m'3306'[39m,
    DB_USERNAME: [32m'wordpress'[39m,
    DB_PASSWORD: [32m'wordpress'[39m,
    DB_DATABASE: [32m'wordpress_test'[39m,
    SESSION_SECRET: [32m'test_session_secret_for_jwt_cookies'[39m,
    GOOGLE_CLIENT_ID: [32m'test-client-id'[39m,
    GOOGLE_CLIENT_SECRET: [32m'test-client-secret'[39m,
    GOOGLE_CALLBACK_URL: [32m'http://localhost:3000/auth/google/callback'[39m
  }
}
[TEST SETUP] DB_HOST after dotenv: 127.0.0.1
process.env.DB_HOST: 127.0.0.1
[TEST SETUP] Migration setup available. Call runMigrations() if needed.

stdout | src/common/types/credit-tiers.spec.ts
[CONFIG] Test mode detected - Using database: wordpress_test
db config: {
  type: [32m'mysql'[39m,
  host: [32m'127.0.0.1'[39m,
  port: [33m3306[39m,
  username: [32m'wordpress'[39m,
  password: [32m'wordpress'[39m,
  database: [32m'wordpress_test'[39m,
  synchronize: [33mfalse[39m,
  logging: [33mfalse[39m,
  entities: [ [32m'dist/**/*.entity{.ts,.js}'[39m ],
  migrations: [ [32m'dist/migrations/*{.ts,.js}'[39m ]
}
[MIGRATIONS] Loaded 22 migrations directly (no file glob needed)

stdout | src/common/types/credit-tiers.spec.ts
[TEST SETUP] Current dir: /Users/davidcook/personal/thrive-wp/apps/nestjs
[TEST SETUP] Loading .env.test from: /Users/davidcook/personal/thrive-wp/apps/nestjs/.env.test
[TEST SETUP] dotenv result: {
  parsed: {
    DB_HOST: [32m'127.0.0.1'[39m,
    DB_PORT: [32m'3306'[39m,
    DB_USERNAME: [32m'wordpress'[39m,
    DB_PASSWORD: [32m'wordpress'[39m,
    DB_DATABASE: [32m'wordpress_test'[39m,
    SESSION_SECRET: [32m'test_session_secret_for_jwt_cookies'[39m,
    GOOGLE_CLIENT_ID: [32m'test-client-id'[39m,
    GOOGLE_CLIENT_SECRET: [32m'test-client-secret'[39m,
    GOOGLE_CALLBACK_URL: [32m'http://localhost:3000/auth/google/callback'[39m
  }
}
[TEST SETUP] DB_HOST after dotenv: 127.0.0.1
process.env.DB_HOST: 127.0.0.1
[TEST SETUP] Migration setup available. Call runMigrations() if needed.

stdout | src/packages/packages.service.spec.ts
[CONFIG] Test mode detected - Using database: wordpress_test
db config: {
  type: [32m'mysql'[39m,
  host: [32m'127.0.0.1'[39m,
  port: [33m3306[39m,
  username: [32m'wordpress'[39m,
  password: [32m'wordpress'[39m,
  database: [32m'wordpress_test'[39m,
  synchronize: [33mfalse[39m,
  logging: [33mfalse[39m,
  entities: [ [32m'dist/**/*.entity{.ts,.js}'[39m ],
  migrations: [ [32m'dist/migrations/*{.ts,.js}'[39m ]
}
[MIGRATIONS] Loaded 22 migrations directly (no file glob needed)

stdout | src/packages/packages.service.spec.ts
[TEST SETUP] Current dir: /Users/davidcook/personal/thrive-wp/apps/nestjs
[TEST SETUP] Loading .env.test from: /Users/davidcook/personal/thrive-wp/apps/nestjs/.env.test
[TEST SETUP] dotenv result: {
  parsed: {
    DB_HOST: [32m'127.0.0.1'[39m,
    DB_PORT: [32m'3306'[39m,
    DB_USERNAME: [32m'wordpress'[39m,
    DB_PASSWORD: [32m'wordpress'[39m,
    DB_DATABASE: [32m'wordpress_test'[39m,
    SESSION_SECRET: [32m'test_session_secret_for_jwt_cookies'[39m,
    GOOGLE_CLIENT_ID: [32m'test-client-id'[39m,
    GOOGLE_CLIENT_SECRET: [32m'test-client-secret'[39m,
    GOOGLE_CALLBACK_URL: [32m'http://localhost:3000/auth/google/callback'[39m
  }
}
[TEST SETUP] DB_HOST after dotenv: 127.0.0.1
process.env.DB_HOST: 127.0.0.1
[TEST SETUP] Migration setup available. Call runMigrations() if needed.

stdout | src/teachers/teachers.service.spec.ts
[CONFIG] Test mode detected - Using database: wordpress_test
db config: {
  type: [32m'mysql'[39m,
  host: [32m'127.0.0.1'[39m,
  port: [33m3306[39m,
  username: [32m'wordpress'[39m,
  password: [32m'wordpress'[39m,
  database: [32m'wordpress_test'[39m,
  synchronize: [33mfalse[39m,
  logging: [33mfalse[39m,
  entities: [ [32m'dist/**/*.entity{.ts,.js}'[39m ],
  migrations: [ [32m'dist/migrations/*{.ts,.js}'[39m ]
}
[MIGRATIONS] Loaded 22 migrations directly (no file glob needed)

stdout | src/teachers/teachers.service.spec.ts
[TEST SETUP] Current dir: /Users/davidcook/personal/thrive-wp/apps/nestjs
[TEST SETUP] Loading .env.test from: /Users/davidcook/personal/thrive-wp/apps/nestjs/.env.test
[TEST SETUP] dotenv result: {
  parsed: {
    DB_HOST: [32m'127.0.0.1'[39m,
    DB_PORT: [32m'3306'[39m,
    DB_USERNAME: [32m'wordpress'[39m,
    DB_PASSWORD: [32m'wordpress'[39m,
    DB_DATABASE: [32m'wordpress_test'[39m,
    SESSION_SECRET: [32m'test_session_secret_for_jwt_cookies'[39m,
    GOOGLE_CLIENT_ID: [32m'test-client-id'[39m,
    GOOGLE_CLIENT_SECRET: [32m'test-client-secret'[39m,
    GOOGLE_CALLBACK_URL: [32m'http://localhost:3000/auth/google/callback'[39m
  }
}
[TEST SETUP] DB_HOST after dotenv: 127.0.0.1
process.env.DB_HOST: 127.0.0.1
[TEST SETUP] Migration setup available. Call runMigrations() if needed.

 â¯ src/common/types/credit-tiers.spec.ts (54 tests | 5 failed) 17ms
   âœ“ Credit Tier System > SERVICE_TYPE_BASE_TIERS > should have correct base tier values 1ms
   âœ“ Credit Tier System > getSessionTier > should calculate tier for private session with standard teacher 0ms
   âœ“ Credit Tier System > getSessionTier > should calculate tier for private session with premium teacher 0ms
   âœ“ Credit Tier System > getSessionTier > should calculate tier for group session with standard teacher 0ms
   âœ“ Credit Tier System > getSessionTier > should calculate tier for group session with premium teacher 0ms
   âœ“ Credit Tier System > getSessionTier > should calculate tier for course session 0ms
   âœ“ Credit Tier System > getSessionTier > should handle missing teacher gracefully 0ms
   âœ“ Credit Tier System > getPackageTier > should calculate tier for private package with standard teacher 0ms
   âœ“ Credit Tier System > getPackageTier > should calculate tier for private package with premium teacher 0ms
   âœ“ Credit Tier System > getPackageTier > should calculate tier for group package 0ms
   âœ“ Credit Tier System > getPackageTier > should handle missing metadata gracefully 0ms
   Ã— Credit Tier System > getPackageTier > should handle numeric teacher tier in metadata 7ms
     â†’ expected 100 to be 105 // Object.is equality
   âœ“ Credit Tier System > getPackageTier > should handle invalid teacher tier gracefully 0ms
   âœ“ Credit Tier System > canUsePackageForSession > should allow private package for private session (equal tier) 0ms
   Ã— Credit Tier System > canUsePackageForSession > should allow private package for group session (higher tier) 0ms
     â†’ expected false to be true // Object.is equality
   âœ“ Credit Tier System > canUsePackageForSession > should NOT allow group package for private session (lower tier) 0ms
   âœ“ Credit Tier System > canUsePackageForSession > should NOT allow any package for course session 0ms
   âœ“ Credit Tier System > canUsePackageForSession > should allow premium private package for standard private session 0ms
   âœ“ Credit Tier System > canUsePackageForSession > should NOT allow standard private package for premium private session 0ms
   âœ“ Credit Tier System > getPackageDisplayLabel > should return "Private Credit" for standard private package 0ms
   âœ“ Credit Tier System > getPackageDisplayLabel > should return "Premium Private Credit" for premium private package 0ms
   âœ“ Credit Tier System > getPackageDisplayLabel > should return "Group Credit" for standard group package 0ms
   âœ“ Credit Tier System > getPackageDisplayLabel > should return "Premium Group Credit" for premium group package 0ms
   âœ“ Credit Tier System > getPackageDisplayLabel > should return "Course Credit" for course package 0ms
   âœ“ Credit Tier System > getPackageDisplayLabel > should handle missing metadata 0ms
   Ã— Credit Tier System > isCrossTierBooking > should return true when using private credit for group session 0ms
     â†’ expected false to be true // Object.is equality
   âœ“ Credit Tier System > isCrossTierBooking > should return false when using private credit for private session 0ms
   âœ“ Credit Tier System > isCrossTierBooking > should return false when using group credit for group session 0ms
   âœ“ Credit Tier System > isCrossTierBooking > should return false for invalid tier combinations 0ms
   âœ“ Credit Tier System > isCrossTierBooking > should return true when using premium private for standard private 0ms
   Ã— Credit Tier System > getCrossTierWarningMessage > should return warning message for private credit used for group class 3ms
     â†’ the given combination of arguments (null and string) is invalid for this assertion. You can use an array, a map, an object, a set, a string, or a weakset instead of a string
   âœ“ Credit Tier System > getCrossTierWarningMessage > should return null for same-tier booking 0ms
   âœ“ Credit Tier System > getCrossTierWarningMessage > should return warning for premium private used for standard private 0ms
   âœ“ Credit Tier System > calculateCreditsRequired > should return 1 for exact match (60 min session, 60 min credit) 0ms
   âœ“ Credit Tier System > calculateCreditsRequired > should return 2 for double duration (60 min session, 30 min credit) 0ms
   âœ“ Credit Tier System > calculateCreditsRequired > should round up for partial credit (45 min session, 60 min credit) 0ms
   âœ“ Credit Tier System > calculateCreditsRequired > should round up for partial credit (90 min session, 60 min credit) 0ms
   âœ“ Credit Tier System > calculateCreditsRequired > should handle 30 min credit unit correctly 0ms
   âœ“ Credit Tier System > calculateCreditsRequired > should handle edge case of 1 minute over 0ms
   âœ“ Credit Tier System > hasDurationMismatch > should return false for exact match 0ms
   âœ“ Credit Tier System > hasDurationMismatch > should return true for mismatch (session shorter than credit) 0ms
   âœ“ Credit Tier System > hasDurationMismatch > should return true for mismatch (session longer than credit) 0ms
   âœ“ Credit Tier System > hasDurationMismatch > should return true for any non-exact match 0ms
   âœ“ Credit Tier System > getDurationMismatchWarning > should return null for exact match 0ms
   âœ“ Credit Tier System > getDurationMismatchWarning > should warn about unused minutes when session is shorter 0ms
   âœ“ Credit Tier System > getDurationMismatchWarning > should warn about multiple credits when session is longer 0ms
   âœ“ Credit Tier System > getDurationMismatchWarning > should handle 30-min credit for 60-min session 0ms
   âœ“ Credit Tier System > getDurationMismatchWarning > should handle partial credit usage correctly 0ms
   Ã— Credit Tier System > Integration scenarios > Scenario: Student uses private credit for group class 0ms
     â†’ expected false to be true // Object.is equality
   âœ“ Credit Tier System > Integration scenarios > Scenario: Student tries to use group credit for private class 0ms
   âœ“ Credit Tier System > Integration scenarios > Scenario: 60-min credit for 30-min session 0ms
   âœ“ Credit Tier System > Integration scenarios > Scenario: 30-min credit for 60-min session 0ms
   âœ“ Credit Tier System > Integration scenarios > Scenario: Premium teacher requires premium package 1ms
   âœ“ Credit Tier System > Integration scenarios > Scenario: Premium package can book standard teacher 0ms
stdout | src/packages/packages.service.spec.ts > PackagesService > getActivePackagesForStudent > should return active packages for a student
Fetching active packages for student [33m1[39m

stdout | src/packages/packages.service.spec.ts > PackagesService > getActivePackagesForStudent > should return active packages for a student
withremaining [
  {
    id: [33m1[39m,
    packageName: [32m'5-class pack'[39m,
    totalSessions: [33m5[39m,
    remainingSessions: [33m3[39m,
    purchasedAt: [32m'2025-10-24T18:29:47.827Z'[39m,
    expiresAt: [32m'2025-10-25T18:29:47.827Z'[39m,
    allowances: []
  }
]

stdout | src/packages/packages.service.spec.ts > PackagesService > getActivePackagesForStudent > should filter out expired packages
Fetching active packages for student [33m1[39m

stdout | src/packages/packages.service.spec.ts > PackagesService > getActivePackagesForStudent > should filter out expired packages
withremaining []

stdout | src/packages/packages.service.spec.ts > PackagesService > getActivePackagesForStudent > should filter out packages with no remaining sessions
Fetching active packages for student [33m1[39m

stdout | src/packages/packages.service.spec.ts > PackagesService > getActivePackagesForStudent > should filter out packages with no remaining sessions
withremaining [
  {
    id: [33m1[39m,
    packageName: [32m'Used up pack'[39m,
    totalSessions: [33m5[39m,
    remainingSessions: [33m0[39m,
    purchasedAt: [32m'2025-10-24T18:29:47.833Z'[39m,
    expiresAt: [1mnull[22m,
    allowances: []
  }
]

 â¯ src/packages/packages.service.spec.ts (10 tests | 4 failed) 29ms
   âœ“ PackagesService > should be defined 9ms
   Ã— PackagesService > getActivePackagesForStudent > should return active packages for a student 5ms
     â†’ expected { id: 1, â€¦(6) } to have property "creditUnitMinutes"
   âœ“ PackagesService > getActivePackagesForStudent > should filter out expired packages 1ms
   âœ“ PackagesService > getActivePackagesForStudent > should filter out packages with no remaining sessions 1ms
   âœ“ PackagesService > usePackageForSession > should successfully use package for session with happy path 2ms
   Ã— PackagesService > usePackageForSession > should throw NotFoundException when package not found 4ms
     â†’ expected error to be instance of NotFoundException
   Ã— PackagesService > usePackageForSession > should throw BadRequestException when no remaining sessions 1ms
     â†’ expected error to be instance of BadRequestException
   Ã— PackagesService > usePackageForSession > should throw BadRequestException when package is expired 1ms
     â†’ expected error to be instance of BadRequestException
   âœ“ PackagesService > linkUseToBooking > should successfully link use to booking 1ms
   âœ“ PackagesService > linkUseToBooking > should return null when use not found 1ms
stdout | test/package-booking.e2e.spec.ts > Package Booking (e2e)
âœ“ Migration complete:
  - Created 0 package allowances

stdout | src/teachers/teachers.service.spec.ts > TeachersService > previewTeacherAvailability > should generate correct preview windows for spanning rules
Found availabilities: [
  {
    id: [33m1[39m,
    teacherId: [33m1[39m,
    kind: [32m'RECURRING'[39m,
    weekday: [33m3[39m,
    startTimeMinutes: [33m1080[39m,
    endTimeMinutes: [33m1680[39m,
    isActive: [33mtrue[39m,
    createdAt: [35m2025-10-24T18:29:47.860Z[39m,
    updatedAt: [35m2025-10-24T18:29:47.860Z[39m
  }
]

stdout | src/teachers/teachers.service.spec.ts > TeachersService > previewTeacherAvailability > should generate correct preview windows for normal rules
Found availabilities: [
  {
    id: [33m1[39m,
    teacherId: [33m1[39m,
    kind: [32m'RECURRING'[39m,
    weekday: [33m1[39m,
    startTimeMinutes: [33m540[39m,
    endTimeMinutes: [33m1020[39m,
    isActive: [33mtrue[39m,
    createdAt: [35m2025-10-24T18:29:47.898Z[39m,
    updatedAt: [35m2025-10-24T18:29:47.898Z[39m
  }
]

stdout | src/teachers/teachers.service.spec.ts > TeachersService > previewTeacherAvailability > should handle multiple days with spanning rules
Found availabilities: [
  {
    id: [33m1[39m,
    teacherId: [33m1[39m,
    kind: [32m'RECURRING'[39m,
    weekday: [33m3[39m,
    startTimeMinutes: [33m1080[39m,
    endTimeMinutes: [33m1680[39m,
    isActive: [33mtrue[39m,
    createdAt: [35m2025-10-24T18:29:47.900Z[39m,
    updatedAt: [35m2025-10-24T18:29:47.900Z[39m
  }
]

stdout | src/teachers/teachers.service.spec.ts > TeachersService > previewTeacherAvailability > should throw BadRequestException for range exceeding 90 days
Found availabilities: []

 â¯ src/teachers/teachers.service.spec.ts (11 tests) 36ms
   âœ“ TeachersService > should be defined 9ms
   âœ“ TeachersService > updateTeacherAvailability > should handle rules that span midnight 6ms
   âœ“ TeachersService > updateTeacherAvailability > should handle normal rules without spanning 4ms
   âœ“ TeachersService > updateTeacherAvailability > should handle exceptions that span midnight 3ms
   âœ“ TeachersService > updateTeacherAvailability > should throw NotFoundException if teacher not found 2ms
   âœ“ TeachersService > getTeacherAvailability > should return wrapped endTime for spanning rules 1ms
   âœ“ TeachersService > previewTeacherAvailability > should generate correct preview windows for spanning rules 3ms
   âœ“ TeachersService > previewTeacherAvailability > should generate correct preview windows for normal rules 4ms
   âœ“ TeachersService > previewTeacherAvailability > should handle multiple days with spanning rules 2ms
   âœ“ TeachersService > previewTeacherAvailability > should throw NotFoundException if teacher not found 1ms
   âœ“ TeachersService > previewTeacherAvailability > should throw BadRequestException for range exceeding 90 days 0ms
stdout | test/payments-session-booking.e2e.spec.ts
[CONFIG] Test mode detected - Using database: wordpress_test
db config: {
  type: [32m'mysql'[39m,
  host: [32m'127.0.0.1'[39m,
  port: [33m3306[39m,
  username: [32m'wordpress'[39m,
  password: [32m'wordpress'[39m,
  database: [32m'wordpress_test'[39m,
  synchronize: [33mfalse[39m,
  logging: [33mfalse[39m,
  entities: [ [32m'dist/**/*.entity{.ts,.js}'[39m ],
  migrations: [ [32m'dist/migrations/*{.ts,.js}'[39m ]
}
[MIGRATIONS] Loaded 22 migrations directly (no file glob needed)

stdout | test/payments-session-booking.e2e.spec.ts
[TEST SETUP] Current dir: /Users/davidcook/personal/thrive-wp/apps/nestjs
[TEST SETUP] Loading .env.test from: /Users/davidcook/personal/thrive-wp/apps/nestjs/.env.test
[TEST SETUP] dotenv result: {
  parsed: {
    DB_HOST: [32m'127.0.0.1'[39m,
    DB_PORT: [32m'3306'[39m,
    DB_USERNAME: [32m'wordpress'[39m,
    DB_PASSWORD: [32m'wordpress'[39m,
    DB_DATABASE: [32m'wordpress_test'[39m,
    SESSION_SECRET: [32m'test_session_secret_for_jwt_cookies'[39m,
    GOOGLE_CLIENT_ID: [32m'test-client-id'[39m,
    GOOGLE_CLIENT_SECRET: [32m'test-client-secret'[39m,
    GOOGLE_CALLBACK_URL: [32m'http://localhost:3000/auth/google/callback'[39m
  }
}
[TEST SETUP] DB_HOST after dotenv: 127.0.0.1
process.env.DB_HOST: 127.0.0.1
[TEST SETUP] Migration setup available. Call runMigrations() if needed.

stdout | test/teacher-availability.e2e.spec.ts > TeacherAvailabilityService (e2e)

[TEST SETUP] Running database migrations...

MigrationTestDataSource.options: {
  type: [32m'mysql'[39m,
  host: [32m'127.0.0.1'[39m,
  port: [33m3306[39m,
  username: [32m'wordpress'[39m,
  password: [32m'wordpress'[39m,
  database: [32m'wordpress_test'[39m,
  entities: [],
  migrations: [
    [36m[class InitialSchema1733770000000][39m,
    [36m[class AddPasswordHashToUsers1733771000001][39m,
    [36m[class AddTeacherAndAvailability1733772000002][39m,
    [36m[class AddAdminTable1756431459155][39m,
    [36m[class AddStudentTable1756431459156][39m,
    [36m[class AddSchedulingTables1756431459157][39m,
    [36m[class AddWaitlistTable1756431459158][39m,
    [36m[class AddPricingSystemTables1756431459159][39m,
    [36m[class RenameToStripeProductMap1756431459160][39m,
    [36m[class AddDraftStatuses1756431459161][39m,
    [36m[class AddStudentPackagesTables1759000000000][39m,
    [36m[class AddPackageFieldsToBooking1759000000001][39m,
    [36m[class AddCancellationPolicies1759000000002][39m,
    [36m[class AddGroupClassesTables1759000000003][39m,
    [36m[class AddTeacherProfileFields1759000000004][39m,
    [36m[class GroupClassMultipleLevels1759000000005][39m,
    [36m[class AddCourseProgramsTables1760000000000][39m,
    [36m[class AddServiceTypeAndTeacherTierToStripeProductMap1762000000000][39m,
    [36m[class BundlePackagesMigration1762000000010][39m,
    [36m[class AddStripeProductMapFKToStudentPackage1762000000020][39m,
    [36m[class AddPackageUseIdToBooking1762000000030][39m,
    [36m[class AddAllowanceIdToPackageUse1762000000040][39m
  ],
  synchronize: [33mfalse[39m,
  dropSchema: [33mtrue[39m,
  logging: [33mfalse[39m
}
Target DB for migrations: wordpress_test
Initializing MigrationTestDataSource...

stdout | test/app.e2e.spec.ts > AppController (e2e) > / (GET)
[CONFIG] Test mode detected - Using database: wordpress_test

stdout | test/auth-google-start.e2e.spec.ts > Auth Google Start Redirect (e2e)
[CONFIG] Test mode detected - Using database: wordpress_test

stdout | test/app.e2e.spec.ts > AppController (e2e) > / (GET)
[AppModule] Loaded 26 entities directly via import

stdout | test/auth-google-start.e2e.spec.ts > Auth Google Start Redirect (e2e)
[AppModule] Loaded 26 entities directly via import

stdout | test/package-booking.e2e.spec.ts > Package Booking (e2e)
Migrations complete.

stdout | test/package-booking.e2e.spec.ts > Package Booking (e2e)
MigrationTestDataSource destroyed.

stdout | test/package-booking.e2e.spec.ts > Package Booking (e2e) > GET /packages/my-credits > should return student credits
[CONFIG] Test mode detected - Using database: wordpress_test

stdout | test/auth-google-start.e2e.spec.ts > Auth Google Start Redirect (e2e)

[TEST SETUP] Running database migrations...

MigrationTestDataSource.options: {
  type: [32m'mysql'[39m,
  host: [32m'127.0.0.1'[39m,
  port: [33m3306[39m,
  username: [32m'wordpress'[39m,
  password: [32m'wordpress'[39m,
  database: [32m'wordpress_test'[39m,
  entities: [],
  migrations: [
    [36m[class InitialSchema1733770000000][39m,
    [36m[class AddPasswordHashToUsers1733771000001][39m,
    [36m[class AddTeacherAndAvailability1733772000002][39m,
    [36m[class AddAdminTable1756431459155][39m,
    [36m[class AddStudentTable1756431459156][39m,
    [36m[class AddSchedulingTables1756431459157][39m,
    [36m[class AddWaitlistTable1756431459158][39m,
    [36m[class AddPricingSystemTables1756431459159][39m,
    [36m[class RenameToStripeProductMap1756431459160][39m,
    [36m[class AddDraftStatuses1756431459161][39m,
    [36m[class AddStudentPackagesTables1759000000000][39m,
    [36m[class AddPackageFieldsToBooking1759000000001][39m,
    [36m[class AddCancellationPolicies1759000000002][39m,
    [36m[class AddGroupClassesTables1759000000003][39m,
    [36m[class AddTeacherProfileFields1759000000004][39m,
    [36m[class GroupClassMultipleLevels1759000000005][39m,
    [36m[class AddCourseProgramsTables1760000000000][39m,
    [36m[class AddServiceTypeAndTeacherTierToStripeProductMap1762000000000][39m,
    [36m[class BundlePackagesMigration1762000000010][39m,
    [36m[class AddStripeProductMapFKToStudentPackage1762000000020][39m,
    [36m[class AddPackageUseIdToBooking1762000000030][39m,
    [36m[class AddAllowanceIdToPackageUse1762000000040][39m
  ],
  synchronize: [33mfalse[39m,
  dropSchema: [33mtrue[39m,
  logging: [33mfalse[39m
}
Target DB for migrations: wordpress_test
Initializing MigrationTestDataSource...

stdout | test/database-connection.e2e.spec.ts
[CONFIG] Test mode detected - Using database: wordpress_test
db config: {
  type: [32m'mysql'[39m,
  host: [32m'127.0.0.1'[39m,
  port: [33m3306[39m,
  username: [32m'wordpress'[39m,
  password: [32m'wordpress'[39m,
  database: [32m'wordpress_test'[39m,
  synchronize: [33mfalse[39m,
  logging: [33mfalse[39m,
  entities: [ [32m'dist/**/*.entity{.ts,.js}'[39m ],
  migrations: [ [32m'dist/migrations/*{.ts,.js}'[39m ]
}
[MIGRATIONS] Loaded 22 migrations directly (no file glob needed)

stdout | test/database-connection.e2e.spec.ts
[TEST SETUP] Current dir: /Users/davidcook/personal/thrive-wp/apps/nestjs
[TEST SETUP] Loading .env.test from: /Users/davidcook/personal/thrive-wp/apps/nestjs/.env.test
[TEST SETUP] dotenv result: {
  parsed: {
    DB_HOST: [32m'127.0.0.1'[39m,
    DB_PORT: [32m'3306'[39m,
    DB_USERNAME: [32m'wordpress'[39m,
    DB_PASSWORD: [32m'wordpress'[39m,
    DB_DATABASE: [32m'wordpress_test'[39m,
    SESSION_SECRET: [32m'test_session_secret_for_jwt_cookies'[39m,
    GOOGLE_CLIENT_ID: [32m'test-client-id'[39m,
    GOOGLE_CLIENT_SECRET: [32m'test-client-secret'[39m,
    GOOGLE_CALLBACK_URL: [32m'http://localhost:3000/auth/google/callback'[39m
  }
}
[TEST SETUP] DB_HOST after dotenv: 127.0.0.1
process.env.DB_HOST: 127.0.0.1
[TEST SETUP] Migration setup available. Call runMigrations() if needed.

stdout | test/package-booking.e2e.spec.ts > Package Booking (e2e) > GET /packages/my-credits > should return student credits
[AppModule] Loaded 26 entities directly via import

 â¯ test/app.e2e.spec.ts (1 test | 1 failed) 126ms
   Ã— AppController (e2e) > / (GET) 125ms
     â†’ getHttpServer is not defined
stdout | src/sessions/services/sessions.service.spec.ts
[CONFIG] Test mode detected - Using database: wordpress_test
db config: {
  type: [32m'mysql'[39m,
  host: [32m'127.0.0.1'[39m,
  port: [33m3306[39m,
  username: [32m'wordpress'[39m,
  password: [32m'wordpress'[39m,
  database: [32m'wordpress_test'[39m,
  synchronize: [33mfalse[39m,
  logging: [33mfalse[39m,
  entities: [ [32m'dist/**/*.entity{.ts,.js}'[39m ],
  migrations: [ [32m'dist/migrations/*{.ts,.js}'[39m ]
}
[MIGRATIONS] Loaded 22 migrations directly (no file glob needed)

stdout | src/sessions/services/sessions.service.spec.ts
[TEST SETUP] Current dir: /Users/davidcook/personal/thrive-wp/apps/nestjs
[TEST SETUP] Loading .env.test from: /Users/davidcook/personal/thrive-wp/apps/nestjs/.env.test
[TEST SETUP] dotenv result: {
  parsed: {
    DB_HOST: [32m'127.0.0.1'[39m,
    DB_PORT: [32m'3306'[39m,
    DB_USERNAME: [32m'wordpress'[39m,
    DB_PASSWORD: [32m'wordpress'[39m,
    DB_DATABASE: [32m'wordpress_test'[39m,
    SESSION_SECRET: [32m'test_session_secret_for_jwt_cookies'[39m,
    GOOGLE_CLIENT_ID: [32m'test-client-id'[39m,
    GOOGLE_CLIENT_SECRET: [32m'test-client-secret'[39m,
    GOOGLE_CALLBACK_URL: [32m'http://localhost:3000/auth/google/callback'[39m
  }
}
[TEST SETUP] DB_HOST after dotenv: 127.0.0.1
process.env.DB_HOST: 127.0.0.1
[TEST SETUP] Migration setup available. Call runMigrations() if needed.

stdout | test/package-booking.e2e.spec.ts > Package Booking (e2e) > GET /packages/my-credits > should return 401 when user not authenticated
[CONFIG] Test mode detected - Using database: wordpress_test

stdout | test/package-booking.e2e.spec.ts > Package Booking (e2e) > GET /packages/my-credits > should return 401 when user not authenticated
[AppModule] Loaded 26 entities directly via import

stdout | test/package-booking.e2e.spec.ts > Package Booking (e2e) > POST /payments/book-with-package > should successfully book session with package credit
[CONFIG] Test mode detected - Using database: wordpress_test

stdout | test/package-booking.e2e.spec.ts > Package Booking (e2e) > POST /payments/book-with-package > should successfully book session with package credit
[AppModule] Loaded 26 entities directly via import

stdout | test/package-booking.e2e.spec.ts > Package Booking (e2e) > POST /payments/book-with-package > should return 400 when package has no remaining sessions
[CONFIG] Test mode detected - Using database: wordpress_test

stdout | test/package-booking.e2e.spec.ts > Package Booking (e2e) > POST /payments/book-with-package > should return 400 when package has no remaining sessions
[AppModule] Loaded 26 entities directly via import

stdout | test/teacher-availability.e2e.spec.ts > TeacherAvailabilityService (e2e)
Running migrations...

stdout | test/auth-google-start.e2e.spec.ts > Auth Google Start Redirect (e2e)
Running migrations...

stdout | test/package-booking.e2e.spec.ts > Package Booking (e2e) > POST /payments/book-with-package > should return 404 when package not found
[CONFIG] Test mode detected - Using database: wordpress_test

stdout | test/package-booking.e2e.spec.ts > Package Booking (e2e) > POST /payments/book-with-package > should return 404 when package not found
[AppModule] Loaded 26 entities directly via import

stdout | test/package-booking.e2e.spec.ts > Package Booking (e2e) > POST /payments/book-with-package > should return 400 when package is expired
[CONFIG] Test mode detected - Using database: wordpress_test

stdout | test/package-booking.e2e.spec.ts > Package Booking (e2e) > POST /payments/book-with-package > should return 400 when package is expired
[AppModule] Loaded 26 entities directly via import

stdout | src/sessions/services/sessions.service.spec.ts > SessionsService > validateAvailability > should throw BadRequestException on database error
Error validating session: Error: Database connection failed
    at [90m/Users/davidcook/personal/thrive-wp/apps/nestjs/[39msrc/sessions/services/sessions.service.spec.ts:189:9
    at file:///Users/davidcook/personal/thrive-wp/node_modules/[4m@vitest[24m/runner/dist/chunk-hooks.js:155:11
    at file:///Users/davidcook/personal/thrive-wp/node_modules/[4m@vitest[24m/runner/dist/chunk-hooks.js:752:26
    at file:///Users/davidcook/personal/thrive-wp/node_modules/[4m@vitest[24m/runner/dist/chunk-hooks.js:1897:20
    at new Promise (<anonymous>)
    at runWithTimeout (file:///Users/davidcook/personal/thrive-wp/node_modules/[4m@vitest[24m/runner/dist/chunk-hooks.js:1863:10)
    at runTest (file:///Users/davidcook/personal/thrive-wp/node_modules/[4m@vitest[24m/runner/dist/chunk-hooks.js:1574:12)
[90m    at processTicksAndRejections (node:internal/process/task_queues:105:5)[39m
    at runSuite (file:///Users/davidcook/personal/thrive-wp/node_modules/[4m@vitest[24m/runner/dist/chunk-hooks.js:1729:8)
    at runSuite (file:///Users/davidcook/personal/thrive-wp/node_modules/[4m@vitest[24m/runner/dist/chunk-hooks.js:1729:8)

stdout | test/teacher-availability.e2e.spec.ts > TeacherAvailabilityService (e2e)
Migration "AddPasswordHashToUsers1733771000001" failed, error: Duplicate column name 'password_hash'

 âœ“ src/sessions/services/sessions.service.spec.ts (8 tests) 16ms
 â¯ test/teacher-availability.e2e.spec.ts (13 tests | 13 skipped) 465ms
   â†“ TeacherAvailabilityService (e2e) > validateAvailability > should validate successfully when teacher has ONE_OFF availability
   â†“ TeacherAvailabilityService (e2e) > validateAvailability > should validate successfully when teacher has RECURRING availability
   â†“ TeacherAvailabilityService (e2e) > validateAvailability > should fail when teacher has a blackout during requested time
   â†“ TeacherAvailabilityService (e2e) > validateAvailability > should fail when teacher has a conflicting booking
   â†“ TeacherAvailabilityService (e2e) > validateAvailability > should fail when teacher is inactive
   â†“ TeacherAvailabilityService (e2e) > validateAvailability > should fail when teacher does not exist
   â†“ TeacherAvailabilityService (e2e) > validateAvailability > should fail when teacher has no availability
   â†“ TeacherAvailabilityService (e2e) > validateAvailability > should fail when RECURRING availability weekday does not match
   â†“ TeacherAvailabilityService (e2e) > validateAvailability > should fail when RECURRING availability time does not match
   â†“ TeacherAvailabilityService (e2e) > previewTeacherAvailability (integration) > should correctly exclude time slots that overlap with scheduled sessions
   â†“ TeacherAvailabilityService (e2e) > previewTeacherAvailability (integration) > should include full availability when no sessions are scheduled
   â†“ TeacherAvailabilityService (e2e) > previewTeacherAvailability (integration) > should exclude time slots that overlap with blackouts
   â†“ TeacherAvailabilityService (e2e) > previewTeacherAvailability (integration) > should handle multiple teachers with different availabilities and bookings
stdout | test/package-booking.e2e.spec.ts > Package Booking (e2e) > POST /payments/book-with-package > should return 400 with invalid request body
[CONFIG] Test mode detected - Using database: wordpress_test

stdout | test/package-booking.e2e.spec.ts > Package Booking (e2e) > POST /payments/book-with-package > should return 400 with invalid request body
[AppModule] Loaded 26 entities directly via import

stdout | src/users/users.service.spec.ts
[CONFIG] Test mode detected - Using database: wordpress_test
db config: {
  type: [32m'mysql'[39m,
  host: [32m'127.0.0.1'[39m,
  port: [33m3306[39m,
  username: [32m'wordpress'[39m,
  password: [32m'wordpress'[39m,
  database: [32m'wordpress_test'[39m,
  synchronize: [33mfalse[39m,
  logging: [33mfalse[39m,
  entities: [ [32m'dist/**/*.entity{.ts,.js}'[39m ],
  migrations: [ [32m'dist/migrations/*{.ts,.js}'[39m ]
}
[MIGRATIONS] Loaded 22 migrations directly (no file glob needed)

stdout | src/users/users.service.spec.ts
[TEST SETUP] Current dir: /Users/davidcook/personal/thrive-wp/apps/nestjs
[TEST SETUP] Loading .env.test from: /Users/davidcook/personal/thrive-wp/apps/nestjs/.env.test
[TEST SETUP] dotenv result: {
  parsed: {
    DB_HOST: [32m'127.0.0.1'[39m,
    DB_PORT: [32m'3306'[39m,
    DB_USERNAME: [32m'wordpress'[39m,
    DB_PASSWORD: [32m'wordpress'[39m,
    DB_DATABASE: [32m'wordpress_test'[39m,
    SESSION_SECRET: [32m'test_session_secret_for_jwt_cookies'[39m,
    GOOGLE_CLIENT_ID: [32m'test-client-id'[39m,
    GOOGLE_CLIENT_SECRET: [32m'test-client-secret'[39m,
    GOOGLE_CALLBACK_URL: [32m'http://localhost:3000/auth/google/callback'[39m
  }
}
[TEST SETUP] DB_HOST after dotenv: 127.0.0.1
process.env.DB_HOST: 127.0.0.1
[TEST SETUP] Migration setup available. Call runMigrations() if needed.

stdout | test/payments-session-booking.e2e.spec.ts > PaymentsService.createSessionAndBookingFromMetadata (e2e)

[TEST SETUP] Running database migrations...

MigrationTestDataSource.options: {
  type: [32m'mysql'[39m,
  host: [32m'127.0.0.1'[39m,
  port: [33m3306[39m,
  username: [32m'wordpress'[39m,
  password: [32m'wordpress'[39m,
  database: [32m'wordpress_test'[39m,
  entities: [],
  migrations: [
    [36m[class InitialSchema1733770000000][39m,
    [36m[class AddPasswordHashToUsers1733771000001][39m,
    [36m[class AddTeacherAndAvailability1733772000002][39m,
    [36m[class AddAdminTable1756431459155][39m,
    [36m[class AddStudentTable1756431459156][39m,
    [36m[class AddSchedulingTables1756431459157][39m,
    [36m[class AddWaitlistTable1756431459158][39m,
    [36m[class AddPricingSystemTables1756431459159][39m,
    [36m[class RenameToStripeProductMap1756431459160][39m,
    [36m[class AddDraftStatuses1756431459161][39m,
    [36m[class AddStudentPackagesTables1759000000000][39m,
    [36m[class AddPackageFieldsToBooking1759000000001][39m,
    [36m[class AddCancellationPolicies1759000000002][39m,
    [36m[class AddGroupClassesTables1759000000003][39m,
    [36m[class AddTeacherProfileFields1759000000004][39m,
    [36m[class GroupClassMultipleLevels1759000000005][39m,
    [36m[class AddCourseProgramsTables1760000000000][39m,
    [36m[class AddServiceTypeAndTeacherTierToStripeProductMap1762000000000][39m,
    [36m[class BundlePackagesMigration1762000000010][39m,
    [36m[class AddStripeProductMapFKToStudentPackage1762000000020][39m,
    [36m[class AddPackageUseIdToBooking1762000000030][39m,
    [36m[class AddAllowanceIdToPackageUse1762000000040][39m
  ],
  synchronize: [33mfalse[39m,
  dropSchema: [33mtrue[39m,
  logging: [33mfalse[39m
}
Target DB for migrations: wordpress_test
Initializing MigrationTestDataSource...

stdout | test/package-booking.e2e.spec.ts > Package Booking (e2e) > POST /packages/:id/use with bookingData > should successfully create session and book with package
[CONFIG] Test mode detected - Using database: wordpress_test

stdout | test/package-booking.e2e.spec.ts > Package Booking (e2e) > POST /packages/:id/use with bookingData > should successfully create session and book with package
[AppModule] Loaded 26 entities directly via import

stdout | test/package-booking.e2e.spec.ts > Package Booking (e2e) > Concurrency test for POST /bookings > should handle concurrent booking requests correctly
[CONFIG] Test mode detected - Using database: wordpress_test

stdout | test/package-booking.e2e.spec.ts > Package Booking (e2e) > Concurrency test for POST /bookings > should handle concurrent booking requests correctly
[AppModule] Loaded 26 entities directly via import

stdout | test/auth-google-start.e2e.spec.ts > Auth Google Start Redirect (e2e)
Migration "AddSchedulingTables1756431459157" failed, error: Can't create table `wordpress_test`.`course_teacher` (errno: 150 "Foreign key constraint is incorrectly formed")

 â¯ test/auth-google-start.e2e.spec.ts (3 tests | 3 skipped) 646ms
   â†“ Auth Google Start Redirect (e2e) > stores same-origin redirect path when provided as absolute URL
   â†“ Auth Google Start Redirect (e2e) > preserves already-encoded query values without normalizing them
   â†“ Auth Google Start Redirect (e2e) > ignores redirects for other origins
 â¯ test/package-booking.e2e.spec.ts (9 tests | 9 failed) 2206ms
   Ã— Package Booking (e2e) > GET /packages/my-credits > should return student credits 167ms
     â†’ Table 'wordpress_test.package_allowance' doesn't exist
   Ã— Package Booking (e2e) > GET /packages/my-credits > should return 401 when user not authenticated 68ms
     â†’ Table 'wordpress_test.cancellation_policy' doesn't exist
   Ã— Package Booking (e2e) > POST /payments/book-with-package > should successfully book session with package credit 45ms
     â†’ Table 'wordpress_test.stripe_product_map' doesn't exist
   Ã— Package Booking (e2e) > POST /payments/book-with-package > should return 400 when package has no remaining sessions 29ms
     â†’ Table 'wordpress_test.user' doesn't exist
   Ã— Package Booking (e2e) > POST /payments/book-with-package > should return 404 when package not found 31ms
     â†’ Unknown column 'User.password_hash' in 'SELECT'
   Ã— Package Booking (e2e) > POST /payments/book-with-package > should return 400 when package is expired 55ms
     â†’ Table 'wordpress_test.student' doesn't exist
   Ã— Package Booking (e2e) > POST /payments/book-with-package > should return 400 with invalid request body 101ms
     â†’ Unknown column 'Student.stripe_customer_id' in 'SELECT'
   Ã— Package Booking (e2e) > POST /packages/:id/use with bookingData > should successfully create session and book with package 33ms
     â†’ Table 'wordpress_test.admin' doesn't exist
   Ã— Package Booking (e2e) > Concurrency test for POST /bookings > should handle concurrent booking requests correctly 114ms
     â†’ Table 'wordpress_test.user' doesn't exist
stdout | test/payments-session-booking.e2e.spec.ts > PaymentsService.createSessionAndBookingFromMetadata (e2e)
Running migrations...

stdout | test/database-connection.e2e.spec.ts > Database Connection (e2e)
[CONFIG] Test mode detected - Using database: wordpress_test

stdout | test/database-connection.e2e.spec.ts > Database Connection (e2e)
[AppModule] Loaded 26 entities directly via import

stdout | src/group-classes/group-classes.service.spec.ts
[CONFIG] Test mode detected - Using database: wordpress_test
db config: {
  type: [32m'mysql'[39m,
  host: [32m'127.0.0.1'[39m,
  port: [33m3306[39m,
  username: [32m'wordpress'[39m,
  password: [32m'wordpress'[39m,
  database: [32m'wordpress_test'[39m,
  synchronize: [33mfalse[39m,
  logging: [33mfalse[39m,
  entities: [ [32m'dist/**/*.entity{.ts,.js}'[39m ],
  migrations: [ [32m'dist/migrations/*{.ts,.js}'[39m ]
}
[MIGRATIONS] Loaded 22 migrations directly (no file glob needed)

stdout | src/group-classes/group-classes.service.spec.ts
[TEST SETUP] Current dir: /Users/davidcook/personal/thrive-wp/apps/nestjs
[TEST SETUP] Loading .env.test from: /Users/davidcook/personal/thrive-wp/apps/nestjs/.env.test
[TEST SETUP] dotenv result: {
  parsed: {
    DB_HOST: [32m'127.0.0.1'[39m,
    DB_PORT: [32m'3306'[39m,
    DB_USERNAME: [32m'wordpress'[39m,
    DB_PASSWORD: [32m'wordpress'[39m,
    DB_DATABASE: [32m'wordpress_test'[39m,
    SESSION_SECRET: [32m'test_session_secret_for_jwt_cookies'[39m,
    GOOGLE_CLIENT_ID: [32m'test-client-id'[39m,
    GOOGLE_CLIENT_SECRET: [32m'test-client-secret'[39m,
    GOOGLE_CALLBACK_URL: [32m'http://localhost:3000/auth/google/callback'[39m
  }
}
[TEST SETUP] DB_HOST after dotenv: 127.0.0.1
process.env.DB_HOST: 127.0.0.1
[TEST SETUP] Migration setup available. Call runMigrations() if needed.

 âœ“ src/users/users.service.spec.ts (10 tests) 21ms
 âœ“ test/database-connection.e2e.spec.ts (1 test) 151ms
stdout | src/waitlists/waitlists.service.spec.ts
[CONFIG] Test mode detected - Using database: wordpress_test
db config: {
  type: [32m'mysql'[39m,
  host: [32m'127.0.0.1'[39m,
  port: [33m3306[39m,
  username: [32m'wordpress'[39m,
  password: [32m'wordpress'[39m,
  database: [32m'wordpress_test'[39m,
  synchronize: [33mfalse[39m,
  logging: [33mfalse[39m,
  entities: [ [32m'dist/**/*.entity{.ts,.js}'[39m ],
  migrations: [ [32m'dist/migrations/*{.ts,.js}'[39m ]
}
[MIGRATIONS] Loaded 22 migrations directly (no file glob needed)

stdout | src/waitlists/waitlists.service.spec.ts
[TEST SETUP] Current dir: /Users/davidcook/personal/thrive-wp/apps/nestjs
[TEST SETUP] Loading .env.test from: /Users/davidcook/personal/thrive-wp/apps/nestjs/.env.test
[TEST SETUP] dotenv result: {
  parsed: {
    DB_HOST: [32m'127.0.0.1'[39m,
    DB_PORT: [32m'3306'[39m,
    DB_USERNAME: [32m'wordpress'[39m,
    DB_PASSWORD: [32m'wordpress'[39m,
    DB_DATABASE: [32m'wordpress_test'[39m,
    SESSION_SECRET: [32m'test_session_secret_for_jwt_cookies'[39m,
    GOOGLE_CLIENT_ID: [32m'test-client-id'[39m,
    GOOGLE_CLIENT_SECRET: [32m'test-client-secret'[39m,
    GOOGLE_CALLBACK_URL: [32m'http://localhost:3000/auth/google/callback'[39m
  }
}
[TEST SETUP] DB_HOST after dotenv: 127.0.0.1
process.env.DB_HOST: 127.0.0.1
[TEST SETUP] Migration setup available. Call runMigrations() if needed.

stdout | src/auth/auth.service.spec.ts
[CONFIG] Test mode detected - Using database: wordpress_test
db config: {
  type: [32m'mysql'[39m,
  host: [32m'127.0.0.1'[39m,
  port: [33m3306[39m,
  username: [32m'wordpress'[39m,
  password: [32m'wordpress'[39m,
  database: [32m'wordpress_test'[39m,
  synchronize: [33mfalse[39m,
  logging: [33mfalse[39m,
  entities: [ [32m'dist/**/*.entity{.ts,.js}'[39m ],
  migrations: [ [32m'dist/migrations/*{.ts,.js}'[39m ]
}
[MIGRATIONS] Loaded 22 migrations directly (no file glob needed)

stdout | src/auth/auth.service.spec.ts
[TEST SETUP] Current dir: /Users/davidcook/personal/thrive-wp/apps/nestjs
[TEST SETUP] Loading .env.test from: /Users/davidcook/personal/thrive-wp/apps/nestjs/.env.test
[TEST SETUP] dotenv result: {
  parsed: {
    DB_HOST: [32m'127.0.0.1'[39m,
    DB_PORT: [32m'3306'[39m,
    DB_USERNAME: [32m'wordpress'[39m,
    DB_PASSWORD: [32m'wordpress'[39m,
    DB_DATABASE: [32m'wordpress_test'[39m,
    SESSION_SECRET: [32m'test_session_secret_for_jwt_cookies'[39m,
    GOOGLE_CLIENT_ID: [32m'test-client-id'[39m,
    GOOGLE_CLIENT_SECRET: [32m'test-client-secret'[39m,
    GOOGLE_CALLBACK_URL: [32m'http://localhost:3000/auth/google/callback'[39m
  }
}
[TEST SETUP] DB_HOST after dotenv: 127.0.0.1
process.env.DB_HOST: 127.0.0.1
[TEST SETUP] Migration setup available. Call runMigrations() if needed.

stdout | src/payments/payments.controller.spec.ts
[CONFIG] Test mode detected - Using database: wordpress_test
db config: {
  type: [32m'mysql'[39m,
  host: [32m'127.0.0.1'[39m,
  port: [33m3306[39m,
  username: [32m'wordpress'[39m,
  password: [32m'wordpress'[39m,
  database: [32m'wordpress_test'[39m,
  synchronize: [33mfalse[39m,
  logging: [33mfalse[39m,
  entities: [ [32m'dist/**/*.entity{.ts,.js}'[39m ],
  migrations: [ [32m'dist/migrations/*{.ts,.js}'[39m ]
}
[MIGRATIONS] Loaded 22 migrations directly (no file glob needed)

stdout | src/payments/payments.controller.spec.ts
[TEST SETUP] Current dir: /Users/davidcook/personal/thrive-wp/apps/nestjs
[TEST SETUP] Loading .env.test from: /Users/davidcook/personal/thrive-wp/apps/nestjs/.env.test
[TEST SETUP] dotenv result: {
  parsed: {
    DB_HOST: [32m'127.0.0.1'[39m,
    DB_PORT: [32m'3306'[39m,
    DB_USERNAME: [32m'wordpress'[39m,
    DB_PASSWORD: [32m'wordpress'[39m,
    DB_DATABASE: [32m'wordpress_test'[39m,
    SESSION_SECRET: [32m'test_session_secret_for_jwt_cookies'[39m,
    GOOGLE_CLIENT_ID: [32m'test-client-id'[39m,
    GOOGLE_CLIENT_SECRET: [32m'test-client-secret'[39m,
    GOOGLE_CALLBACK_URL: [32m'http://localhost:3000/auth/google/callback'[39m
  }
}
[TEST SETUP] DB_HOST after dotenv: 127.0.0.1
process.env.DB_HOST: 127.0.0.1
[TEST SETUP] Migration setup available. Call runMigrations() if needed.

 âœ“ src/group-classes/group-classes.service.spec.ts (6 tests | 1 skipped) 26ms
stdout | src/waitlists/waitlists.service.spec.ts > WaitlistsService > notifyWaitlistMember > should update notifiedAt and notificationExpiresAt fields
Notifying student 1 about opening in session 1

stdout | src/waitlists/waitlists.service.spec.ts > WaitlistsService > handleBookingCancellation > should notify first waitlist member when booking is cancelled
Notifying student 1 about opening in session undefined

 âœ“ src/payments/payments.controller.spec.ts (5 tests) 4ms
 âœ“ src/waitlists/waitlists.service.spec.ts (11 tests) 28ms
stdout | src/common/types/class-types.spec.ts
[CONFIG] Test mode detected - Using database: wordpress_test
db config: {
  type: [32m'mysql'[39m,
  host: [32m'127.0.0.1'[39m,
  port: [33m3306[39m,
  username: [32m'wordpress'[39m,
  password: [32m'wordpress'[39m,
  database: [32m'wordpress_test'[39m,
  synchronize: [33mfalse[39m,
  logging: [33mfalse[39m,
  entities: [ [32m'dist/**/*.entity{.ts,.js}'[39m ],
  migrations: [ [32m'dist/migrations/*{.ts,.js}'[39m ]
}
[MIGRATIONS] Loaded 22 migrations directly (no file glob needed)

stdout | src/common/types/class-types.spec.ts
[TEST SETUP] Current dir: /Users/davidcook/personal/thrive-wp/apps/nestjs
[TEST SETUP] Loading .env.test from: /Users/davidcook/personal/thrive-wp/apps/nestjs/.env.test
[TEST SETUP] dotenv result: {
  parsed: {
    DB_HOST: [32m'127.0.0.1'[39m,
    DB_PORT: [32m'3306'[39m,
    DB_USERNAME: [32m'wordpress'[39m,
    DB_PASSWORD: [32m'wordpress'[39m,
    DB_DATABASE: [32m'wordpress_test'[39m,
    SESSION_SECRET: [32m'test_session_secret_for_jwt_cookies'[39m,
    GOOGLE_CLIENT_ID: [32m'test-client-id'[39m,
    GOOGLE_CLIENT_SECRET: [32m'test-client-secret'[39m,
    GOOGLE_CALLBACK_URL: [32m'http://localhost:3000/auth/google/callback'[39m
  }
}
[TEST SETUP] DB_HOST after dotenv: 127.0.0.1
process.env.DB_HOST: 127.0.0.1
[TEST SETUP] Migration setup available. Call runMigrations() if needed.

stdout | src/app.controller.spec.ts
[CONFIG] Test mode detected - Using database: wordpress_test
db config: {
  type: [32m'mysql'[39m,
  host: [32m'127.0.0.1'[39m,
  port: [33m3306[39m,
  username: [32m'wordpress'[39m,
  password: [32m'wordpress'[39m,
  database: [32m'wordpress_test'[39m,
  synchronize: [33mfalse[39m,
  logging: [33mfalse[39m,
  entities: [ [32m'dist/**/*.entity{.ts,.js}'[39m ],
  migrations: [ [32m'dist/migrations/*{.ts,.js}'[39m ]
}
[MIGRATIONS] Loaded 22 migrations directly (no file glob needed)

stdout | src/app.controller.spec.ts
[TEST SETUP] Current dir: /Users/davidcook/personal/thrive-wp/apps/nestjs
[TEST SETUP] Loading .env.test from: /Users/davidcook/personal/thrive-wp/apps/nestjs/.env.test
[TEST SETUP] dotenv result: {
  parsed: {
    DB_HOST: [32m'127.0.0.1'[39m,
    DB_PORT: [32m'3306'[39m,
    DB_USERNAME: [32m'wordpress'[39m,
    DB_PASSWORD: [32m'wordpress'[39m,
    DB_DATABASE: [32m'wordpress_test'[39m,
    SESSION_SECRET: [32m'test_session_secret_for_jwt_cookies'[39m,
    GOOGLE_CLIENT_ID: [32m'test-client-id'[39m,
    GOOGLE_CLIENT_SECRET: [32m'test-client-secret'[39m,
    GOOGLE_CALLBACK_URL: [32m'http://localhost:3000/auth/google/callback'[39m
  }
}
[TEST SETUP] DB_HOST after dotenv: 127.0.0.1
process.env.DB_HOST: 127.0.0.1
[TEST SETUP] Migration setup available. Call runMigrations() if needed.

stdout | test/payments-session-booking.e2e.spec.ts > PaymentsService.createSessionAndBookingFromMetadata (e2e)
âœ“ Migration complete:
  - Created 0 package allowances

 âœ“ src/common/types/class-types.spec.ts (3 tests) 3ms
 âœ“ src/auth/auth.service.spec.ts (5 tests) 20ms
 âœ“ src/app.controller.spec.ts (1 test) 34ms
stdout | test/payments-session-booking.e2e.spec.ts > PaymentsService.createSessionAndBookingFromMetadata (e2e)
Migrations complete.

stdout | test/payments-session-booking.e2e.spec.ts > PaymentsService.createSessionAndBookingFromMetadata (e2e)
MigrationTestDataSource destroyed.

stdout | test/payments-session-booking.e2e.spec.ts > PaymentsService.createSessionAndBookingFromMetadata (e2e)
[CONFIG] Test mode detected - Using database: wordpress_test

stdout | test/payments-session-booking.e2e.spec.ts > PaymentsService.createSessionAndBookingFromMetadata (e2e)
[AppModule] Loaded 26 entities directly via import

stdout | src/teachers/entities/teacher-availability.entity.spec.ts
[CONFIG] Test mode detected - Using database: wordpress_test
db config: {
  type: [32m'mysql'[39m,
  host: [32m'127.0.0.1'[39m,
  port: [33m3306[39m,
  username: [32m'wordpress'[39m,
  password: [32m'wordpress'[39m,
  database: [32m'wordpress_test'[39m,
  synchronize: [33mfalse[39m,
  logging: [33mfalse[39m,
  entities: [ [32m'dist/**/*.entity{.ts,.js}'[39m ],
  migrations: [ [32m'dist/migrations/*{.ts,.js}'[39m ]
}
[MIGRATIONS] Loaded 22 migrations directly (no file glob needed)

stdout | src/teachers/entities/teacher-availability.entity.spec.ts
[TEST SETUP] Current dir: /Users/davidcook/personal/thrive-wp/apps/nestjs
[TEST SETUP] Loading .env.test from: /Users/davidcook/personal/thrive-wp/apps/nestjs/.env.test
[TEST SETUP] dotenv result: {
  parsed: {
    DB_HOST: [32m'127.0.0.1'[39m,
    DB_PORT: [32m'3306'[39m,
    DB_USERNAME: [32m'wordpress'[39m,
    DB_PASSWORD: [32m'wordpress'[39m,
    DB_DATABASE: [32m'wordpress_test'[39m,
    SESSION_SECRET: [32m'test_session_secret_for_jwt_cookies'[39m,
    GOOGLE_CLIENT_ID: [32m'test-client-id'[39m,
    GOOGLE_CLIENT_SECRET: [32m'test-client-secret'[39m,
    GOOGLE_CALLBACK_URL: [32m'http://localhost:3000/auth/google/callback'[39m
  }
}
[TEST SETUP] DB_HOST after dotenv: 127.0.0.1
process.env.DB_HOST: 127.0.0.1
[TEST SETUP] Migration setup available. Call runMigrations() if needed.

stdout | src/teachers/entities/teacher.entity.spec.ts
[CONFIG] Test mode detected - Using database: wordpress_test
db config: {
  type: [32m'mysql'[39m,
  host: [32m'127.0.0.1'[39m,
  port: [33m3306[39m,
  username: [32m'wordpress'[39m,
  password: [32m'wordpress'[39m,
  database: [32m'wordpress_test'[39m,
  synchronize: [33mfalse[39m,
  logging: [33mfalse[39m,
  entities: [ [32m'dist/**/*.entity{.ts,.js}'[39m ],
  migrations: [ [32m'dist/migrations/*{.ts,.js}'[39m ]
}
[MIGRATIONS] Loaded 22 migrations directly (no file glob needed)

stdout | src/teachers/entities/teacher.entity.spec.ts
[TEST SETUP] Current dir: /Users/davidcook/personal/thrive-wp/apps/nestjs
[TEST SETUP] Loading .env.test from: /Users/davidcook/personal/thrive-wp/apps/nestjs/.env.test
[TEST SETUP] dotenv result: {
  parsed: {
    DB_HOST: [32m'127.0.0.1'[39m,
    DB_PORT: [32m'3306'[39m,
    DB_USERNAME: [32m'wordpress'[39m,
    DB_PASSWORD: [32m'wordpress'[39m,
    DB_DATABASE: [32m'wordpress_test'[39m,
    SESSION_SECRET: [32m'test_session_secret_for_jwt_cookies'[39m,
    GOOGLE_CLIENT_ID: [32m'test-client-id'[39m,
    GOOGLE_CLIENT_SECRET: [32m'test-client-secret'[39m,
    GOOGLE_CALLBACK_URL: [32m'http://localhost:3000/auth/google/callback'[39m
  }
}
[TEST SETUP] DB_HOST after dotenv: 127.0.0.1
process.env.DB_HOST: 127.0.0.1
[TEST SETUP] Migration setup available. Call runMigrations() if needed.

 âœ“ src/teachers/entities/teacher-availability.entity.spec.ts (4 tests) 2ms
 âœ“ src/teachers/entities/teacher.entity.spec.ts (4 tests) 2ms
[31m[Nest] 50956  - [39m10/24/2025, 12:29:50 PM [31m  ERROR[39m [38;5;3m[PaymentsService] [39m[31mError creating session and booking from intent:[39m
[31m[Nest] 50956  - [39m10/24/2025, 12:29:50 PM [31m  ERROR[39m [38;5;3m[PaymentsService] [39mQueryFailedError: Cannot add or update a child row: a foreign key constraint fails (`wordpress_test`.`booking`, CONSTRAINT `FK_booking_student` FOREIGN KEY (`student_id`) REFERENCES `student` (`id`) ON DELETE CASCADE)
    at Query.onResult [90m(/Users/davidcook/personal/thrive-wp/apps/nestjs/[39msrc/driver/mysql/MysqlQueryRunner.ts:247:33[90m)[39m
    at Query.execute [90m(/Users/davidcook/personal/thrive-wp/apps/nestjs/[39mnode_modules/[4mmysql2[24m/lib/commands/command.js:36:14[90m)[39m
    at PoolConnection.handlePacket [90m(/Users/davidcook/personal/thrive-wp/apps/nestjs/[39mnode_modules/[4mmysql2[24m/lib/base/connection.js:475:34[90m)[39m
    at PacketParser.onPacket [90m(/Users/davidcook/personal/thrive-wp/apps/nestjs/[39mnode_modules/[4mmysql2[24m/lib/base/connection.js:93:12[90m)[39m
    at PacketParser.executeStart [90m(/Users/davidcook/personal/thrive-wp/apps/nestjs/[39mnode_modules/[4mmysql2[24m/lib/packet_parser.js:75:16[90m)[39m
    at Socket.<anonymous> [90m(/Users/davidcook/personal/thrive-wp/apps/nestjs/[39mnode_modules/[4mmysql2[24m/lib/base/connection.js:100:25[90m)[39m
[90m    at Socket.emit (node:events:518:28)[39m
[90m    at addChunk (node:internal/streams/readable:561:12)[39m
[90m    at readableAddChunkPushByteMode (node:internal/streams/readable:512:3)[39m
[90m    at Socket.Readable.push (node:internal/streams/readable:392:5)[39m {
  query: [32m'INSERT INTO `booking`(`id`, `created_at`, `updated_at`, `deleted_at`, `session_id`, `student_id`, `status`, `cancelled_at`, `cancellation_reason`, `invited_at`, `accepted_at`, `student_package_id`, `package_use_id`, `credits_cost`, `rescheduled_count`, `original_session_id`, `cancelled_by_student`) VALUES (DEFAULT, DEFAULT, DEFAULT, DEFAULT, ?, ?, ?, DEFAULT, DEFAULT, DEFAULT, ?, DEFAULT, DEFAULT, DEFAULT, DEFAULT, DEFAULT, DEFAULT)'[39m,
  parameters: [
    [33m1[39m,
    [33m99999[39m,
    [32m'CONFIRMED'[39m,
    [35m2025-10-24T18:29:50.225Z[39m
  ],
  driverError: Error: Cannot add or update a child row: a foreign key constraint fails (`wordpress_test`.`booking`, CONSTRAINT `FK_booking_student` FOREIGN KEY (`student_id`) REFERENCES `student` (`id`) ON DELETE CASCADE)
      at Packet.asError [90m(/Users/davidcook/personal/thrive-wp/apps/nestjs/[39mnode_modules/[4mmysql2[24m/lib/packets/packet.js:740:17[90m)[39m
      at Query.execute [90m(/Users/davidcook/personal/thrive-wp/apps/nestjs/[39mnode_modules/[4mmysql2[24m/lib/commands/command.js:29:26[90m)[39m
      at PoolConnection.handlePacket [90m(/Users/davidcook/personal/thrive-wp/apps/nestjs/[39mnode_modules/[4mmysql2[24m/lib/base/connection.js:475:34[90m)[39m
      at PacketParser.onPacket [90m(/Users/davidcook/personal/thrive-wp/apps/nestjs/[39mnode_modules/[4mmysql2[24m/lib/base/connection.js:93:12[90m)[39m
      at PacketParser.executeStart [90m(/Users/davidcook/personal/thrive-wp/apps/nestjs/[39mnode_modules/[4mmysql2[24m/lib/packet_parser.js:75:16[90m)[39m
      at Socket.<anonymous> [90m(/Users/davidcook/personal/thrive-wp/apps/nestjs/[39mnode_modules/[4mmysql2[24m/lib/base/connection.js:100:25[90m)[39m
  [90m    at Socket.emit (node:events:518:28)[39m
  [90m    at addChunk (node:internal/streams/readable:561:12)[39m
  [90m    at readableAddChunkPushByteMode (node:internal/streams/readable:512:3)[39m
  [90m    at Socket.Readable.push (node:internal/streams/readable:392:5)[39m {
    code: [32m'ER_NO_REFERENCED_ROW_2'[39m,
    errno: [33m1452[39m,
    sqlState: [32m'23000'[39m,
    sqlMessage: [32m'Cannot add or update a child row: a foreign key constraint fails (`wordpress_test`.`booking`, CONSTRAINT `FK_booking_student` FOREIGN KEY (`student_id`) REFERENCES `student` (`id`) ON DELETE CASCADE)'[39m,
    sql: [32m"INSERT INTO `booking`(`id`, `created_at`, `updated_at`, `deleted_at`, `session_id`, `student_id`, `status`, `cancelled_at`, `cancellation_reason`, `invited_at`, `accepted_at`, `student_package_id`, `package_use_id`, `credits_cost`, `rescheduled_count`, `original_session_id`, `cancelled_by_student`) VALUES (DEFAULT, DEFAULT, DEFAULT, DEFAULT, 1, 99999, 'CONFIRMED', DEFAULT, DEFAULT, DEFAULT, '2025-10-24 18:29:50.225', DEFAULT, DEFAULT, DEFAULT, DEFAULT, DEFAULT, DEFAULT)"[39m
  },
  code: [32m'ER_NO_REFERENCED_ROW_2'[39m,
  errno: [33m1452[39m,
  sqlState: [32m'23000'[39m,
  sqlMessage: [32m'Cannot add or update a child row: a foreign key constraint fails (`wordpress_test`.`booking`, CONSTRAINT `FK_booking_student` FOREIGN KEY (`student_id`) REFERENCES `student` (`id`) ON DELETE CASCADE)'[39m,
  sql: [32m"INSERT INTO `booking`(`id`, `created_at`, `updated_at`, `deleted_at`, `session_id`, `student_id`, `status`, `cancelled_at`, `cancellation_reason`, `invited_at`, `accepted_at`, `student_package_id`, `package_use_id`, `credits_cost`, `rescheduled_count`, `original_session_id`, `cancelled_by_student`) VALUES (DEFAULT, DEFAULT, DEFAULT, DEFAULT, 1, 99999, 'CONFIRMED', DEFAULT, DEFAULT, DEFAULT, '2025-10-24 18:29:50.225', DEFAULT, DEFAULT, DEFAULT, DEFAULT, DEFAULT, DEFAULT)"[39m
}
 âœ“ test/payments-session-booking.e2e.spec.ts (8 tests) 1937ms

âŽ¯âŽ¯âŽ¯âŽ¯âŽ¯âŽ¯ Failed Suites 8 âŽ¯âŽ¯âŽ¯âŽ¯âŽ¯âŽ¯âŽ¯

 FAIL  test/auth-google-start.e2e.spec.ts > Auth Google Start Redirect (e2e)
QueryFailedError: Can't create table `wordpress_test`.`course_teacher` (errno: 150 "Foreign key constraint is incorrectly formed")
 â¯ Query.onResult src/driver/mysql/MysqlQueryRunner.ts:247:33
 â¯ Query.execute node_modules/mysql2/lib/commands/command.js:36:14
 â¯ PoolConnection.handlePacket node_modules/mysql2/lib/base/connection.js:475:34
 â¯ PacketParser.onPacket node_modules/mysql2/lib/base/connection.js:93:12
 â¯ PacketParser.executeStart node_modules/mysql2/lib/packet_parser.js:75:16
 â¯ Socket.<anonymous> node_modules/mysql2/lib/base/connection.js:100:25

âŽ¯âŽ¯âŽ¯âŽ¯âŽ¯âŽ¯âŽ¯âŽ¯âŽ¯âŽ¯âŽ¯âŽ¯âŽ¯âŽ¯âŽ¯âŽ¯âŽ¯âŽ¯âŽ¯âŽ¯âŽ¯âŽ¯âŽ¯[1/33]âŽ¯

 FAIL  test/auth-google-start.e2e.spec.ts > Auth Google Start Redirect (e2e)
TypeError: Cannot read properties of undefined (reading 'close')
 â¯ test/auth-google-start.e2e.spec.ts:43:15
     41| 
     42|   afterAll(async () => {
     43|     await app.close();
       |               ^
     44|   });
     45| 

âŽ¯âŽ¯âŽ¯âŽ¯âŽ¯âŽ¯âŽ¯âŽ¯âŽ¯âŽ¯âŽ¯âŽ¯âŽ¯âŽ¯âŽ¯âŽ¯âŽ¯âŽ¯âŽ¯âŽ¯âŽ¯âŽ¯âŽ¯[2/33]âŽ¯

 FAIL  test/credit-tiers-integration.e2e.spec.ts > Credit Tier System Integration (e2e)
 FAIL  test/database.e2e.spec.ts > Database Integration (e2e)
 FAIL  test/group-class-booking.e2e.spec.ts > Group Class Booking (e2e)
 FAIL  test/payments-webhook-group-booking.e2e.spec.ts > PaymentsService - Group Session Booking via Package Purchase Webhook
 FAIL  test/students-api.e2e.spec.ts > Students API (e2e)
 FAIL  test/teacher-availability.e2e.spec.ts > TeacherAvailabilityService (e2e)
QueryFailedError: Duplicate column name 'password_hash'
 â¯ Query.onResult src/driver/mysql/MysqlQueryRunner.ts:247:33
 â¯ Query.execute node_modules/mysql2/lib/commands/command.js:36:14
 â¯ PoolConnection.handlePacket node_modules/mysql2/lib/base/connection.js:475:34
 â¯ PacketParser.onPacket node_modules/mysql2/lib/base/connection.js:93:12
 â¯ PacketParser.executeStart node_modules/mysql2/lib/packet_parser.js:75:16
 â¯ Socket.<anonymous> node_modules/mysql2/lib/base/connection.js:100:25

âŽ¯âŽ¯âŽ¯âŽ¯âŽ¯âŽ¯âŽ¯âŽ¯âŽ¯âŽ¯âŽ¯âŽ¯âŽ¯âŽ¯âŽ¯âŽ¯âŽ¯âŽ¯âŽ¯âŽ¯âŽ¯âŽ¯âŽ¯[3/33]âŽ¯

 FAIL  test/students-api.e2e.spec.ts > Students API (e2e)
TypeError: Cannot read properties of undefined (reading 'close')
 â¯ test/students-api.e2e.spec.ts:35:15
     33| 
     34|   afterAll(async () => {
     35|     await app.close();
       |               ^
     36|   });
     37| 

âŽ¯âŽ¯âŽ¯âŽ¯âŽ¯âŽ¯âŽ¯âŽ¯âŽ¯âŽ¯âŽ¯âŽ¯âŽ¯âŽ¯âŽ¯âŽ¯âŽ¯âŽ¯âŽ¯âŽ¯âŽ¯âŽ¯âŽ¯[4/33]âŽ¯

 FAIL  src/teachers/teachers.service.spec.ts > TeachersService > previewTeacherAvailability
Error: No test found in suite previewTeacherAvailability
âŽ¯âŽ¯âŽ¯âŽ¯âŽ¯âŽ¯âŽ¯âŽ¯âŽ¯âŽ¯âŽ¯âŽ¯âŽ¯âŽ¯âŽ¯âŽ¯âŽ¯âŽ¯âŽ¯âŽ¯âŽ¯âŽ¯âŽ¯[5/33]âŽ¯


âŽ¯âŽ¯âŽ¯âŽ¯âŽ¯âŽ¯ Failed Tests 23 âŽ¯âŽ¯âŽ¯âŽ¯âŽ¯âŽ¯âŽ¯

 FAIL  test/app.e2e.spec.ts > AppController (e2e) > / (GET)
ReferenceError: getHttpServer is not defined
 â¯ test/app.e2e.spec.ts:25:12
     23| 
     24|   it("/ (GET)", () => {
     25|     return request(getHttpServer(app))
       |            ^
     26|       .get("/")
     27|       .expect(200)

âŽ¯âŽ¯âŽ¯âŽ¯âŽ¯âŽ¯âŽ¯âŽ¯âŽ¯âŽ¯âŽ¯âŽ¯âŽ¯âŽ¯âŽ¯âŽ¯âŽ¯âŽ¯âŽ¯âŽ¯âŽ¯âŽ¯âŽ¯[6/33]âŽ¯

 FAIL  test/package-booking.e2e.spec.ts > Package Booking (e2e) > GET /packages/my-credits > should return student credits
QueryFailedError: Table 'wordpress_test.package_allowance' doesn't exist
 â¯ Query.onResult src/driver/mysql/MysqlQueryRunner.ts:247:33
 â¯ Query.execute node_modules/mysql2/lib/commands/command.js:36:14
 â¯ PoolConnection.handlePacket node_modules/mysql2/lib/base/connection.js:475:34
 â¯ PacketParser.onPacket node_modules/mysql2/lib/base/connection.js:93:12
 â¯ PacketParser.executeStart node_modules/mysql2/lib/packet_parser.js:75:16
 â¯ Socket.<anonymous> node_modules/mysql2/lib/base/connection.js:100:25

âŽ¯âŽ¯âŽ¯âŽ¯âŽ¯âŽ¯âŽ¯âŽ¯âŽ¯âŽ¯âŽ¯âŽ¯âŽ¯âŽ¯âŽ¯âŽ¯âŽ¯âŽ¯âŽ¯âŽ¯âŽ¯âŽ¯âŽ¯[7/33]âŽ¯

 FAIL  test/package-booking.e2e.spec.ts > Package Booking (e2e) > GET /packages/my-credits > should return 401 when user not authenticated
 FAIL  test/waitlist.e2e.spec.ts > Waitlist (e2e) > should allow a student to join a waitlist for a full group class session
 FAIL  test/waitlist.e2e.spec.ts > Waitlist (e2e) > should not allow a student to join a waitlist for a session that is not full
 FAIL  test/waitlist.e2e.spec.ts > Waitlist (e2e) > when a booking is cancelled, the first student on the waitlist is notified
 FAIL  test/waitlist.e2e.spec.ts > Waitlist (e2e) > admin can promote a student from the waitlist to a booking
QueryFailedError: Table 'wordpress_test.cancellation_policy' doesn't exist
 â¯ Query.onResult src/driver/mysql/MysqlQueryRunner.ts:247:33
 â¯ Query.execute node_modules/mysql2/lib/commands/command.js:36:14
 â¯ PoolConnection.handlePacket node_modules/mysql2/lib/base/connection.js:475:34
 â¯ PacketParser.onPacket node_modules/mysql2/lib/base/connection.js:93:12
 â¯ PacketParser.executeStart node_modules/mysql2/lib/packet_parser.js:75:16
 â¯ Socket.<anonymous> node_modules/mysql2/lib/base/connection.js:100:25

âŽ¯âŽ¯âŽ¯âŽ¯âŽ¯âŽ¯âŽ¯âŽ¯âŽ¯âŽ¯âŽ¯âŽ¯âŽ¯âŽ¯âŽ¯âŽ¯âŽ¯âŽ¯âŽ¯âŽ¯âŽ¯âŽ¯âŽ¯[8/33]âŽ¯

 FAIL  test/package-booking.e2e.spec.ts > Package Booking (e2e) > POST /payments/book-with-package > should successfully book session with package credit
QueryFailedError: Table 'wordpress_test.stripe_product_map' doesn't exist
 â¯ Query.onResult src/driver/mysql/MysqlQueryRunner.ts:247:33
 â¯ Query.execute node_modules/mysql2/lib/commands/command.js:36:14
 â¯ PoolConnection.handlePacket node_modules/mysql2/lib/base/connection.js:475:34
 â¯ PacketParser.onPacket node_modules/mysql2/lib/base/connection.js:93:12
 â¯ PacketParser.executeStart node_modules/mysql2/lib/packet_parser.js:75:16
 â¯ Socket.<anonymous> node_modules/mysql2/lib/base/connection.js:100:25

âŽ¯âŽ¯âŽ¯âŽ¯âŽ¯âŽ¯âŽ¯âŽ¯âŽ¯âŽ¯âŽ¯âŽ¯âŽ¯âŽ¯âŽ¯âŽ¯âŽ¯âŽ¯âŽ¯âŽ¯âŽ¯âŽ¯âŽ¯[9/33]âŽ¯

 FAIL  test/package-booking.e2e.spec.ts > Package Booking (e2e) > POST /payments/book-with-package > should return 400 when package has no remaining sessions
 FAIL  test/package-booking.e2e.spec.ts > Package Booking (e2e) > Concurrency test for POST /bookings > should handle concurrent booking requests correctly
QueryFailedError: Table 'wordpress_test.user' doesn't exist
 â¯ Query.onResult src/driver/mysql/MysqlQueryRunner.ts:247:33
 â¯ Query.execute node_modules/mysql2/lib/commands/command.js:36:14
 â¯ PoolConnection.handlePacket node_modules/mysql2/lib/base/connection.js:475:34
 â¯ PacketParser.onPacket node_modules/mysql2/lib/base/connection.js:93:12
 â¯ PacketParser.executeStart node_modules/mysql2/lib/packet_parser.js:75:16
 â¯ Socket.<anonymous> node_modules/mysql2/lib/base/connection.js:100:25

âŽ¯âŽ¯âŽ¯âŽ¯âŽ¯âŽ¯âŽ¯âŽ¯âŽ¯âŽ¯âŽ¯âŽ¯âŽ¯âŽ¯âŽ¯âŽ¯âŽ¯âŽ¯âŽ¯âŽ¯âŽ¯âŽ¯[10/33]âŽ¯

 FAIL  test/package-booking.e2e.spec.ts > Package Booking (e2e) > POST /payments/book-with-package > should return 404 when package not found
QueryFailedError: Unknown column 'User.password_hash' in 'SELECT'
 â¯ Query.onResult src/driver/mysql/MysqlQueryRunner.ts:247:33
 â¯ Query.execute node_modules/mysql2/lib/commands/command.js:36:14
 â¯ PoolConnection.handlePacket node_modules/mysql2/lib/base/connection.js:475:34
 â¯ PacketParser.onPacket node_modules/mysql2/lib/base/connection.js:93:12
 â¯ PacketParser.executeStart node_modules/mysql2/lib/packet_parser.js:75:16
 â¯ Socket.<anonymous> node_modules/mysql2/lib/base/connection.js:100:25

âŽ¯âŽ¯âŽ¯âŽ¯âŽ¯âŽ¯âŽ¯âŽ¯âŽ¯âŽ¯âŽ¯âŽ¯âŽ¯âŽ¯âŽ¯âŽ¯âŽ¯âŽ¯âŽ¯âŽ¯âŽ¯âŽ¯[11/33]âŽ¯

 FAIL  test/package-booking.e2e.spec.ts > Package Booking (e2e) > POST /payments/book-with-package > should return 400 when package is expired
QueryFailedError: Table 'wordpress_test.student' doesn't exist
 â¯ Query.onResult src/driver/mysql/MysqlQueryRunner.ts:247:33
 â¯ Query.execute node_modules/mysql2/lib/commands/command.js:36:14
 â¯ PoolConnection.handlePacket node_modules/mysql2/lib/base/connection.js:475:34
 â¯ PacketParser.onPacket node_modules/mysql2/lib/base/connection.js:93:12
 â¯ PacketParser.executeStart node_modules/mysql2/lib/packet_parser.js:75:16
 â¯ Socket.<anonymous> node_modules/mysql2/lib/base/connection.js:100:25

âŽ¯âŽ¯âŽ¯âŽ¯âŽ¯âŽ¯âŽ¯âŽ¯âŽ¯âŽ¯âŽ¯âŽ¯âŽ¯âŽ¯âŽ¯âŽ¯âŽ¯âŽ¯âŽ¯âŽ¯âŽ¯âŽ¯[12/33]âŽ¯

 FAIL  test/package-booking.e2e.spec.ts > Package Booking (e2e) > POST /payments/book-with-package > should return 400 with invalid request body
QueryFailedError: Unknown column 'Student.stripe_customer_id' in 'SELECT'
 â¯ Query.onResult src/driver/mysql/MysqlQueryRunner.ts:247:33
 â¯ Query.execute node_modules/mysql2/lib/commands/command.js:36:14
 â¯ PoolConnection.handlePacket node_modules/mysql2/lib/base/connection.js:475:34
 â¯ PacketParser.onPacket node_modules/mysql2/lib/base/connection.js:93:12
 â¯ PacketParser.executeStart node_modules/mysql2/lib/packet_parser.js:75:16
 â¯ Socket.<anonymous> node_modules/mysql2/lib/base/connection.js:100:25

âŽ¯âŽ¯âŽ¯âŽ¯âŽ¯âŽ¯âŽ¯âŽ¯âŽ¯âŽ¯âŽ¯âŽ¯âŽ¯âŽ¯âŽ¯âŽ¯âŽ¯âŽ¯âŽ¯âŽ¯âŽ¯âŽ¯[13/33]âŽ¯

 FAIL  test/package-booking.e2e.spec.ts > Package Booking (e2e) > POST /packages/:id/use with bookingData > should successfully create session and book with package
QueryFailedError: Table 'wordpress_test.admin' doesn't exist
 â¯ Query.onResult src/driver/mysql/MysqlQueryRunner.ts:247:33
 â¯ Query.execute node_modules/mysql2/lib/commands/command.js:36:14
 â¯ PoolConnection.handlePacket node_modules/mysql2/lib/base/connection.js:475:34
 â¯ PacketParser.onPacket node_modules/mysql2/lib/base/connection.js:93:12
 â¯ PacketParser.executeStart node_modules/mysql2/lib/packet_parser.js:75:16
 â¯ Socket.<anonymous> node_modules/mysql2/lib/base/connection.js:100:25

âŽ¯âŽ¯âŽ¯âŽ¯âŽ¯âŽ¯âŽ¯âŽ¯âŽ¯âŽ¯âŽ¯âŽ¯âŽ¯âŽ¯âŽ¯âŽ¯âŽ¯âŽ¯âŽ¯âŽ¯âŽ¯âŽ¯[14/33]âŽ¯

 FAIL  src/packages/packages.service.spec.ts > PackagesService > getActivePackagesForStudent > should return active packages for a student
AssertionError: expected { id: 1, â€¦(6) } to have property "creditUnitMinutes"
 â¯ src/packages/packages.service.spec.ts:191:34
    189|       expect(result.totalRemaining).toBe(3);
    190|       // New metadata-derived fields should exist (null when absent)
    191|       expect(result.packages[0]).toHaveProperty("creditUnitMinutes");
       |                                  ^
    192|       expect(result.packages[0]).toHaveProperty("teacherTier");
    193|       expect(result.packages[0]).toHaveProperty("serviceType");

âŽ¯âŽ¯âŽ¯âŽ¯âŽ¯âŽ¯âŽ¯âŽ¯âŽ¯âŽ¯âŽ¯âŽ¯âŽ¯âŽ¯âŽ¯âŽ¯âŽ¯âŽ¯âŽ¯âŽ¯âŽ¯âŽ¯[15/33]âŽ¯

 FAIL  src/packages/packages.service.spec.ts > PackagesService > usePackageForSession > should throw NotFoundException when package not found
AssertionError: expected error to be instance of NotFoundException

[32m- Expected:[39m 
[Function NotFoundException]

[31m+ Received:[39m 
TypeError {
  "message": "__vite_ssr_import_15__.PackageQueryBuilder.buildStudentPackageWithUsesQuery(...).leftJoinAndSelect is not a function",
}

âŽ¯âŽ¯âŽ¯âŽ¯âŽ¯âŽ¯âŽ¯âŽ¯âŽ¯âŽ¯âŽ¯âŽ¯âŽ¯âŽ¯âŽ¯âŽ¯âŽ¯âŽ¯âŽ¯âŽ¯âŽ¯âŽ¯[16/33]âŽ¯

 FAIL  src/packages/packages.service.spec.ts > PackagesService > usePackageForSession > should throw BadRequestException when no remaining sessions
 FAIL  src/packages/packages.service.spec.ts > PackagesService > usePackageForSession > should throw BadRequestException when package is expired
AssertionError: expected error to be instance of BadRequestException

[32m- Expected:[39m 
[Function BadRequestException]

[31m+ Received:[39m 
TypeError {
  "message": "__vite_ssr_import_15__.PackageQueryBuilder.buildStudentPackageWithUsesQuery(...).leftJoinAndSelect is not a function",
}

âŽ¯âŽ¯âŽ¯âŽ¯âŽ¯âŽ¯âŽ¯âŽ¯âŽ¯âŽ¯âŽ¯âŽ¯âŽ¯âŽ¯âŽ¯âŽ¯âŽ¯âŽ¯âŽ¯âŽ¯âŽ¯âŽ¯[17/33]âŽ¯

 FAIL  src/common/types/credit-tiers.spec.ts > Credit Tier System > getPackageTier > should handle numeric teacher tier in metadata
AssertionError: expected 100 to be 105 // Object.is equality

[32m- Expected[39m
[31m+ Received[39m

[32m- 105[39m
[31m+ 100[39m

 â¯ src/common/types/credit-tiers.spec.ts:146:35
    144|         metadata: { service_type: ServiceType.PRIVATE, teacher_tier: 5â€¦
    145|       } as StudentPackage;
    146|       expect(getPackageTier(pkg)).toBe(105);
       |                                   ^
    147|     });
    148| 

âŽ¯âŽ¯âŽ¯âŽ¯âŽ¯âŽ¯âŽ¯âŽ¯âŽ¯âŽ¯âŽ¯âŽ¯âŽ¯âŽ¯âŽ¯âŽ¯âŽ¯âŽ¯âŽ¯âŽ¯âŽ¯âŽ¯[18/33]âŽ¯

 FAIL  src/common/types/credit-tiers.spec.ts > Credit Tier System > canUsePackageForSession > should allow private package for group session (higher tier)
AssertionError: expected false to be true // Object.is equality

[32m- Expected[39m
[31m+ Received[39m

[32m- true[39m
[31m+ false[39m

 â¯ src/common/types/credit-tiers.spec.ts:174:29
    172|       const session = createMockSession(ServiceType.GROUP, 0) as Sessiâ€¦
    173|       const result = canUsePackageForSession({ pkg, session });
    174|       expect(result.canUse).toBe(true);
       |                             ^
    175|       expect(result.allowance).toBeTruthy();
    176|     });

âŽ¯âŽ¯âŽ¯âŽ¯âŽ¯âŽ¯âŽ¯âŽ¯âŽ¯âŽ¯âŽ¯âŽ¯âŽ¯âŽ¯âŽ¯âŽ¯âŽ¯âŽ¯âŽ¯âŽ¯âŽ¯âŽ¯[19/33]âŽ¯

 FAIL  src/common/types/credit-tiers.spec.ts > Credit Tier System > isCrossTierBooking > should return true when using private credit for group session
AssertionError: expected false to be true // Object.is equality

[32m- Expected[39m
[31m+ Received[39m

[32m- true[39m
[31m+ false[39m

 â¯ src/common/types/credit-tiers.spec.ts:251:34
    249|       const session = createMockSession(ServiceType.GROUP, 0) as Sessiâ€¦
    250|       const result = isCrossTierBooking(pkg, session);
    251|       expect(result.isCrossTier).toBe(true);
       |                                  ^
    252|       expect(result.allowance).toBeTruthy();
    253|     });

âŽ¯âŽ¯âŽ¯âŽ¯âŽ¯âŽ¯âŽ¯âŽ¯âŽ¯âŽ¯âŽ¯âŽ¯âŽ¯âŽ¯âŽ¯âŽ¯âŽ¯âŽ¯âŽ¯âŽ¯âŽ¯âŽ¯[20/33]âŽ¯

 FAIL  src/common/types/credit-tiers.spec.ts > Credit Tier System > getCrossTierWarningMessage > should return warning message for private credit used for group class
AssertionError: the given combination of arguments (null and string) is invalid for this assertion. You can use an array, a map, an object, a set, a string, or a weakset instead of a string
 â¯ src/common/types/credit-tiers.spec.ts:294:23
    292|       const session = createMockSession(ServiceType.GROUP, 0) as Sessiâ€¦
    293|       const message = getCrossTierWarningMessage(pkg, session);
    294|       expect(message).toContain("Private Credit");
       |                       ^
    295|       expect(message).toContain("group class");
    296|     });

âŽ¯âŽ¯âŽ¯âŽ¯âŽ¯âŽ¯âŽ¯âŽ¯âŽ¯âŽ¯âŽ¯âŽ¯âŽ¯âŽ¯âŽ¯âŽ¯âŽ¯âŽ¯âŽ¯âŽ¯âŽ¯âŽ¯[21/33]âŽ¯

 FAIL  src/common/types/credit-tiers.spec.ts > Credit Tier System > Integration scenarios > Scenario: Student uses private credit for group class
AssertionError: expected false to be true // Object.is equality

[32m- Expected[39m
[31m+ Received[39m

[32m- true[39m
[31m+ false[39m

 â¯ src/common/types/credit-tiers.spec.ts:402:35
    400| 
    401|       const canUseResult = canUsePackageForSession({ pkg: privatePackaâ€¦
    402|       expect(canUseResult.canUse).toBe(true);
       |                                   ^
    403| 
    404|       const crossTierResult = isCrossTierBooking(privatePackage, groupâ€¦

âŽ¯âŽ¯âŽ¯âŽ¯âŽ¯âŽ¯âŽ¯âŽ¯âŽ¯âŽ¯âŽ¯âŽ¯âŽ¯âŽ¯âŽ¯âŽ¯âŽ¯âŽ¯âŽ¯âŽ¯âŽ¯âŽ¯[22/33]âŽ¯


 Test Files  13 failed | 12 passed (25)
      Tests  23 failed | 131 passed | 53 skipped (207)
   Start at  12:29:44
   Duration  5.70s (transform 795ms, setup 8.67s, collect 13.12s, tests 7.23s, environment 2ms, prepare 1.81s)

â€‰ELIFECYCLEâ€‰ Test failed. See above for more details.
