
> @thrive/api@0.0.1 type-check /Users/davidcook/personal/thrive-wp/apps/nestjs
> tsc --noEmit

src/teachers/entities/teacher.entity.spec.ts(4,1): error TS2593: Cannot find name 'describe'. Do you need to install type definitions for a test runner? Try `npm i --save-dev @types/jest` or `npm i --save-dev @types/mocha` and then add 'jest' or 'mocha' to the types field in your tsconfig.
src/teachers/entities/teacher.entity.spec.ts(5,3): error TS2593: Cannot find name 'it'. Do you need to install type definitions for a test runner? Try `npm i --save-dev @types/jest` or `npm i --save-dev @types/mocha` and then add 'jest' or 'mocha' to the types field in your tsconfig.
src/teachers/entities/teacher.entity.spec.ts(9,5): error TS2304: Cannot find name 'expect'.
src/teachers/entities/teacher.entity.spec.ts(10,5): error TS2304: Cannot find name 'expect'.
src/teachers/entities/teacher.entity.spec.ts(13,3): error TS2593: Cannot find name 'it'. Do you need to install type definitions for a test runner? Try `npm i --save-dev @types/jest` or `npm i --save-dev @types/mocha` and then add 'jest' or 'mocha' to the types field in your tsconfig.
src/teachers/entities/teacher.entity.spec.ts(32,5): error TS2304: Cannot find name 'expect'.
src/teachers/entities/teacher.entity.spec.ts(33,7): error TS2304: Cannot find name 'expect'.
src/teachers/entities/teacher.entity.spec.ts(46,3): error TS2593: Cannot find name 'it'. Do you need to install type definitions for a test runner? Try `npm i --save-dev @types/jest` or `npm i --save-dev @types/mocha` and then add 'jest' or 'mocha' to the types field in your tsconfig.
src/teachers/entities/teacher.entity.spec.ts(58,5): error TS2304: Cannot find name 'expect'.
src/teachers/entities/teacher.entity.spec.ts(61,3): error TS2593: Cannot find name 'it'. Do you need to install type definitions for a test runner? Try `npm i --save-dev @types/jest` or `npm i --save-dev @types/mocha` and then add 'jest' or 'mocha' to the types field in your tsconfig.
src/teachers/entities/teacher.entity.spec.ts(66,5): error TS2304: Cannot find name 'expect'.
test/app.e2e.spec.ts(25,20): error TS2304: Cannot find name 'getHttpServer'.
 ELIFECYCLE  Command failed with exit code 2.
