{"/Users/davidcook/personal/thrive-wp/nestjs/src/app.controller.ts": {"path":"/Users/davidcook/personal/thrive-wp/nestjs/src/app.controller.ts","statementMap":{"0":{"start":{"line":5,"column":7},"end":{"line":20,"column":null}},"1":{"start":{"line":6,"column":31},"end":{"line":6,"column":43}},"2":{"start":{"line":10,"column":4},"end":{"line":10,"column":38}},"3":{"start":{"line":15,"column":4},"end":{"line":15,"column":52}},"4":{"start":{"line":16,"column":4},"end":{"line":16,"column":37}},"5":{"start":{"line":17,"column":4},"end":{"line":17,"column":31}},"6":{"start":{"line":18,"column":4},"end":{"line":18,"column":57}},"7":{"start":{"line":9,"column":2},"end":{"line":11,"column":null}},"8":{"start":{"line":14,"column":2},"end":{"line":19,"column":null}},"9":{"start":{"line":5,"column":13},"end":{"line":20,"column":null}}},"fnMap":{"0":{"name":"(anonymous_4)","decl":{"start":{"line":6,"column":2},"end":{"line":6,"column":31}},"loc":{"start":{"line":6,"column":53},"end":{"line":6,"column":57}}},"1":{"name":"(anonymous_5)","decl":{"start":{"line":9,"column":2},"end":{"line":9,"column":10}},"loc":{"start":{"line":9,"column":10},"end":{"line":11,"column":3}}},"2":{"name":"(anonymous_6)","decl":{"start":{"line":14,"column":2},"end":{"line":14,"column":12}},"loc":{"start":{"line":14,"column":55},"end":{"line":19,"column":3}}}},"branchMap":{"0":{"loc":{"start":{"line":6,"column":43},"end":{"line":6,"column":56}},"type":"cond-expr","locations":[{"start":{"line":6,"column":53},"end":{"line":6,"column":56}},{"start":{"line":6,"column":53},"end":{"line":6,"column":56}}]},"1":{"loc":{"start":{"line":6,"column":43},"end":{"line":6,"column":53}},"type":"binary-expr","locations":[{"start":{"line":6,"column":43},"end":{"line":6,"column":56}},{"start":{"line":6,"column":43},"end":{"line":6,"column":53}}]}},"s":{"0":1,"1":1,"2":1,"3":0,"4":0,"5":0,"6":0,"7":1,"8":1,"9":1},"f":{"0":1,"1":1,"2":0},"b":{"0":[1,0],"1":[1,1]}}
,"/Users/davidcook/personal/thrive-wp/nestjs/src/app.module.ts": {"path":"/Users/davidcook/personal/thrive-wp/nestjs/src/app.module.ts","statementMap":{"0":{"start":{"line":56,"column":7},"end":{"line":56,"column":null}},"1":{"start":{"line":56,"column":13},"end":{"line":56,"column":null}},"2":{"start":{"line":23,"column":25},"end":{"line":23,"column":70}},"3":{"start":{"line":24,"column":8},"end":{"line":26,"column":9}},"4":{"start":{"line":25,"column":10},"end":{"line":25,"column":62}},"5":{"start":{"line":28,"column":26},"end":{"line":28,"column":65}},"6":{"start":{"line":29,"column":8},"end":{"line":44,"column":10}}},"fnMap":{"0":{"name":"(anonymous_1)","decl":{"start":{"line":22,"column":18},"end":{"line":22,"column":19}},"loc":{"start":{"line":22,"column":51},"end":{"line":45,"column":7}}}},"branchMap":{"0":{"loc":{"start":{"line":24,"column":8},"end":{"line":26,"column":9}},"type":"if","locations":[{"start":{"line":24,"column":8},"end":{"line":26,"column":9}}]}},"s":{"0":0,"1":0,"2":0,"3":0,"4":0,"5":0,"6":0},"f":{"0":0},"b":{"0":[0]}}
,"/Users/davidcook/personal/thrive-wp/nestjs/src/app.service.ts": {"path":"/Users/davidcook/personal/thrive-wp/nestjs/src/app.service.ts","statementMap":{"0":{"start":{"line":4,"column":7},"end":{"line":8,"column":null}},"1":{"start":{"line":6,"column":4},"end":{"line":6,"column":26}},"2":{"start":{"line":4,"column":13},"end":{"line":8,"column":null}}},"fnMap":{"0":{"name":"(anonymous_1)","decl":{"start":{"line":5,"column":2},"end":{"line":5,"column":10}},"loc":{"start":{"line":5,"column":10},"end":{"line":7,"column":3}}}},"branchMap":{},"s":{"0":1,"1":1,"2":1},"f":{"0":1},"b":{}}
,"/Users/davidcook/personal/thrive-wp/nestjs/src/data-source.ts": {"path":"/Users/davidcook/personal/thrive-wp/nestjs/src/data-source.ts","statementMap":{"0":{"start":{"line":8,"column":19},"end":{"line":8,"column":49}},"1":{"start":{"line":9,"column":18},"end":{"line":9,"column":42}},"2":{"start":{"line":12,"column":18},"end":{"line":12,"column":33}},"3":{"start":{"line":13,"column":11},"end":{"line":13,"column":29}},"4":{"start":{"line":15,"column":29},"end":{"line":27,"column":2}}},"fnMap":{},"branchMap":{},"s":{"0":0,"1":0,"2":0,"3":0,"4":0},"f":{},"b":{}}
,"/Users/davidcook/personal/thrive-wp/nestjs/src/main.ts": {"path":"/Users/davidcook/personal/thrive-wp/nestjs/src/main.ts","statementMap":{"0":{"start":{"line":8,"column":0},"end":{"line":12,"column":1}},"1":{"start":{"line":10,"column":21},"end":{"line":10,"column":38}},"2":{"start":{"line":11,"column":3},"end":{"line":11,"column":62}},"3":{"start":{"line":15,"column":14},"end":{"line":15,"column":49}},"4":{"start":{"line":16,"column":2},"end":{"line":16,"column":26}},"5":{"start":{"line":17,"column":2},"end":{"line":17,"column":43}},"6":{"start":{"line":18,"column":2},"end":{"line":18,"column":45}},"7":{"start":{"line":20,"column":0},"end":{"line":20,"column":12}}},"fnMap":{"0":{"name":"bootstrap","decl":{"start":{"line":14,"column":15},"end":{"line":14,"column":24}},"loc":{"start":{"line":14,"column":24},"end":{"line":19,"column":1}}}},"branchMap":{"0":{"loc":{"start":{"line":8,"column":0},"end":{"line":12,"column":1}},"type":"if","locations":[{"start":{"line":8,"column":0},"end":{"line":12,"column":1}}]},"1":{"loc":{"start":{"line":11,"column":27},"end":{"line":11,"column":61}},"type":"binary-expr","locations":[{"start":{"line":11,"column":27},"end":{"line":11,"column":47}},{"start":{"line":11,"column":51},"end":{"line":11,"column":61}}]},"2":{"loc":{"start":{"line":18,"column":19},"end":{"line":18,"column":43}},"type":"binary-expr","locations":[{"start":{"line":18,"column":19},"end":{"line":18,"column":35}},{"start":{"line":18,"column":39},"end":{"line":18,"column":43}}]}},"s":{"0":0,"1":0,"2":0,"3":0,"4":0,"5":0,"6":0,"7":0},"f":{"0":0},"b":{"0":[0],"1":[0,0],"2":[0,0]}}
,"/Users/davidcook/personal/thrive-wp/nestjs/src/admin/entities/admin.entity.ts": {"path":"/Users/davidcook/personal/thrive-wp/nestjs/src/admin/entities/admin.entity.ts","statementMap":{"0":{"start":{"line":11,"column":7},"end":{"line":40,"column":null}},"1":{"start":{"line":17,"column":2},"end":{"line":17,"column":null}},"2":{"start":{"line":21,"column":2},"end":{"line":21,"column":null}},"3":{"start":{"line":30,"column":2},"end":{"line":30,"column":null}},"4":{"start":{"line":39,"column":2},"end":{"line":39,"column":null}},"5":{"start":{"line":36,"column":19},"end":{"line":36,"column":22}},"6":{"start":{"line":11,"column":13},"end":{"line":40,"column":null}}},"fnMap":{"0":{"name":"(anonymous_2)","decl":{"start":{"line":36,"column":13},"end":{"line":36,"column":16}},"loc":{"start":{"line":36,"column":19},"end":{"line":36,"column":22}}}},"branchMap":{},"s":{"0":3,"1":3,"2":3,"3":3,"4":3,"5":0,"6":3},"f":{"0":0},"b":{}}
,"/Users/davidcook/personal/thrive-wp/nestjs/src/auth/admin.guard.ts": {"path":"/Users/davidcook/personal/thrive-wp/nestjs/src/auth/admin.guard.ts","statementMap":{"0":{"start":{"line":17,"column":7},"end":{"line":74,"column":null}},"1":{"start":{"line":18,"column":31},"end":{"line":18,"column":44}},"2":{"start":{"line":21,"column":20},"end":{"line":21,"column":55}},"3":{"start":{"line":22,"column":23},"end":{"line":22,"column":71}},"4":{"start":{"line":26,"column":6},"end":{"line":27,"column":69}},"5":{"start":{"line":29,"column":4},"end":{"line":31,"column":5}},"6":{"start":{"line":30,"column":6},"end":{"line":30,"column":74}},"7":{"start":{"line":34,"column":20},"end":{"line":34,"column":45}},"8":{"start":{"line":35,"column":4},"end":{"line":37,"column":5}},"9":{"start":{"line":36,"column":6},"end":{"line":36,"column":66}},"10":{"start":{"line":40,"column":4},"end":{"line":42,"column":5}},"11":{"start":{"line":41,"column":6},"end":{"line":41,"column":63}},"12":{"start":{"line":45,"column":4},"end":{"line":49,"column":6}},"13":{"start":{"line":51,"column":4},"end":{"line":51,"column":16}},"14":{"start":{"line":55,"column":4},"end":{"line":63,"column":5}},"15":{"start":{"line":57,"column":8},"end":{"line":57,"column":69}},"16":{"start":{"line":58,"column":6},"end":{"line":60,"column":27}},"17":{"start":{"line":62,"column":6},"end":{"line":62,"column":18}},"18":{"start":{"line":67,"column":18},"end":{"line":67,"column":38}},"19":{"start":{"line":68,"column":4},"end":{"line":71,"column":5}},"20":{"start":{"line":69,"column":21},"end":{"line":69,"column":33}},"21":{"start":{"line":70,"column":6},"end":{"line":70,"column":57}},"22":{"start":{"line":70,"column":22},"end":{"line":70,"column":57}},"23":{"start":{"line":72,"column":4},"end":{"line":72,"column":16}},"24":{"start":{"line":17,"column":13},"end":{"line":74,"column":null}}},"fnMap":{"0":{"name":"(anonymous_2)","decl":{"start":{"line":18,"column":2},"end":{"line":18,"column":31}},"loc":{"start":{"line":18,"column":55},"end":{"line":18,"column":59}}},"1":{"name":"(anonymous_3)","decl":{"start":{"line":20,"column":2},"end":{"line":20,"column":7}},"loc":{"start":{"line":20,"column":45},"end":{"line":52,"column":3}}},"2":{"name":"(anonymous_4)","decl":{"start":{"line":54,"column":10},"end":{"line":54,"column":23}},"loc":{"start":{"line":54,"column":37},"end":{"line":64,"column":3}}},"3":{"name":"(anonymous_5)","decl":{"start":{"line":66,"column":10},"end":{"line":66,"column":23}},"loc":{"start":{"line":66,"column":52},"end":{"line":73,"column":3}}}},"branchMap":{"0":{"loc":{"start":{"line":22,"column":23},"end":{"line":22,"column":71}},"type":"binary-expr","locations":[{"start":{"line":22,"column":23},"end":{"line":22,"column":54}},{"start":{"line":22,"column":58},"end":{"line":22,"column":71}}]},"1":{"loc":{"start":{"line":26,"column":6},"end":{"line":27,"column":69}},"type":"binary-expr","locations":[{"start":{"line":26,"column":6},"end":{"line":26,"column":35}},{"start":{"line":27,"column":6},"end":{"line":27,"column":69}}]},"2":{"loc":{"start":{"line":27,"column":25},"end":{"line":27,"column":56}},"type":"binary-expr","locations":[{"start":{"line":27,"column":25},"end":{"line":27,"column":50}},{"start":{"line":27,"column":54},"end":{"line":27,"column":56}}]},"3":{"loc":{"start":{"line":29,"column":4},"end":{"line":31,"column":5}},"type":"if","locations":[{"start":{"line":29,"column":4},"end":{"line":31,"column":5}}]},"4":{"loc":{"start":{"line":35,"column":4},"end":{"line":37,"column":5}},"type":"if","locations":[{"start":{"line":35,"column":4},"end":{"line":37,"column":5}}]},"5":{"loc":{"start":{"line":40,"column":4},"end":{"line":42,"column":5}},"type":"if","locations":[{"start":{"line":40,"column":4},"end":{"line":42,"column":5}}]},"6":{"loc":{"start":{"line":57,"column":8},"end":{"line":57,"column":69}},"type":"binary-expr","locations":[{"start":{"line":57,"column":8},"end":{"line":57,"column":34}},{"start":{"line":57,"column":38},"end":{"line":57,"column":69}}]},"7":{"loc":{"start":{"line":70,"column":6},"end":{"line":70,"column":57}},"type":"if","locations":[{"start":{"line":70,"column":6},"end":{"line":70,"column":57}}]},"8":{"loc":{"start":{"line":70,"column":48},"end":{"line":70,"column":55}},"type":"binary-expr","locations":[{"start":{"line":70,"column":48},"end":{"line":70,"column":49}},{"start":{"line":70,"column":53},"end":{"line":70,"column":55}}]},"9":{"loc":{"start":{"line":18,"column":44},"end":{"line":18,"column":58}},"type":"cond-expr","locations":[{"start":{"line":18,"column":55},"end":{"line":18,"column":58}},{"start":{"line":18,"column":55},"end":{"line":18,"column":58}}]},"10":{"loc":{"start":{"line":18,"column":44},"end":{"line":18,"column":55}},"type":"binary-expr","locations":[{"start":{"line":18,"column":44},"end":{"line":18,"column":58}},{"start":{"line":18,"column":44},"end":{"line":18,"column":55}}]}},"s":{"0":0,"1":0,"2":0,"3":0,"4":0,"5":0,"6":0,"7":0,"8":0,"9":0,"10":0,"11":0,"12":0,"13":0,"14":0,"15":0,"16":0,"17":0,"18":0,"19":0,"20":0,"21":0,"22":0,"23":0,"24":0},"f":{"0":0,"1":0,"2":0,"3":0},"b":{"0":[0,0],"1":[0,0],"2":[0,0],"3":[0],"4":[0],"5":[0],"6":[0,0],"7":[0],"8":[0,0],"9":[0,0],"10":[0,0]}}
,"/Users/davidcook/personal/thrive-wp/nestjs/src/auth/auth.controller.ts": {"path":"/Users/davidcook/personal/thrive-wp/nestjs/src/auth/auth.controller.ts","statementMap":{"0":{"start":{"line":31,"column":17},"end":{"line":31,"column":78}},"1":{"start":{"line":32,"column":2},"end":{"line":35,"column":5}},"2":{"start":{"line":39,"column":17},"end":{"line":39,"column":78}},"3":{"start":{"line":40,"column":2},"end":{"line":43,"column":5}},"4":{"start":{"line":47,"column":2},"end":{"line":55,"column":3}},"5":{"start":{"line":49,"column":6},"end":{"line":49,"column":67}},"6":{"start":{"line":50,"column":4},"end":{"line":52,"column":25}},"7":{"start":{"line":54,"column":4},"end":{"line":54,"column":16}},"8":{"start":{"line":59,"column":7},"end":{"line":326,"column":null}},"9":{"start":{"line":60,"column":31},"end":{"line":60,"column":44}},"10":{"start":{"line":69,"column":23},"end":{"line":69,"column":39}},"11":{"start":{"line":70,"column":4},"end":{"line":72,"column":5}},"12":{"start":{"line":71,"column":6},"end":{"line":71,"column":48}},"13":{"start":{"line":73,"column":18},"end":{"line":73,"column":62}},"14":{"start":{"line":74,"column":36},"end":{"line":83,"column":6}},"15":{"start":{"line":84,"column":18},"end":{"line":84,"column":42}},"16":{"start":{"line":85,"column":25},"end":{"line":85,"column":50}},"17":{"start":{"line":86,"column":23},"end":{"line":86,"column":71}},"18":{"start":{"line":88,"column":6},"end":{"line":88,"column":57}},"19":{"start":{"line":89,"column":19},"end":{"line":89,"column":56}},"20":{"start":{"line":90,"column":4},"end":{"line":96,"column":7}},"21":{"start":{"line":97,"column":4},"end":{"line":103,"column":7}},"22":{"start":{"line":104,"column":25},"end":{"line":104,"column":75}},"23":{"start":{"line":105,"column":4},"end":{"line":105,"column":62}},"24":{"start":{"line":112,"column":23},"end":{"line":112,"column":71}},"25":{"start":{"line":114,"column":7},"end":{"line":115,"column":60}},"26":{"start":{"line":116,"column":4},"end":{"line":116,"column":43}},"27":{"start":{"line":116,"column":16},"end":{"line":116,"column":43}},"28":{"start":{"line":117,"column":20},"end":{"line":117,"column":40}},"29":{"start":{"line":118,"column":4},"end":{"line":118,"column":45}},"30":{"start":{"line":118,"column":18},"end":{"line":118,"column":45}},"31":{"start":{"line":120,"column":20},"end":{"line":127,"column":6}},"32":{"start":{"line":129,"column":4},"end":{"line":129,"column":49}},"33":{"start":{"line":130,"column":4},"end":{"line":130,"column":49}},"34":{"start":{"line":131,"column":4},"end":{"line":131,"column":47}},"35":{"start":{"line":132,"column":4},"end":{"line":132,"column":59}},"36":{"start":{"line":133,"column":4},"end":{"line":133,"column":61}},"37":{"start":{"line":134,"column":4},"end":{"line":134,"column":22}},"38":{"start":{"line":141,"column":6},"end":{"line":141,"column":57}},"39":{"start":{"line":143,"column":7},"end":{"line":144,"column":67}},"40":{"start":{"line":146,"column":4},"end":{"line":146,"column":50}},"41":{"start":{"line":146,"column":23},"end":{"line":146,"column":50}},"42":{"start":{"line":148,"column":20},"end":{"line":148,"column":47}},"43":{"start":{"line":149,"column":4},"end":{"line":149,"column":75}},"44":{"start":{"line":149,"column":48},"end":{"line":149,"column":75}},"45":{"start":{"line":152,"column":19},"end":{"line":152,"column":40}},"46":{"start":{"line":153,"column":18},"end":{"line":153,"column":61}},"47":{"start":{"line":156,"column":39},"end":{"line":165,"column":6}},"48":{"start":{"line":167,"column":21},"end":{"line":167,"column":48}},"49":{"start":{"line":168,"column":28},"end":{"line":168,"column":56}},"50":{"start":{"line":170,"column":23},"end":{"line":170,"column":71}},"51":{"start":{"line":171,"column":19},"end":{"line":171,"column":56}},"52":{"start":{"line":173,"column":4},"end":{"line":179,"column":7}},"53":{"start":{"line":181,"column":4},"end":{"line":187,"column":7}},"54":{"start":{"line":189,"column":4},"end":{"line":189,"column":22}},"55":{"start":{"line":200,"column":4},"end":{"line":201,"column":65}},"56":{"start":{"line":201,"column":6},"end":{"line":201,"column":65}},"57":{"start":{"line":202,"column":17},"end":{"line":206,"column":null}},"58":{"start":{"line":209,"column":18},"end":{"line":209,"column":62}},"59":{"start":{"line":210,"column":36},"end":{"line":219,"column":6}},"60":{"start":{"line":220,"column":18},"end":{"line":220,"column":42}},"61":{"start":{"line":221,"column":25},"end":{"line":221,"column":50}},"62":{"start":{"line":222,"column":23},"end":{"line":222,"column":71}},"63":{"start":{"line":224,"column":6},"end":{"line":224,"column":57}},"64":{"start":{"line":225,"column":19},"end":{"line":225,"column":56}},"65":{"start":{"line":226,"column":4},"end":{"line":232,"column":7}},"66":{"start":{"line":233,"column":4},"end":{"line":239,"column":7}},"67":{"start":{"line":240,"column":25},"end":{"line":240,"column":75}},"68":{"start":{"line":241,"column":4},"end":{"line":241,"column":76}},"69":{"start":{"line":250,"column":4},"end":{"line":251,"column":65}},"70":{"start":{"line":251,"column":6},"end":{"line":251,"column":65}},"71":{"start":{"line":252,"column":17},"end":{"line":252,"column":70}},"72":{"start":{"line":253,"column":18},"end":{"line":253,"column":62}},"73":{"start":{"line":254,"column":36},"end":{"line":263,"column":6}},"74":{"start":{"line":264,"column":18},"end":{"line":264,"column":42}},"75":{"start":{"line":265,"column":25},"end":{"line":265,"column":50}},"76":{"start":{"line":266,"column":23},"end":{"line":266,"column":71}},"77":{"start":{"line":268,"column":6},"end":{"line":268,"column":57}},"78":{"start":{"line":269,"column":19},"end":{"line":269,"column":56}},"79":{"start":{"line":270,"column":4},"end":{"line":276,"column":7}},"80":{"start":{"line":277,"column":4},"end":{"line":283,"column":7}},"81":{"start":{"line":284,"column":25},"end":{"line":284,"column":75}},"82":{"start":{"line":285,"column":4},"end":{"line":285,"column":64}},"83":{"start":{"line":290,"column":23},"end":{"line":290,"column":71}},"84":{"start":{"line":292,"column":6},"end":{"line":292,"column":57}},"85":{"start":{"line":293,"column":19},"end":{"line":293,"column":56}},"86":{"start":{"line":294,"column":25},"end":{"line":294,"column":75}},"87":{"start":{"line":296,"column":4},"end":{"line":301,"column":7}},"88":{"start":{"line":302,"column":4},"end":{"line":307,"column":7}},"89":{"start":{"line":308,"column":4},"end":{"line":315,"column":7}},"90":{"start":{"line":316,"column":4},"end":{"line":323,"column":7}},"91":{"start":{"line":324,"column":4},"end":{"line":324,"column":62}},"92":{"start":{"line":64,"column":2},"end":{"line":64,"column":null}},"93":{"start":{"line":68,"column":8},"end":{"line":106,"column":null}},"94":{"start":{"line":111,"column":2},"end":{"line":135,"column":null}},"95":{"start":{"line":139,"column":8},"end":{"line":190,"column":null}},"96":{"start":{"line":193,"column":8},"end":{"line":242,"column":null}},"97":{"start":{"line":245,"column":8},"end":{"line":286,"column":null}},"98":{"start":{"line":289,"column":2},"end":{"line":325,"column":null}},"99":{"start":{"line":59,"column":13},"end":{"line":326,"column":null}},"100":{"start":{"line":329,"column":16},"end":{"line":329,"column":36}},"101":{"start":{"line":330,"column":2},"end":{"line":333,"column":3}},"102":{"start":{"line":331,"column":19},"end":{"line":331,"column":31}},"103":{"start":{"line":332,"column":4},"end":{"line":332,"column":55}},"104":{"start":{"line":332,"column":20},"end":{"line":332,"column":55}},"105":{"start":{"line":334,"column":2},"end":{"line":334,"column":14}}},"fnMap":{"0":{"name":"signAccessToken","decl":{"start":{"line":30,"column":9},"end":{"line":30,"column":24}},"loc":{"start":{"line":30,"column":62},"end":{"line":36,"column":1}}},"1":{"name":"signRefreshToken","decl":{"start":{"line":38,"column":9},"end":{"line":38,"column":25}},"loc":{"start":{"line":38,"column":63},"end":{"line":44,"column":1}}},"2":{"name":"verifySession","decl":{"start":{"line":46,"column":9},"end":{"line":46,"column":22}},"loc":{"start":{"line":46,"column":36},"end":{"line":56,"column":1}}},"3":{"name":"(anonymous_7)","decl":{"start":{"line":60,"column":2},"end":{"line":60,"column":31}},"loc":{"start":{"line":60,"column":55},"end":{"line":60,"column":59}}},"4":{"name":"(anonymous_8)","decl":{"start":{"line":64,"column":2},"end":{"line":64,"column":12}},"loc":{"start":{"line":64,"column":12},"end":{"line":64,"column":17}}},"5":{"name":"(anonymous_9)","decl":{"start":{"line":68,"column":2},"end":{"line":68,"column":7}},"loc":{"start":{"line":68,"column":64},"end":{"line":106,"column":3}}},"6":{"name":"(anonymous_10)","decl":{"start":{"line":111,"column":2},"end":{"line":111,"column":12}},"loc":{"start":{"line":111,"column":54},"end":{"line":135,"column":3}}},"7":{"name":"(anonymous_11)","decl":{"start":{"line":139,"column":2},"end":{"line":139,"column":7}},"loc":{"start":{"line":139,"column":57},"end":{"line":190,"column":3}}},"8":{"name":"(anonymous_12)","decl":{"start":{"line":193,"column":2},"end":{"line":193,"column":7}},"loc":{"start":{"line":198,"column":24},"end":{"line":242,"column":3}}},"9":{"name":"(anonymous_13)","decl":{"start":{"line":245,"column":2},"end":{"line":245,"column":7}},"loc":{"start":{"line":248,"column":24},"end":{"line":286,"column":3}}},"10":{"name":"(anonymous_14)","decl":{"start":{"line":289,"column":2},"end":{"line":289,"column":8}},"loc":{"start":{"line":289,"column":50},"end":{"line":325,"column":3}}},"11":{"name":"extractCookie","decl":{"start":{"line":328,"column":9},"end":{"line":328,"column":22}},"loc":{"start":{"line":328,"column":51},"end":{"line":335,"column":1}}}},"branchMap":{"0":{"loc":{"start":{"line":31,"column":17},"end":{"line":31,"column":78}},"type":"binary-expr","locations":[{"start":{"line":31,"column":17},"end":{"line":31,"column":43}},{"start":{"line":31,"column":47},"end":{"line":31,"column":78}}]},"1":{"loc":{"start":{"line":39,"column":17},"end":{"line":39,"column":78}},"type":"binary-expr","locations":[{"start":{"line":39,"column":17},"end":{"line":39,"column":43}},{"start":{"line":39,"column":47},"end":{"line":39,"column":78}}]},"2":{"loc":{"start":{"line":49,"column":6},"end":{"line":49,"column":67}},"type":"binary-expr","locations":[{"start":{"line":49,"column":6},"end":{"line":49,"column":32}},{"start":{"line":49,"column":36},"end":{"line":49,"column":67}}]},"3":{"loc":{"start":{"line":70,"column":4},"end":{"line":72,"column":5}},"type":"if","locations":[{"start":{"line":70,"column":4},"end":{"line":72,"column":5}}]},"4":{"loc":{"start":{"line":86,"column":23},"end":{"line":86,"column":71}},"type":"binary-expr","locations":[{"start":{"line":86,"column":23},"end":{"line":86,"column":54}},{"start":{"line":86,"column":58},"end":{"line":86,"column":71}}]},"5":{"loc":{"start":{"line":88,"column":6},"end":{"line":88,"column":57}},"type":"binary-expr","locations":[{"start":{"line":88,"column":6},"end":{"line":88,"column":37}},{"start":{"line":88,"column":41},"end":{"line":88,"column":57}}]},"6":{"loc":{"start":{"line":104,"column":25},"end":{"line":104,"column":75}},"type":"binary-expr","locations":[{"start":{"line":104,"column":25},"end":{"line":104,"column":48}},{"start":{"line":104,"column":52},"end":{"line":104,"column":75}}]},"7":{"loc":{"start":{"line":112,"column":23},"end":{"line":112,"column":71}},"type":"binary-expr","locations":[{"start":{"line":112,"column":23},"end":{"line":112,"column":54}},{"start":{"line":112,"column":58},"end":{"line":112,"column":71}}]},"8":{"loc":{"start":{"line":114,"column":7},"end":{"line":115,"column":60}},"type":"binary-expr","locations":[{"start":{"line":114,"column":7},"end":{"line":114,"column":40}},{"start":{"line":115,"column":6},"end":{"line":115,"column":60}}]},"9":{"loc":{"start":{"line":115,"column":20},"end":{"line":115,"column":47}},"type":"binary-expr","locations":[{"start":{"line":115,"column":20},"end":{"line":115,"column":41}},{"start":{"line":115,"column":45},"end":{"line":115,"column":47}}]},"10":{"loc":{"start":{"line":116,"column":4},"end":{"line":116,"column":43}},"type":"if","locations":[{"start":{"line":116,"column":4},"end":{"line":116,"column":43}}]},"11":{"loc":{"start":{"line":118,"column":4},"end":{"line":118,"column":45}},"type":"if","locations":[{"start":{"line":118,"column":4},"end":{"line":118,"column":45}}]},"12":{"loc":{"start":{"line":124,"column":17},"end":{"line":124,"column":42}},"type":"binary-expr","locations":[{"start":{"line":124,"column":17},"end":{"line":124,"column":34}},{"start":{"line":124,"column":38},"end":{"line":124,"column":42}}]},"13":{"loc":{"start":{"line":125,"column":16},"end":{"line":125,"column":40}},"type":"binary-expr","locations":[{"start":{"line":125,"column":16},"end":{"line":125,"column":32}},{"start":{"line":125,"column":36},"end":{"line":125,"column":40}}]},"14":{"loc":{"start":{"line":141,"column":6},"end":{"line":141,"column":57}},"type":"binary-expr","locations":[{"start":{"line":141,"column":6},"end":{"line":141,"column":37}},{"start":{"line":141,"column":41},"end":{"line":141,"column":57}}]},"15":{"loc":{"start":{"line":143,"column":7},"end":{"line":144,"column":67}},"type":"binary-expr","locations":[{"start":{"line":143,"column":7},"end":{"line":143,"column":47}},{"start":{"line":144,"column":6},"end":{"line":144,"column":67}}]},"16":{"loc":{"start":{"line":144,"column":20},"end":{"line":144,"column":47}},"type":"binary-expr","locations":[{"start":{"line":144,"column":20},"end":{"line":144,"column":41}},{"start":{"line":144,"column":45},"end":{"line":144,"column":47}}]},"17":{"loc":{"start":{"line":146,"column":4},"end":{"line":146,"column":50}},"type":"if","locations":[{"start":{"line":146,"column":4},"end":{"line":146,"column":50}}]},"18":{"loc":{"start":{"line":149,"column":4},"end":{"line":149,"column":75}},"type":"if","locations":[{"start":{"line":149,"column":4},"end":{"line":149,"column":75}}]},"19":{"loc":{"start":{"line":149,"column":8},"end":{"line":149,"column":46}},"type":"binary-expr","locations":[{"start":{"line":149,"column":8},"end":{"line":149,"column":16}},{"start":{"line":149,"column":20},"end":{"line":149,"column":46}}]},"20":{"loc":{"start":{"line":170,"column":23},"end":{"line":170,"column":71}},"type":"binary-expr","locations":[{"start":{"line":170,"column":23},"end":{"line":170,"column":54}},{"start":{"line":170,"column":58},"end":{"line":170,"column":71}}]},"21":{"loc":{"start":{"line":200,"column":4},"end":{"line":201,"column":65}},"type":"if","locations":[{"start":{"line":200,"column":4},"end":{"line":201,"column":65}}]},"22":{"loc":{"start":{"line":200,"column":8},"end":{"line":200,"column":27}},"type":"binary-expr","locations":[{"start":{"line":200,"column":8},"end":{"line":200,"column":14}},{"start":{"line":200,"column":18},"end":{"line":200,"column":27}}]},"23":{"loc":{"start":{"line":222,"column":23},"end":{"line":222,"column":71}},"type":"binary-expr","locations":[{"start":{"line":222,"column":23},"end":{"line":222,"column":54}},{"start":{"line":222,"column":58},"end":{"line":222,"column":71}}]},"24":{"loc":{"start":{"line":224,"column":6},"end":{"line":224,"column":57}},"type":"binary-expr","locations":[{"start":{"line":224,"column":6},"end":{"line":224,"column":37}},{"start":{"line":224,"column":41},"end":{"line":224,"column":57}}]},"25":{"loc":{"start":{"line":240,"column":25},"end":{"line":240,"column":75}},"type":"binary-expr","locations":[{"start":{"line":240,"column":25},"end":{"line":240,"column":48}},{"start":{"line":240,"column":52},"end":{"line":240,"column":75}}]},"26":{"loc":{"start":{"line":250,"column":4},"end":{"line":251,"column":65}},"type":"if","locations":[{"start":{"line":250,"column":4},"end":{"line":251,"column":65}}]},"27":{"loc":{"start":{"line":250,"column":8},"end":{"line":250,"column":27}},"type":"binary-expr","locations":[{"start":{"line":250,"column":8},"end":{"line":250,"column":14}},{"start":{"line":250,"column":18},"end":{"line":250,"column":27}}]},"28":{"loc":{"start":{"line":266,"column":23},"end":{"line":266,"column":71}},"type":"binary-expr","locations":[{"start":{"line":266,"column":23},"end":{"line":266,"column":54}},{"start":{"line":266,"column":58},"end":{"line":266,"column":71}}]},"29":{"loc":{"start":{"line":268,"column":6},"end":{"line":268,"column":57}},"type":"binary-expr","locations":[{"start":{"line":268,"column":6},"end":{"line":268,"column":37}},{"start":{"line":268,"column":41},"end":{"line":268,"column":57}}]},"30":{"loc":{"start":{"line":284,"column":25},"end":{"line":284,"column":75}},"type":"binary-expr","locations":[{"start":{"line":284,"column":25},"end":{"line":284,"column":48}},{"start":{"line":284,"column":52},"end":{"line":284,"column":75}}]},"31":{"loc":{"start":{"line":290,"column":23},"end":{"line":290,"column":71}},"type":"binary-expr","locations":[{"start":{"line":290,"column":23},"end":{"line":290,"column":54}},{"start":{"line":290,"column":58},"end":{"line":290,"column":71}}]},"32":{"loc":{"start":{"line":292,"column":6},"end":{"line":292,"column":57}},"type":"binary-expr","locations":[{"start":{"line":292,"column":6},"end":{"line":292,"column":37}},{"start":{"line":292,"column":41},"end":{"line":292,"column":57}}]},"33":{"loc":{"start":{"line":294,"column":25},"end":{"line":294,"column":75}},"type":"binary-expr","locations":[{"start":{"line":294,"column":25},"end":{"line":294,"column":48}},{"start":{"line":294,"column":52},"end":{"line":294,"column":75}}]},"34":{"loc":{"start":{"line":60,"column":44},"end":{"line":60,"column":58}},"type":"cond-expr","locations":[{"start":{"line":60,"column":55},"end":{"line":60,"column":58}},{"start":{"line":60,"column":55},"end":{"line":60,"column":58}}]},"35":{"loc":{"start":{"line":60,"column":44},"end":{"line":60,"column":55}},"type":"binary-expr","locations":[{"start":{"line":60,"column":44},"end":{"line":60,"column":58}},{"start":{"line":60,"column":44},"end":{"line":60,"column":55}}]},"36":{"loc":{"start":{"line":332,"column":4},"end":{"line":332,"column":55}},"type":"if","locations":[{"start":{"line":332,"column":4},"end":{"line":332,"column":55}}]},"37":{"loc":{"start":{"line":332,"column":46},"end":{"line":332,"column":53}},"type":"binary-expr","locations":[{"start":{"line":332,"column":46},"end":{"line":332,"column":47}},{"start":{"line":332,"column":51},"end":{"line":332,"column":53}}]}},"s":{"0":0,"1":0,"2":0,"3":0,"4":0,"5":0,"6":0,"7":0,"8":0,"9":0,"10":0,"11":0,"12":0,"13":0,"14":0,"15":0,"16":0,"17":0,"18":0,"19":0,"20":0,"21":0,"22":0,"23":0,"24":0,"25":0,"26":0,"27":0,"28":0,"29":0,"30":0,"31":0,"32":0,"33":0,"34":0,"35":0,"36":0,"37":0,"38":0,"39":0,"40":0,"41":0,"42":0,"43":0,"44":0,"45":0,"46":0,"47":0,"48":0,"49":0,"50":0,"51":0,"52":0,"53":0,"54":0,"55":0,"56":0,"57":0,"58":0,"59":0,"60":0,"61":0,"62":0,"63":0,"64":0,"65":0,"66":0,"67":0,"68":0,"69":0,"70":0,"71":0,"72":0,"73":0,"74":0,"75":0,"76":0,"77":0,"78":0,"79":0,"80":0,"81":0,"82":0,"83":0,"84":0,"85":0,"86":0,"87":0,"88":0,"89":0,"90":0,"91":0,"92":0,"93":0,"94":0,"95":0,"96":0,"97":0,"98":0,"99":0,"100":0,"101":0,"102":0,"103":0,"104":0,"105":0},"f":{"0":0,"1":0,"2":0,"3":0,"4":0,"5":0,"6":0,"7":0,"8":0,"9":0,"10":0,"11":0},"b":{"0":[0,0],"1":[0,0],"2":[0,0],"3":[0],"4":[0,0],"5":[0,0],"6":[0,0],"7":[0,0],"8":[0,0],"9":[0,0],"10":[0],"11":[0],"12":[0,0],"13":[0,0],"14":[0,0],"15":[0,0],"16":[0,0],"17":[0],"18":[0],"19":[0,0],"20":[0,0],"21":[0],"22":[0,0],"23":[0,0],"24":[0,0],"25":[0,0],"26":[0],"27":[0,0],"28":[0,0],"29":[0,0],"30":[0,0],"31":[0,0],"32":[0,0],"33":[0,0],"34":[0,0],"35":[0,0],"36":[0],"37":[0,0]}}
,"/Users/davidcook/personal/thrive-wp/nestjs/src/auth/auth.module.ts": {"path":"/Users/davidcook/personal/thrive-wp/nestjs/src/auth/auth.module.ts","statementMap":{"0":{"start":{"line":22,"column":7},"end":{"line":22,"column":null}},"1":{"start":{"line":22,"column":13},"end":{"line":22,"column":null}}},"fnMap":{},"branchMap":{},"s":{"0":0,"1":0},"f":{},"b":{}}
,"/Users/davidcook/personal/thrive-wp/nestjs/src/auth/auth.service.ts": {"path":"/Users/davidcook/personal/thrive-wp/nestjs/src/auth/auth.service.ts","statementMap":{"0":{"start":{"line":22,"column":24},"end":{"line":153,"column":null}},"1":{"start":{"line":27,"column":21},"end":{"line":27,"column":32}},"2":{"start":{"line":29,"column":21},"end":{"line":29,"column":32}},"3":{"start":{"line":31,"column":21},"end":{"line":31,"column":34}},"4":{"start":{"line":23,"column":19},"end":{"line":23,"column":57}},"5":{"start":{"line":38,"column":16},"end":{"line":38,"column":21}},"6":{"start":{"line":40,"column":4},"end":{"line":43,"column":5}},"7":{"start":{"line":41,"column":6},"end":{"line":41,"column":53}},"8":{"start":{"line":42,"column":6},"end":{"line":42,"column":19}},"9":{"start":{"line":44,"column":4},"end":{"line":47,"column":5}},"10":{"start":{"line":45,"column":6},"end":{"line":45,"column":53}},"11":{"start":{"line":46,"column":6},"end":{"line":46,"column":19}},"12":{"start":{"line":48,"column":4},"end":{"line":48,"column":31}},"13":{"start":{"line":52,"column":18},"end":{"line":52,"column":59}},"14":{"start":{"line":53,"column":4},"end":{"line":53,"column":44}},"15":{"start":{"line":54,"column":4},"end":{"line":56,"column":5}},"16":{"start":{"line":55,"column":6},"end":{"line":55,"column":54}},"17":{"start":{"line":59,"column":15},"end":{"line":59,"column":65}},"18":{"start":{"line":61,"column":4},"end":{"line":77,"column":5}},"19":{"start":{"line":63,"column":24},"end":{"line":63,"column":64}},"20":{"start":{"line":64,"column":6},"end":{"line":67,"column":7}},"21":{"start":{"line":65,"column":8},"end":{"line":65,"column":52}},"22":{"start":{"line":66,"column":8},"end":{"line":66,"column":56}},"23":{"start":{"line":70,"column":6},"end":{"line":74,"column":9}},"24":{"start":{"line":75,"column":6},"end":{"line":75,"column":45}},"25":{"start":{"line":76,"column":6},"end":{"line":76,"column":58}},"26":{"start":{"line":79,"column":4},"end":{"line":79,"column":16}},"27":{"start":{"line":88,"column":4},"end":{"line":88,"column":32}},"28":{"start":{"line":91,"column":21},"end":{"line":91,"column":71}},"29":{"start":{"line":92,"column":4},"end":{"line":94,"column":5}},"30":{"start":{"line":93,"column":6},"end":{"line":93,"column":64}},"31":{"start":{"line":96,"column":25},"end":{"line":96,"column":56}},"32":{"start":{"line":98,"column":4},"end":{"line":117,"column":5}},"33":{"start":{"line":100,"column":6},"end":{"line":100,"column":43}},"34":{"start":{"line":101,"column":6},"end":{"line":101,"column":52}},"35":{"start":{"line":101,"column":21},"end":{"line":101,"column":52}},"36":{"start":{"line":102,"column":6},"end":{"line":102,"column":49}},"37":{"start":{"line":102,"column":20},"end":{"line":102,"column":49}},"38":{"start":{"line":103,"column":19},"end":{"line":103,"column":54}},"39":{"start":{"line":104,"column":6},"end":{"line":104,"column":53}},"40":{"start":{"line":105,"column":6},"end":{"line":105,"column":18}},"41":{"start":{"line":108,"column":19},"end":{"line":113,"column":8}},"42":{"start":{"line":114,"column":24},"end":{"line":114,"column":55}},"43":{"start":{"line":115,"column":6},"end":{"line":115,"column":57}},"44":{"start":{"line":116,"column":6},"end":{"line":116,"column":23}},"45":{"start":{"line":121,"column":4},"end":{"line":121,"column":32}},"46":{"start":{"line":122,"column":17},"end":{"line":122,"column":67}},"47":{"start":{"line":123,"column":4},"end":{"line":125,"column":5}},"48":{"start":{"line":124,"column":6},"end":{"line":124,"column":61}},"49":{"start":{"line":126,"column":15},"end":{"line":126,"column":64}},"50":{"start":{"line":127,"column":4},"end":{"line":129,"column":5}},"51":{"start":{"line":128,"column":6},"end":{"line":128,"column":61}},"52":{"start":{"line":130,"column":4},"end":{"line":130,"column":16}},"53":{"start":{"line":134,"column":28},"end":{"line":134,"column":30}},"54":{"start":{"line":137,"column":19},"end":{"line":143,"column":null}},"55":{"start":{"line":147,"column":4},"end":{"line":149,"column":5}},"56":{"start":{"line":148,"column":6},"end":{"line":148,"column":27}},"57":{"start":{"line":151,"column":4},"end":{"line":151,"column":17}},"58":{"start":{"line":22,"column":13},"end":{"line":153,"column":null}}},"fnMap":{"0":{"name":"(anonymous_4)","decl":{"start":{"line":25,"column":2},"end":{"line":25,"column":null}},"loc":{"start":{"line":31,"column":53},"end":{"line":32,"column":6}}},"1":{"name":"(anonymous_5)","decl":{"start":{"line":34,"column":10},"end":{"line":34,"column":30}},"loc":{"start":{"line":36,"column":14},"end":{"line":49,"column":3}}},"2":{"name":"(anonymous_6)","decl":{"start":{"line":51,"column":2},"end":{"line":51,"column":7}},"loc":{"start":{"line":51,"column":53},"end":{"line":80,"column":3}}},"3":{"name":"(anonymous_7)","decl":{"start":{"line":82,"column":2},"end":{"line":82,"column":7}},"loc":{"start":{"line":86,"column":17},"end":{"line":118,"column":3}}},"4":{"name":"(anonymous_8)","decl":{"start":{"line":120,"column":2},"end":{"line":120,"column":7}},"loc":{"start":{"line":120,"column":53},"end":{"line":131,"column":3}}},"5":{"name":"(anonymous_9)","decl":{"start":{"line":133,"column":2},"end":{"line":133,"column":7}},"loc":{"start":{"line":133,"column":35},"end":{"line":152,"column":3}}}},"branchMap":{"0":{"loc":{"start":{"line":40,"column":4},"end":{"line":43,"column":5}},"type":"if","locations":[{"start":{"line":40,"column":4},"end":{"line":43,"column":5}}]},"1":{"loc":{"start":{"line":41,"column":23},"end":{"line":41,"column":52}},"type":"binary-expr","locations":[{"start":{"line":41,"column":23},"end":{"line":41,"column":46}},{"start":{"line":41,"column":50},"end":{"line":41,"column":52}}]},"2":{"loc":{"start":{"line":44,"column":4},"end":{"line":47,"column":5}},"type":"if","locations":[{"start":{"line":44,"column":4},"end":{"line":47,"column":5}}]},"3":{"loc":{"start":{"line":45,"column":22},"end":{"line":45,"column":52}},"type":"binary-expr","locations":[{"start":{"line":45,"column":22},"end":{"line":45,"column":46}},{"start":{"line":45,"column":50},"end":{"line":45,"column":52}}]},"4":{"loc":{"start":{"line":48,"column":11},"end":{"line":48,"column":30}},"type":"cond-expr","locations":[{"start":{"line":48,"column":19},"end":{"line":48,"column":23}},{"start":{"line":48,"column":26},"end":{"line":48,"column":30}}]},"5":{"loc":{"start":{"line":54,"column":4},"end":{"line":56,"column":5}},"type":"if","locations":[{"start":{"line":54,"column":4},"end":{"line":56,"column":5}}]},"6":{"loc":{"start":{"line":61,"column":4},"end":{"line":77,"column":5}},"type":"if","locations":[{"start":{"line":61,"column":4},"end":{"line":77,"column":5}},{"start":{"line":68,"column":11},"end":{"line":77,"column":5}}]},"7":{"loc":{"start":{"line":64,"column":6},"end":{"line":67,"column":7}},"type":"if","locations":[{"start":{"line":64,"column":6},"end":{"line":67,"column":7}}]},"8":{"loc":{"start":{"line":72,"column":19},"end":{"line":72,"column":48}},"type":"binary-expr","locations":[{"start":{"line":72,"column":19},"end":{"line":72,"column":42}},{"start":{"line":72,"column":46},"end":{"line":72,"column":48}}]},"9":{"loc":{"start":{"line":73,"column":18},"end":{"line":73,"column":48}},"type":"binary-expr","locations":[{"start":{"line":73,"column":18},"end":{"line":73,"column":42}},{"start":{"line":73,"column":46},"end":{"line":73,"column":48}}]},"10":{"loc":{"start":{"line":85,"column":4},"end":{"line":85,"column":18}},"type":"default-arg","locations":[{"start":{"line":85,"column":16},"end":{"line":85,"column":18}}]},"11":{"loc":{"start":{"line":86,"column":4},"end":{"line":86,"column":17}},"type":"default-arg","locations":[{"start":{"line":86,"column":15},"end":{"line":86,"column":17}}]},"12":{"loc":{"start":{"line":92,"column":4},"end":{"line":94,"column":5}},"type":"if","locations":[{"start":{"line":92,"column":4},"end":{"line":94,"column":5}}]},"13":{"loc":{"start":{"line":92,"column":8},"end":{"line":92,"column":41}},"type":"binary-expr","locations":[{"start":{"line":92,"column":8},"end":{"line":92,"column":16}},{"start":{"line":92,"column":20},"end":{"line":92,"column":41}}]},"14":{"loc":{"start":{"line":98,"column":4},"end":{"line":117,"column":5}},"type":"if","locations":[{"start":{"line":98,"column":4},"end":{"line":117,"column":5}},{"start":{"line":106,"column":11},"end":{"line":117,"column":5}}]},"15":{"loc":{"start":{"line":101,"column":6},"end":{"line":101,"column":52}},"type":"if","locations":[{"start":{"line":101,"column":6},"end":{"line":101,"column":52}}]},"16":{"loc":{"start":{"line":102,"column":6},"end":{"line":102,"column":49}},"type":"if","locations":[{"start":{"line":102,"column":6},"end":{"line":102,"column":49}}]},"17":{"loc":{"start":{"line":123,"column":4},"end":{"line":125,"column":5}},"type":"if","locations":[{"start":{"line":123,"column":4},"end":{"line":125,"column":5}}]},"18":{"loc":{"start":{"line":123,"column":8},"end":{"line":123,"column":35}},"type":"binary-expr","locations":[{"start":{"line":123,"column":8},"end":{"line":123,"column":13}},{"start":{"line":123,"column":17},"end":{"line":123,"column":35}}]},"19":{"loc":{"start":{"line":127,"column":4},"end":{"line":129,"column":5}},"type":"if","locations":[{"start":{"line":127,"column":4},"end":{"line":129,"column":5}}]},"20":{"loc":{"start":{"line":27,"column":32},"end":{"line":27,"column":48}},"type":"cond-expr","locations":[{"start":{"line":27,"column":42},"end":{"line":27,"column":48}},{"start":{"line":27,"column":42},"end":{"line":27,"column":48}}]},"21":{"loc":{"start":{"line":27,"column":32},"end":{"line":27,"column":42}},"type":"binary-expr","locations":[{"start":{"line":27,"column":32},"end":{"line":27,"column":48}},{"start":{"line":27,"column":32},"end":{"line":27,"column":42}}]},"22":{"loc":{"start":{"line":27,"column":42},"end":{"line":29,"column":49}},"type":"cond-expr","locations":[{"start":{"line":29,"column":42},"end":{"line":29,"column":49}},{"start":{"line":29,"column":42},"end":{"line":29,"column":49}}]},"23":{"loc":{"start":{"line":27,"column":42},"end":{"line":29,"column":42}},"type":"binary-expr","locations":[{"start":{"line":27,"column":42},"end":{"line":29,"column":49}},{"start":{"line":29,"column":32},"end":{"line":29,"column":42}}]},"24":{"loc":{"start":{"line":29,"column":42},"end":{"line":31,"column":53}},"type":"cond-expr","locations":[{"start":{"line":31,"column":44},"end":{"line":31,"column":53}},{"start":{"line":31,"column":44},"end":{"line":31,"column":53}}]},"25":{"loc":{"start":{"line":29,"column":42},"end":{"line":31,"column":44}},"type":"binary-expr","locations":[{"start":{"line":29,"column":42},"end":{"line":31,"column":53}},{"start":{"line":31,"column":34},"end":{"line":31,"column":44}}]}},"s":{"0":1,"1":5,"2":5,"3":5,"4":5,"5":0,"6":0,"7":0,"8":0,"9":0,"10":0,"11":0,"12":0,"13":0,"14":0,"15":0,"16":0,"17":0,"18":0,"19":0,"20":0,"21":0,"22":0,"23":0,"24":0,"25":0,"26":0,"27":0,"28":0,"29":0,"30":0,"31":0,"32":0,"33":0,"34":0,"35":0,"36":0,"37":0,"38":0,"39":0,"40":0,"41":0,"42":0,"43":0,"44":0,"45":0,"46":0,"47":0,"48":0,"49":0,"50":0,"51":0,"52":0,"53":4,"54":4,"55":4,"56":4,"57":4,"58":1},"f":{"0":5,"1":0,"2":0,"3":0,"4":0,"5":4},"b":{"0":[0],"1":[0,0],"2":[0],"3":[0,0],"4":[0,0],"5":[0],"6":[0,0],"7":[0],"8":[0,0],"9":[0,0],"10":[0],"11":[0],"12":[0],"13":[0,0],"14":[0,0],"15":[0],"16":[0],"17":[0],"18":[0,0],"19":[0],"20":[1,0],"21":[1,1],"22":[1,0],"23":[1,1],"24":[1,0],"25":[1,1]}}
,"/Users/davidcook/personal/thrive-wp/nestjs/src/auth/teacher.guard.ts": {"path":"/Users/davidcook/personal/thrive-wp/nestjs/src/auth/teacher.guard.ts","statementMap":{"0":{"start":{"line":17,"column":7},"end":{"line":74,"column":null}},"1":{"start":{"line":18,"column":31},"end":{"line":18,"column":44}},"2":{"start":{"line":21,"column":20},"end":{"line":21,"column":55}},"3":{"start":{"line":22,"column":23},"end":{"line":22,"column":71}},"4":{"start":{"line":26,"column":6},"end":{"line":27,"column":69}},"5":{"start":{"line":29,"column":4},"end":{"line":31,"column":5}},"6":{"start":{"line":30,"column":6},"end":{"line":30,"column":74}},"7":{"start":{"line":34,"column":20},"end":{"line":34,"column":45}},"8":{"start":{"line":35,"column":4},"end":{"line":37,"column":5}},"9":{"start":{"line":36,"column":6},"end":{"line":36,"column":66}},"10":{"start":{"line":40,"column":4},"end":{"line":42,"column":5}},"11":{"start":{"line":41,"column":6},"end":{"line":41,"column":65}},"12":{"start":{"line":45,"column":4},"end":{"line":49,"column":6}},"13":{"start":{"line":51,"column":4},"end":{"line":51,"column":16}},"14":{"start":{"line":55,"column":4},"end":{"line":63,"column":5}},"15":{"start":{"line":57,"column":8},"end":{"line":57,"column":69}},"16":{"start":{"line":58,"column":6},"end":{"line":60,"column":27}},"17":{"start":{"line":62,"column":6},"end":{"line":62,"column":18}},"18":{"start":{"line":67,"column":18},"end":{"line":67,"column":38}},"19":{"start":{"line":68,"column":4},"end":{"line":71,"column":5}},"20":{"start":{"line":69,"column":21},"end":{"line":69,"column":33}},"21":{"start":{"line":70,"column":6},"end":{"line":70,"column":57}},"22":{"start":{"line":70,"column":22},"end":{"line":70,"column":57}},"23":{"start":{"line":72,"column":4},"end":{"line":72,"column":16}},"24":{"start":{"line":17,"column":13},"end":{"line":74,"column":null}}},"fnMap":{"0":{"name":"(anonymous_2)","decl":{"start":{"line":18,"column":2},"end":{"line":18,"column":31}},"loc":{"start":{"line":18,"column":55},"end":{"line":18,"column":59}}},"1":{"name":"(anonymous_3)","decl":{"start":{"line":20,"column":2},"end":{"line":20,"column":7}},"loc":{"start":{"line":20,"column":45},"end":{"line":52,"column":3}}},"2":{"name":"(anonymous_4)","decl":{"start":{"line":54,"column":10},"end":{"line":54,"column":23}},"loc":{"start":{"line":54,"column":37},"end":{"line":64,"column":3}}},"3":{"name":"(anonymous_5)","decl":{"start":{"line":66,"column":10},"end":{"line":66,"column":23}},"loc":{"start":{"line":66,"column":52},"end":{"line":73,"column":3}}}},"branchMap":{"0":{"loc":{"start":{"line":22,"column":23},"end":{"line":22,"column":71}},"type":"binary-expr","locations":[{"start":{"line":22,"column":23},"end":{"line":22,"column":54}},{"start":{"line":22,"column":58},"end":{"line":22,"column":71}}]},"1":{"loc":{"start":{"line":26,"column":6},"end":{"line":27,"column":69}},"type":"binary-expr","locations":[{"start":{"line":26,"column":6},"end":{"line":26,"column":35}},{"start":{"line":27,"column":6},"end":{"line":27,"column":69}}]},"2":{"loc":{"start":{"line":27,"column":25},"end":{"line":27,"column":56}},"type":"binary-expr","locations":[{"start":{"line":27,"column":25},"end":{"line":27,"column":50}},{"start":{"line":27,"column":54},"end":{"line":27,"column":56}}]},"3":{"loc":{"start":{"line":29,"column":4},"end":{"line":31,"column":5}},"type":"if","locations":[{"start":{"line":29,"column":4},"end":{"line":31,"column":5}}]},"4":{"loc":{"start":{"line":35,"column":4},"end":{"line":37,"column":5}},"type":"if","locations":[{"start":{"line":35,"column":4},"end":{"line":37,"column":5}}]},"5":{"loc":{"start":{"line":40,"column":4},"end":{"line":42,"column":5}},"type":"if","locations":[{"start":{"line":40,"column":4},"end":{"line":42,"column":5}}]},"6":{"loc":{"start":{"line":57,"column":8},"end":{"line":57,"column":69}},"type":"binary-expr","locations":[{"start":{"line":57,"column":8},"end":{"line":57,"column":34}},{"start":{"line":57,"column":38},"end":{"line":57,"column":69}}]},"7":{"loc":{"start":{"line":70,"column":6},"end":{"line":70,"column":57}},"type":"if","locations":[{"start":{"line":70,"column":6},"end":{"line":70,"column":57}}]},"8":{"loc":{"start":{"line":70,"column":48},"end":{"line":70,"column":55}},"type":"binary-expr","locations":[{"start":{"line":70,"column":48},"end":{"line":70,"column":49}},{"start":{"line":70,"column":53},"end":{"line":70,"column":55}}]},"9":{"loc":{"start":{"line":18,"column":44},"end":{"line":18,"column":58}},"type":"cond-expr","locations":[{"start":{"line":18,"column":55},"end":{"line":18,"column":58}},{"start":{"line":18,"column":55},"end":{"line":18,"column":58}}]},"10":{"loc":{"start":{"line":18,"column":44},"end":{"line":18,"column":55}},"type":"binary-expr","locations":[{"start":{"line":18,"column":44},"end":{"line":18,"column":58}},{"start":{"line":18,"column":44},"end":{"line":18,"column":55}}]}},"s":{"0":0,"1":0,"2":0,"3":0,"4":0,"5":0,"6":0,"7":0,"8":0,"9":0,"10":0,"11":0,"12":0,"13":0,"14":0,"15":0,"16":0,"17":0,"18":0,"19":0,"20":0,"21":0,"22":0,"23":0,"24":0},"f":{"0":0,"1":0,"2":0,"3":0},"b":{"0":[0,0],"1":[0,0],"2":[0,0],"3":[0],"4":[0],"5":[0],"6":[0,0],"7":[0],"8":[0,0],"9":[0,0],"10":[0,0]}}
,"/Users/davidcook/personal/thrive-wp/nestjs/src/auth/strategies/google.strategy.ts": {"path":"/Users/davidcook/personal/thrive-wp/nestjs/src/auth/strategies/google.strategy.ts","statementMap":{"0":{"start":{"line":8,"column":7},"end":{"line":56,"column":null}},"1":{"start":{"line":13,"column":21},"end":{"line":13,"column":65}},"2":{"start":{"line":14,"column":25},"end":{"line":14,"column":73}},"3":{"start":{"line":15,"column":4},"end":{"line":17,"column":5}},"4":{"start":{"line":16,"column":6},"end":{"line":16,"column":70}},"5":{"start":{"line":18,"column":4},"end":{"line":20,"column":5}},"6":{"start":{"line":19,"column":6},"end":{"line":19,"column":66}},"7":{"start":{"line":21,"column":4},"end":{"line":27,"column":7}},"8":{"start":{"line":10,"column":21},"end":{"line":10,"column":36}},"9":{"start":{"line":11,"column":21},"end":{"line":11,"column":34}},"10":{"start":{"line":34,"column":19},"end":{"line":34,"column":70}},"11":{"start":{"line":35,"column":4},"end":{"line":35,"column":22}},"12":{"start":{"line":44,"column":4},"end":{"line":54,"column":5}},"13":{"start":{"line":45,"column":19},"end":{"line":50,"column":8}},"14":{"start":{"line":47,"column":44},"end":{"line":47,"column":62}},"15":{"start":{"line":51,"column":6},"end":{"line":51,"column":30}},"16":{"start":{"line":53,"column":6},"end":{"line":53,"column":69}},"17":{"start":{"line":8,"column":13},"end":{"line":56,"column":null}}},"fnMap":{"0":{"name":"(anonymous_2)","decl":{"start":{"line":9,"column":2},"end":{"line":9,"column":null}},"loc":{"start":{"line":11,"column":45},"end":{"line":28,"column":3}}},"1":{"name":"(anonymous_3)","decl":{"start":{"line":33,"column":9},"end":{"line":33,"column":28}},"loc":{"start":{"line":33,"column":28},"end":{"line":36,"column":3}}},"2":{"name":"(anonymous_4)","decl":{"start":{"line":38,"column":2},"end":{"line":38,"column":7}},"loc":{"start":{"line":42,"column":52},"end":{"line":55,"column":3}}},"3":{"name":"(anonymous_5)","decl":{"start":{"line":47,"column":36},"end":{"line":47,"column":37}},"loc":{"start":{"line":47,"column":44},"end":{"line":47,"column":62}}}},"branchMap":{"0":{"loc":{"start":{"line":15,"column":4},"end":{"line":17,"column":5}},"type":"if","locations":[{"start":{"line":15,"column":4},"end":{"line":17,"column":5}}]},"1":{"loc":{"start":{"line":15,"column":8},"end":{"line":15,"column":34}},"type":"binary-expr","locations":[{"start":{"line":15,"column":8},"end":{"line":15,"column":17}},{"start":{"line":15,"column":21},"end":{"line":15,"column":34}}]},"2":{"loc":{"start":{"line":18,"column":4},"end":{"line":20,"column":5}},"type":"if","locations":[{"start":{"line":18,"column":4},"end":{"line":20,"column":5}}]},"3":{"loc":{"start":{"line":34,"column":19},"end":{"line":34,"column":70}},"type":"binary-expr","locations":[{"start":{"line":34,"column":19},"end":{"line":34,"column":50}},{"start":{"line":34,"column":54},"end":{"line":34,"column":70}}]},"4":{"loc":{"start":{"line":10,"column":36},"end":{"line":10,"column":null}},"type":"cond-expr","locations":[{"start":{"line":10,"column":49},"end":{"line":10,"column":null}},{"start":{"line":10,"column":49},"end":{"line":10,"column":null}}]},"5":{"loc":{"start":{"line":10,"column":36},"end":{"line":10,"column":49}},"type":"binary-expr","locations":[{"start":{"line":10,"column":36},"end":{"line":10,"column":null}},{"start":{"line":10,"column":36},"end":{"line":10,"column":49}}]},"6":{"loc":{"start":{"line":10,"column":49},"end":{"line":11,"column":null}},"type":"cond-expr","locations":[{"start":{"line":11,"column":45},"end":{"line":11,"column":null}},{"start":{"line":11,"column":45},"end":{"line":11,"column":null}}]},"7":{"loc":{"start":{"line":10,"column":49},"end":{"line":11,"column":45}},"type":"binary-expr","locations":[{"start":{"line":10,"column":49},"end":{"line":11,"column":null}},{"start":{"line":11,"column":34},"end":{"line":11,"column":45}}]}},"s":{"0":0,"1":0,"2":0,"3":0,"4":0,"5":0,"6":0,"7":0,"8":0,"9":0,"10":0,"11":0,"12":0,"13":0,"14":0,"15":0,"16":0,"17":0},"f":{"0":0,"1":0,"2":0,"3":0},"b":{"0":[0],"1":[0,0],"2":[0],"3":[0,0],"4":[0,0],"5":[0,0],"6":[0,0],"7":[0,0]}}
,"/Users/davidcook/personal/thrive-wp/nestjs/src/bookings/entities/booking.entity.ts": {"path":"/Users/davidcook/personal/thrive-wp/nestjs/src/bookings/entities/booking.entity.ts","statementMap":{"0":{"start":{"line":9,"column":0},"end":{"line":9,"column":null}},"1":{"start":{"line":10,"column":2},"end":{"line":10,"column":null}},"2":{"start":{"line":11,"column":2},"end":{"line":11,"column":null}},"3":{"start":{"line":12,"column":2},"end":{"line":12,"column":null}},"4":{"start":{"line":13,"column":2},"end":{"line":13,"column":null}},"5":{"start":{"line":14,"column":2},"end":{"line":14,"column":null}},"6":{"start":{"line":24,"column":7},"end":{"line":91,"column":null}},"7":{"start":{"line":30,"column":2},"end":{"line":30,"column":null}},"8":{"start":{"line":34,"column":2},"end":{"line":34,"column":null}},"9":{"start":{"line":32,"column":19},"end":{"line":32,"column":26}},"10":{"start":{"line":41,"column":2},"end":{"line":41,"column":null}},"11":{"start":{"line":45,"column":2},"end":{"line":45,"column":null}},"12":{"start":{"line":43,"column":19},"end":{"line":43,"column":26}},"13":{"start":{"line":54,"column":2},"end":{"line":54,"column":null}},"14":{"start":{"line":63,"column":2},"end":{"line":63,"column":null}},"15":{"start":{"line":72,"column":2},"end":{"line":72,"column":null}},"16":{"start":{"line":81,"column":2},"end":{"line":81,"column":null}},"17":{"start":{"line":90,"column":2},"end":{"line":90,"column":null}},"18":{"start":{"line":24,"column":13},"end":{"line":91,"column":null}}},"fnMap":{"0":{"name":"(anonymous_2)","decl":{"start":{"line":9,"column":0},"end":{"line":9,"column":6}},"loc":{"start":{"line":9,"column":25},"end":{"line":15,"column":1}}},"1":{"name":"(anonymous_3)","decl":{"start":{"line":32,"column":13},"end":{"line":32,"column":16}},"loc":{"start":{"line":32,"column":19},"end":{"line":32,"column":26}}},"2":{"name":"(anonymous_4)","decl":{"start":{"line":43,"column":13},"end":{"line":43,"column":16}},"loc":{"start":{"line":43,"column":19},"end":{"line":43,"column":26}}}},"branchMap":{"0":{"loc":{"start":{"line":9,"column":12},"end":{"line":9,"column":null}},"type":"binary-expr","locations":[{"start":{"line":9,"column":12},"end":{"line":9,"column":25}},{"start":{"line":9,"column":12},"end":{"line":9,"column":null}}]},"1":{"loc":{"start":{"line":34,"column":11},"end":{"line":34,"column":19}},"type":"cond-expr","locations":[{"start":{"line":34,"column":18},"end":{"line":34,"column":19}},{"start":{"line":34,"column":18},"end":{"line":34,"column":19}}]},"2":{"loc":{"start":{"line":34,"column":11},"end":{"line":34,"column":18}},"type":"binary-expr","locations":[{"start":{"line":34,"column":11},"end":{"line":34,"column":19}},{"start":{"line":34,"column":11},"end":{"line":34,"column":18}}]},"3":{"loc":{"start":{"line":45,"column":11},"end":{"line":45,"column":19}},"type":"cond-expr","locations":[{"start":{"line":45,"column":18},"end":{"line":45,"column":19}},{"start":{"line":45,"column":18},"end":{"line":45,"column":19}}]},"4":{"loc":{"start":{"line":45,"column":11},"end":{"line":45,"column":18}},"type":"binary-expr","locations":[{"start":{"line":45,"column":11},"end":{"line":45,"column":19}},{"start":{"line":45,"column":11},"end":{"line":45,"column":18}}]}},"s":{"0":0,"1":0,"2":0,"3":0,"4":0,"5":0,"6":0,"7":0,"8":0,"9":0,"10":0,"11":0,"12":0,"13":0,"14":0,"15":0,"16":0,"17":0,"18":0},"f":{"0":0,"1":0,"2":0},"b":{"0":[0,0],"1":[0,0],"2":[0,0],"3":[0,0],"4":[0,0]}}
,"/Users/davidcook/personal/thrive-wp/nestjs/src/common/entities/base.entity.ts": {"path":"/Users/davidcook/personal/thrive-wp/nestjs/src/common/entities/base.entity.ts","statementMap":{"0":{"start":{"line":15,"column":2},"end":{"line":15,"column":null}},"1":{"start":{"line":23,"column":2},"end":{"line":23,"column":null}},"2":{"start":{"line":31,"column":2},"end":{"line":31,"column":null}},"3":{"start":{"line":40,"column":2},"end":{"line":40,"column":null}}},"fnMap":{},"branchMap":{"0":{"loc":{"start":{"line":23,"column":13},"end":{"line":23,"column":18}},"type":"cond-expr","locations":[{"start":{"line":23,"column":17},"end":{"line":23,"column":18}},{"start":{"line":23,"column":17},"end":{"line":23,"column":18}}]},"1":{"loc":{"start":{"line":23,"column":13},"end":{"line":23,"column":17}},"type":"binary-expr","locations":[{"start":{"line":23,"column":13},"end":{"line":23,"column":18}},{"start":{"line":23,"column":13},"end":{"line":23,"column":17}}]},"2":{"loc":{"start":{"line":31,"column":13},"end":{"line":31,"column":18}},"type":"cond-expr","locations":[{"start":{"line":31,"column":17},"end":{"line":31,"column":18}},{"start":{"line":31,"column":17},"end":{"line":31,"column":18}}]},"3":{"loc":{"start":{"line":31,"column":13},"end":{"line":31,"column":17}},"type":"binary-expr","locations":[{"start":{"line":31,"column":13},"end":{"line":31,"column":18}},{"start":{"line":31,"column":13},"end":{"line":31,"column":17}}]},"4":{"loc":{"start":{"line":40,"column":14},"end":{"line":40,"column":19}},"type":"cond-expr","locations":[{"start":{"line":40,"column":18},"end":{"line":40,"column":19}},{"start":{"line":40,"column":18},"end":{"line":40,"column":19}}]},"5":{"loc":{"start":{"line":40,"column":14},"end":{"line":40,"column":18}},"type":"binary-expr","locations":[{"start":{"line":40,"column":14},"end":{"line":40,"column":19}},{"start":{"line":40,"column":14},"end":{"line":40,"column":18}}]}},"s":{"0":6,"1":6,"2":6,"3":6},"f":{},"b":{"0":[6,0],"1":[6,6],"2":[6,0],"3":[6,6],"4":[6,0],"5":[6,6]}}
,"/Users/davidcook/personal/thrive-wp/nestjs/src/config/configuration.ts": {"path":"/Users/davidcook/personal/thrive-wp/nestjs/src/config/configuration.ts","statementMap":{"0":{"start":{"line":26,"column":22},"end":{"line":63,"column":2}},"1":{"start":{"line":42,"column":6},"end":{"line":44,"column":7}},"2":{"start":{"line":43,"column":8},"end":{"line":43,"column":53}},"3":{"start":{"line":45,"column":6},"end":{"line":45,"column":52}}},"fnMap":{"0":{"name":"(anonymous_0)","decl":{"start":{"line":26,"column":15},"end":{"line":26,"column":18}},"loc":{"start":{"line":26,"column":22},"end":{"line":63,"column":2}}},"1":{"name":"(anonymous_1)","decl":{"start":{"line":41,"column":18},"end":{"line":41,"column":21}},"loc":{"start":{"line":41,"column":23},"end":{"line":46,"column":5}}}},"branchMap":{"0":{"loc":{"start":{"line":27,"column":17},"end":{"line":27,"column":43}},"type":"binary-expr","locations":[{"start":{"line":27,"column":17},"end":{"line":27,"column":33}},{"start":{"line":27,"column":37},"end":{"line":27,"column":43}}]},"1":{"loc":{"start":{"line":28,"column":15},"end":{"line":28,"column":52}},"type":"binary-expr","locations":[{"start":{"line":28,"column":15},"end":{"line":28,"column":35}},{"start":{"line":28,"column":39},"end":{"line":28,"column":52}}]},"2":{"loc":{"start":{"line":32,"column":10},"end":{"line":32,"column":37}},"type":"binary-expr","locations":[{"start":{"line":32,"column":10},"end":{"line":32,"column":29}},{"start":{"line":32,"column":33},"end":{"line":32,"column":37}}]},"3":{"loc":{"start":{"line":33,"column":19},"end":{"line":33,"column":48}},"type":"binary-expr","locations":[{"start":{"line":33,"column":19},"end":{"line":33,"column":38}},{"start":{"line":33,"column":42},"end":{"line":33,"column":48}}]},"4":{"loc":{"start":{"line":34,"column":14},"end":{"line":34,"column":52}},"type":"binary-expr","locations":[{"start":{"line":34,"column":14},"end":{"line":34,"column":37}},{"start":{"line":34,"column":41},"end":{"line":34,"column":52}}]},"5":{"loc":{"start":{"line":35,"column":14},"end":{"line":35,"column":52}},"type":"binary-expr","locations":[{"start":{"line":35,"column":14},"end":{"line":35,"column":37}},{"start":{"line":35,"column":41},"end":{"line":35,"column":52}}]},"6":{"loc":{"start":{"line":36,"column":14},"end":{"line":36,"column":52}},"type":"binary-expr","locations":[{"start":{"line":36,"column":14},"end":{"line":36,"column":37}},{"start":{"line":36,"column":41},"end":{"line":36,"column":52}}]},"7":{"loc":{"start":{"line":42,"column":6},"end":{"line":44,"column":7}},"type":"if","locations":[{"start":{"line":42,"column":6},"end":{"line":44,"column":7}}]},"8":{"loc":{"start":{"line":53,"column":12},"end":{"line":53,"column":50}},"type":"binary-expr","locations":[{"start":{"line":53,"column":12},"end":{"line":53,"column":34}},{"start":{"line":53,"column":38},"end":{"line":53,"column":50}}]},"9":{"loc":{"start":{"line":54,"column":15},"end":{"line":54,"column":50}},"type":"binary-expr","locations":[{"start":{"line":54,"column":15},"end":{"line":54,"column":41}},{"start":{"line":54,"column":45},"end":{"line":54,"column":50}}]},"10":{"loc":{"start":{"line":55,"column":19},"end":{"line":55,"column":73}},"type":"binary-expr","locations":[{"start":{"line":55,"column":19},"end":{"line":55,"column":49}},{"start":{"line":55,"column":53},"end":{"line":55,"column":73}}]},"11":{"loc":{"start":{"line":56,"column":22},"end":{"line":56,"column":65}},"type":"binary-expr","locations":[{"start":{"line":56,"column":22},"end":{"line":56,"column":56}},{"start":{"line":56,"column":60},"end":{"line":56,"column":65}}]}},"s":{"0":0,"1":0,"2":0,"3":0},"f":{"0":0,"1":0},"b":{"0":[0,0],"1":[0,0],"2":[0,0],"3":[0,0],"4":[0,0],"5":[0,0],"6":[0,0],"7":[0],"8":[0,0],"9":[0,0],"10":[0,0],"11":[0,0]}}
,"/Users/davidcook/personal/thrive-wp/nestjs/src/course-teachers/entities/course-teacher.entity.ts": {"path":"/Users/davidcook/personal/thrive-wp/nestjs/src/course-teachers/entities/course-teacher.entity.ts","statementMap":{"0":{"start":{"line":9,"column":0},"end":{"line":9,"column":null}},"1":{"start":{"line":10,"column":2},"end":{"line":10,"column":null}},"2":{"start":{"line":11,"column":2},"end":{"line":11,"column":null}},"3":{"start":{"line":21,"column":7},"end":{"line":52,"column":null}},"4":{"start":{"line":27,"column":2},"end":{"line":27,"column":null}},"5":{"start":{"line":31,"column":2},"end":{"line":31,"column":null}},"6":{"start":{"line":29,"column":19},"end":{"line":29,"column":25}},"7":{"start":{"line":38,"column":2},"end":{"line":38,"column":null}},"8":{"start":{"line":42,"column":2},"end":{"line":42,"column":null}},"9":{"start":{"line":40,"column":19},"end":{"line":40,"column":26}},"10":{"start":{"line":51,"column":2},"end":{"line":51,"column":null}},"11":{"start":{"line":21,"column":13},"end":{"line":52,"column":null}}},"fnMap":{"0":{"name":"(anonymous_2)","decl":{"start":{"line":9,"column":0},"end":{"line":9,"column":6}},"loc":{"start":{"line":9,"column":29},"end":{"line":12,"column":1}}},"1":{"name":"(anonymous_3)","decl":{"start":{"line":29,"column":13},"end":{"line":29,"column":16}},"loc":{"start":{"line":29,"column":19},"end":{"line":29,"column":25}}},"2":{"name":"(anonymous_4)","decl":{"start":{"line":40,"column":13},"end":{"line":40,"column":16}},"loc":{"start":{"line":40,"column":19},"end":{"line":40,"column":26}}}},"branchMap":{"0":{"loc":{"start":{"line":9,"column":12},"end":{"line":9,"column":null}},"type":"binary-expr","locations":[{"start":{"line":9,"column":12},"end":{"line":9,"column":29}},{"start":{"line":9,"column":12},"end":{"line":9,"column":null}}]},"1":{"loc":{"start":{"line":31,"column":10},"end":{"line":31,"column":17}},"type":"cond-expr","locations":[{"start":{"line":31,"column":16},"end":{"line":31,"column":17}},{"start":{"line":31,"column":16},"end":{"line":31,"column":17}}]},"2":{"loc":{"start":{"line":31,"column":10},"end":{"line":31,"column":16}},"type":"binary-expr","locations":[{"start":{"line":31,"column":10},"end":{"line":31,"column":17}},{"start":{"line":31,"column":10},"end":{"line":31,"column":16}}]},"3":{"loc":{"start":{"line":42,"column":11},"end":{"line":42,"column":19}},"type":"cond-expr","locations":[{"start":{"line":42,"column":18},"end":{"line":42,"column":19}},{"start":{"line":42,"column":18},"end":{"line":42,"column":19}}]},"4":{"loc":{"start":{"line":42,"column":11},"end":{"line":42,"column":18}},"type":"binary-expr","locations":[{"start":{"line":42,"column":11},"end":{"line":42,"column":19}},{"start":{"line":42,"column":11},"end":{"line":42,"column":18}}]}},"s":{"0":0,"1":0,"2":0,"3":0,"4":0,"5":0,"6":0,"7":0,"8":0,"9":0,"10":0,"11":0},"f":{"0":0,"1":0,"2":0},"b":{"0":[0,0],"1":[0,0],"2":[0,0],"3":[0,0],"4":[0,0]}}
,"/Users/davidcook/personal/thrive-wp/nestjs/src/courses/entities/course.entity.ts": {"path":"/Users/davidcook/personal/thrive-wp/nestjs/src/courses/entities/course.entity.ts","statementMap":{"0":{"start":{"line":11,"column":7},"end":{"line":71,"column":null}},"1":{"start":{"line":18,"column":2},"end":{"line":18,"column":null}},"2":{"start":{"line":26,"column":2},"end":{"line":26,"column":null}},"3":{"start":{"line":34,"column":2},"end":{"line":34,"column":null}},"4":{"start":{"line":43,"column":2},"end":{"line":43,"column":null}},"5":{"start":{"line":40,"column":19},"end":{"line":40,"column":22}},"6":{"start":{"line":52,"column":2},"end":{"line":52,"column":null}},"7":{"start":{"line":61,"column":2},"end":{"line":61,"column":null}},"8":{"start":{"line":64,"column":2},"end":{"line":64,"column":null}},"9":{"start":{"line":67,"column":2},"end":{"line":67,"column":null}},"10":{"start":{"line":70,"column":2},"end":{"line":70,"column":null}},"11":{"start":{"line":11,"column":13},"end":{"line":71,"column":null}}},"fnMap":{"0":{"name":"(anonymous_2)","decl":{"start":{"line":40,"column":13},"end":{"line":40,"column":16}},"loc":{"start":{"line":40,"column":19},"end":{"line":40,"column":22}}}},"branchMap":{},"s":{"0":0,"1":0,"2":0,"3":0,"4":0,"5":0,"6":0,"7":0,"8":0,"9":0,"10":0,"11":0},"f":{"0":0},"b":{}}
,"/Users/davidcook/personal/thrive-wp/nestjs/src/enrollments/entities/course-enrollment.entity.ts": {"path":"/Users/davidcook/personal/thrive-wp/nestjs/src/enrollments/entities/course-enrollment.entity.ts","statementMap":{"0":{"start":{"line":9,"column":0},"end":{"line":9,"column":null}},"1":{"start":{"line":10,"column":2},"end":{"line":10,"column":null}},"2":{"start":{"line":11,"column":2},"end":{"line":11,"column":null}},"3":{"start":{"line":12,"column":2},"end":{"line":12,"column":null}},"4":{"start":{"line":22,"column":7},"end":{"line":71,"column":null}},"5":{"start":{"line":28,"column":2},"end":{"line":28,"column":null}},"6":{"start":{"line":32,"column":2},"end":{"line":32,"column":null}},"7":{"start":{"line":30,"column":19},"end":{"line":30,"column":25}},"8":{"start":{"line":39,"column":2},"end":{"line":39,"column":null}},"9":{"start":{"line":43,"column":2},"end":{"line":43,"column":null}},"10":{"start":{"line":41,"column":19},"end":{"line":41,"column":26}},"11":{"start":{"line":52,"column":2},"end":{"line":52,"column":null}},"12":{"start":{"line":61,"column":2},"end":{"line":61,"column":null}},"13":{"start":{"line":58,"column":19},"end":{"line":58,"column":41}},"14":{"start":{"line":70,"column":2},"end":{"line":70,"column":null}},"15":{"start":{"line":22,"column":13},"end":{"line":71,"column":null}}},"fnMap":{"0":{"name":"(anonymous_2)","decl":{"start":{"line":9,"column":0},"end":{"line":9,"column":6}},"loc":{"start":{"line":9,"column":34},"end":{"line":13,"column":1}}},"1":{"name":"(anonymous_3)","decl":{"start":{"line":30,"column":13},"end":{"line":30,"column":16}},"loc":{"start":{"line":30,"column":19},"end":{"line":30,"column":25}}},"2":{"name":"(anonymous_4)","decl":{"start":{"line":41,"column":13},"end":{"line":41,"column":16}},"loc":{"start":{"line":41,"column":19},"end":{"line":41,"column":26}}},"3":{"name":"(anonymous_5)","decl":{"start":{"line":58,"column":13},"end":{"line":58,"column":16}},"loc":{"start":{"line":58,"column":19},"end":{"line":58,"column":41}}}},"branchMap":{"0":{"loc":{"start":{"line":9,"column":12},"end":{"line":9,"column":null}},"type":"binary-expr","locations":[{"start":{"line":9,"column":12},"end":{"line":9,"column":34}},{"start":{"line":9,"column":12},"end":{"line":9,"column":null}}]},"1":{"loc":{"start":{"line":32,"column":10},"end":{"line":32,"column":17}},"type":"cond-expr","locations":[{"start":{"line":32,"column":16},"end":{"line":32,"column":17}},{"start":{"line":32,"column":16},"end":{"line":32,"column":17}}]},"2":{"loc":{"start":{"line":32,"column":10},"end":{"line":32,"column":16}},"type":"binary-expr","locations":[{"start":{"line":32,"column":10},"end":{"line":32,"column":17}},{"start":{"line":32,"column":10},"end":{"line":32,"column":16}}]},"3":{"loc":{"start":{"line":43,"column":11},"end":{"line":43,"column":19}},"type":"cond-expr","locations":[{"start":{"line":43,"column":18},"end":{"line":43,"column":19}},{"start":{"line":43,"column":18},"end":{"line":43,"column":19}}]},"4":{"loc":{"start":{"line":43,"column":11},"end":{"line":43,"column":18}},"type":"binary-expr","locations":[{"start":{"line":43,"column":11},"end":{"line":43,"column":19}},{"start":{"line":43,"column":11},"end":{"line":43,"column":18}}]},"5":{"loc":{"start":{"line":61,"column":14},"end":{"line":61,"column":19}},"type":"cond-expr","locations":[{"start":{"line":61,"column":18},"end":{"line":61,"column":19}},{"start":{"line":61,"column":18},"end":{"line":61,"column":19}}]},"6":{"loc":{"start":{"line":61,"column":14},"end":{"line":61,"column":18}},"type":"binary-expr","locations":[{"start":{"line":61,"column":14},"end":{"line":61,"column":19}},{"start":{"line":61,"column":14},"end":{"line":61,"column":18}}]}},"s":{"0":0,"1":0,"2":0,"3":0,"4":0,"5":0,"6":0,"7":0,"8":0,"9":0,"10":0,"11":0,"12":0,"13":0,"14":0,"15":0},"f":{"0":0,"1":0,"2":0,"3":0},"b":{"0":[0,0],"1":[0,0],"2":[0,0],"3":[0,0],"4":[0,0],"5":[0,0],"6":[0,0]}}
,"/Users/davidcook/personal/thrive-wp/nestjs/src/migrations/1733770000000-InitialSchema.ts": {"path":"/Users/davidcook/personal/thrive-wp/nestjs/src/migrations/1733770000000-InitialSchema.ts","statementMap":{"0":{"start":{"line":9,"column":2},"end":{"line":9,"column":38}},"1":{"start":{"line":12,"column":4},"end":{"line":24,"column":7}},"2":{"start":{"line":29,"column":4},"end":{"line":29,"column":59}}},"fnMap":{"0":{"name":"(anonymous_0)","decl":{"start":{"line":8,"column":0},"end":{"line":8,"column":6}},"loc":{"start":{"line":8,"column":0},"end":{"line":31,"column":1}}},"1":{"name":"(anonymous_1)","decl":{"start":{"line":11,"column":9},"end":{"line":11,"column":14}},"loc":{"start":{"line":11,"column":42},"end":{"line":25,"column":3}}},"2":{"name":"(anonymous_2)","decl":{"start":{"line":27,"column":9},"end":{"line":27,"column":14}},"loc":{"start":{"line":27,"column":44},"end":{"line":30,"column":3}}}},"branchMap":{},"s":{"0":0,"1":0,"2":0},"f":{"0":0,"1":0,"2":0},"b":{}}
,"/Users/davidcook/personal/thrive-wp/nestjs/src/migrations/1733771000001-AddPasswordHashToUsers.ts": {"path":"/Users/davidcook/personal/thrive-wp/nestjs/src/migrations/1733771000001-AddPasswordHashToUsers.ts","statementMap":{"0":{"start":{"line":5,"column":4},"end":{"line":14,"column":6}},"1":{"start":{"line":18,"column":4},"end":{"line":18,"column":58}}},"fnMap":{"0":{"name":"(anonymous_0)","decl":{"start":{"line":4,"column":9},"end":{"line":4,"column":14}},"loc":{"start":{"line":4,"column":42},"end":{"line":15,"column":3}}},"1":{"name":"(anonymous_1)","decl":{"start":{"line":17,"column":9},"end":{"line":17,"column":14}},"loc":{"start":{"line":17,"column":44},"end":{"line":19,"column":3}}}},"branchMap":{},"s":{"0":0,"1":0},"f":{"0":0,"1":0},"b":{}}
,"/Users/davidcook/personal/thrive-wp/nestjs/src/migrations/1733772000002-AddTeacherAndAvailability.ts": {"path":"/Users/davidcook/personal/thrive-wp/nestjs/src/migrations/1733772000002-AddTeacherAndAvailability.ts","statementMap":{"0":{"start":{"line":10,"column":2},"end":{"line":10,"column":50}},"1":{"start":{"line":13,"column":4},"end":{"line":28,"column":7}},"2":{"start":{"line":30,"column":4},"end":{"line":50,"column":7}},"3":{"start":{"line":54,"column":4},"end":{"line":54,"column":74}},"4":{"start":{"line":55,"column":4},"end":{"line":55,"column":61}}},"fnMap":{"0":{"name":"(anonymous_0)","decl":{"start":{"line":7,"column":0},"end":{"line":7,"column":6}},"loc":{"start":{"line":7,"column":0},"end":{"line":57,"column":1}}},"1":{"name":"(anonymous_1)","decl":{"start":{"line":12,"column":9},"end":{"line":12,"column":14}},"loc":{"start":{"line":12,"column":42},"end":{"line":51,"column":3}}},"2":{"name":"(anonymous_2)","decl":{"start":{"line":53,"column":9},"end":{"line":53,"column":14}},"loc":{"start":{"line":53,"column":44},"end":{"line":56,"column":3}}}},"branchMap":{},"s":{"0":0,"1":0,"2":0,"3":0,"4":0},"f":{"0":0,"1":0,"2":0},"b":{}}
,"/Users/davidcook/personal/thrive-wp/nestjs/src/migrations/1756431459155-AddAdminTable.ts": {"path":"/Users/davidcook/personal/thrive-wp/nestjs/src/migrations/1756431459155-AddAdminTable.ts","statementMap":{"0":{"start":{"line":8,"column":2},"end":{"line":8,"column":38}},"1":{"start":{"line":11,"column":4},"end":{"line":24,"column":7}},"2":{"start":{"line":28,"column":4},"end":{"line":28,"column":59}}},"fnMap":{"0":{"name":"(anonymous_0)","decl":{"start":{"line":7,"column":0},"end":{"line":7,"column":6}},"loc":{"start":{"line":7,"column":0},"end":{"line":30,"column":1}}},"1":{"name":"(anonymous_1)","decl":{"start":{"line":10,"column":9},"end":{"line":10,"column":14}},"loc":{"start":{"line":10,"column":42},"end":{"line":25,"column":3}}},"2":{"name":"(anonymous_2)","decl":{"start":{"line":27,"column":9},"end":{"line":27,"column":14}},"loc":{"start":{"line":27,"column":44},"end":{"line":29,"column":3}}}},"branchMap":{},"s":{"0":0,"1":0,"2":0},"f":{"0":0,"1":0,"2":0},"b":{}}
,"/Users/davidcook/personal/thrive-wp/nestjs/src/migrations/1756431459156-AddStudentTable.ts": {"path":"/Users/davidcook/personal/thrive-wp/nestjs/src/migrations/1756431459156-AddStudentTable.ts","statementMap":{"0":{"start":{"line":9,"column":2},"end":{"line":9,"column":40}},"1":{"start":{"line":12,"column":4},"end":{"line":23,"column":7}},"2":{"start":{"line":26,"column":4},"end":{"line":34,"column":7}},"3":{"start":{"line":39,"column":4},"end":{"line":41,"column":6}},"4":{"start":{"line":42,"column":4},"end":{"line":42,"column":61}}},"fnMap":{"0":{"name":"(anonymous_0)","decl":{"start":{"line":8,"column":0},"end":{"line":8,"column":6}},"loc":{"start":{"line":8,"column":0},"end":{"line":44,"column":1}}},"1":{"name":"(anonymous_1)","decl":{"start":{"line":11,"column":9},"end":{"line":11,"column":14}},"loc":{"start":{"line":11,"column":42},"end":{"line":35,"column":3}}},"2":{"name":"(anonymous_2)","decl":{"start":{"line":37,"column":9},"end":{"line":37,"column":14}},"loc":{"start":{"line":37,"column":44},"end":{"line":43,"column":3}}}},"branchMap":{},"s":{"0":0,"1":0,"2":0,"3":0,"4":0},"f":{"0":0,"1":0,"2":0},"b":{}}
,"/Users/davidcook/personal/thrive-wp/nestjs/src/migrations/1756431459157-AddSchedulingTables.ts": {"path":"/Users/davidcook/personal/thrive-wp/nestjs/src/migrations/1756431459157-AddSchedulingTables.ts","statementMap":{"0":{"start":{"line":8,"column":2},"end":{"line":8,"column":44}},"1":{"start":{"line":12,"column":4},"end":{"line":28,"column":7}},"2":{"start":{"line":31,"column":4},"end":{"line":57,"column":7}},"3":{"start":{"line":60,"column":4},"end":{"line":80,"column":7}},"4":{"start":{"line":83,"column":4},"end":{"line":101,"column":7}},"5":{"start":{"line":104,"column":4},"end":{"line":120,"column":7}},"6":{"start":{"line":125,"column":4},"end":{"line":125,"column":68}},"7":{"start":{"line":126,"column":4},"end":{"line":126,"column":71}},"8":{"start":{"line":127,"column":4},"end":{"line":127,"column":61}},"9":{"start":{"line":128,"column":4},"end":{"line":128,"column":61}},"10":{"start":{"line":129,"column":4},"end":{"line":129,"column":60}}},"fnMap":{"0":{"name":"(anonymous_0)","decl":{"start":{"line":7,"column":0},"end":{"line":7,"column":6}},"loc":{"start":{"line":7,"column":0},"end":{"line":131,"column":1}}},"1":{"name":"(anonymous_1)","decl":{"start":{"line":10,"column":9},"end":{"line":10,"column":14}},"loc":{"start":{"line":10,"column":42},"end":{"line":121,"column":3}}},"2":{"name":"(anonymous_2)","decl":{"start":{"line":123,"column":9},"end":{"line":123,"column":14}},"loc":{"start":{"line":123,"column":44},"end":{"line":130,"column":3}}}},"branchMap":{},"s":{"0":0,"1":0,"2":0,"3":0,"4":0,"5":0,"6":0,"7":0,"8":0,"9":0,"10":0},"f":{"0":0,"1":0,"2":0},"b":{}}
,"/Users/davidcook/personal/thrive-wp/nestjs/src/migrations/1756431459158-AddWaitlistTable.ts": {"path":"/Users/davidcook/personal/thrive-wp/nestjs/src/migrations/1756431459158-AddWaitlistTable.ts","statementMap":{"0":{"start":{"line":7,"column":2},"end":{"line":7,"column":41}},"1":{"start":{"line":10,"column":4},"end":{"line":25,"column":7}},"2":{"start":{"line":29,"column":4},"end":{"line":29,"column":62}}},"fnMap":{"0":{"name":"(anonymous_0)","decl":{"start":{"line":6,"column":0},"end":{"line":6,"column":6}},"loc":{"start":{"line":6,"column":0},"end":{"line":31,"column":1}}},"1":{"name":"(anonymous_1)","decl":{"start":{"line":9,"column":9},"end":{"line":9,"column":14}},"loc":{"start":{"line":9,"column":42},"end":{"line":26,"column":3}}},"2":{"name":"(anonymous_2)","decl":{"start":{"line":28,"column":9},"end":{"line":28,"column":14}},"loc":{"start":{"line":28,"column":44},"end":{"line":30,"column":3}}}},"branchMap":{},"s":{"0":0,"1":0,"2":0},"f":{"0":0,"1":0,"2":0},"b":{}}
,"/Users/davidcook/personal/thrive-wp/nestjs/src/sessions/entities/session.entity.ts": {"path":"/Users/davidcook/personal/thrive-wp/nestjs/src/sessions/entities/session.entity.ts","statementMap":{"0":{"start":{"line":17,"column":0},"end":{"line":17,"column":null}},"1":{"start":{"line":18,"column":2},"end":{"line":18,"column":null}},"2":{"start":{"line":19,"column":2},"end":{"line":19,"column":null}},"3":{"start":{"line":20,"column":2},"end":{"line":20,"column":null}},"4":{"start":{"line":26,"column":0},"end":{"line":26,"column":null}},"5":{"start":{"line":27,"column":2},"end":{"line":27,"column":null}},"6":{"start":{"line":28,"column":2},"end":{"line":28,"column":null}},"7":{"start":{"line":29,"column":2},"end":{"line":29,"column":null}},"8":{"start":{"line":35,"column":0},"end":{"line":35,"column":null}},"9":{"start":{"line":36,"column":2},"end":{"line":36,"column":null}},"10":{"start":{"line":37,"column":2},"end":{"line":37,"column":null}},"11":{"start":{"line":38,"column":2},"end":{"line":38,"column":null}},"12":{"start":{"line":49,"column":7},"end":{"line":171,"column":null}},"13":{"start":{"line":56,"column":2},"end":{"line":56,"column":null}},"14":{"start":{"line":64,"column":2},"end":{"line":64,"column":null}},"15":{"start":{"line":68,"column":2},"end":{"line":68,"column":null}},"16":{"start":{"line":66,"column":19},"end":{"line":66,"column":25}},"17":{"start":{"line":75,"column":2},"end":{"line":75,"column":null}},"18":{"start":{"line":79,"column":2},"end":{"line":79,"column":null}},"19":{"start":{"line":77,"column":19},"end":{"line":77,"column":26}},"20":{"start":{"line":87,"column":2},"end":{"line":87,"column":null}},"21":{"start":{"line":94,"column":2},"end":{"line":94,"column":null}},"22":{"start":{"line":89,"column":19},"end":{"line":89,"column":38}},"23":{"start":{"line":102,"column":2},"end":{"line":102,"column":null}},"24":{"start":{"line":110,"column":2},"end":{"line":110,"column":null}},"25":{"start":{"line":119,"column":2},"end":{"line":119,"column":null}},"26":{"start":{"line":128,"column":2},"end":{"line":128,"column":null}},"27":{"start":{"line":137,"column":2},"end":{"line":137,"column":null}},"28":{"start":{"line":146,"column":2},"end":{"line":146,"column":null}},"29":{"start":{"line":143,"column":19},"end":{"line":143,"column":22}},"30":{"start":{"line":155,"column":2},"end":{"line":155,"column":null}},"31":{"start":{"line":164,"column":2},"end":{"line":164,"column":null}},"32":{"start":{"line":167,"column":2},"end":{"line":167,"column":null}},"33":{"start":{"
[...]
line":18,"column":61}}},"1":{"name":"(anonymous_5)","decl":{"start":{"line":21,"column":2},"end":{"line":21,"column":7}},"loc":{"start":{"line":25,"column":32},"end":{"line":47,"column":3}}},"2":{"name":"(anonymous_6)","decl":{"start":{"line":50,"column":2},"end":{"line":50,"column":7}},"loc":{"start":{"line":50,"column":47},"end":{"line":52,"column":3}}},"3":{"name":"(anonymous_7)","decl":{"start":{"line":55,"column":2},"end":{"line":55,"column":7}},"loc":{"start":{"line":55,"column":51},"end":{"line":57,"column":3}}}},"branchMap":{"0":{"loc":{"start":{"line":27,"column":20},"end":{"line":27,"column":49}},"type":"cond-expr","locations":[{"start":{"line":27,"column":27},"end":{"line":27,"column":45}},{"start":{"line":27,"column":48},"end":{"line":27,"column":49}}]},"1":{"loc":{"start":{"line":28,"column":21},"end":{"line":28,"column":53}},"type":"cond-expr","locations":[{"start":{"line":28,"column":29},"end":{"line":28,"column":48}},{"start":{"line":28,"column":51},"end":{"line":28,"column":53}}]},"2":{"loc":{"start":{"line":30,"column":4},"end":{"line":32,"column":5}},"type":"if","locations":[{"start":{"line":30,"column":4},"end":{"line":32,"column":5}}]},"3":{"loc":{"start":{"line":30,"column":8},"end":{"line":30,"column":53}},"type":"binary-expr","locations":[{"start":{"line":30,"column":8},"end":{"line":30,"column":19}},{"start":{"line":30,"column":23},"end":{"line":30,"column":35}},{"start":{"line":30,"column":39},"end":{"line":30,"column":53}}]},"4":{"loc":{"start":{"line":35,"column":4},"end":{"line":39,"column":5}},"type":"if","locations":[{"start":{"line":35,"column":4},"end":{"line":39,"column":5}}]},"5":{"loc":{"start":{"line":35,"column":8},"end":{"line":35,"column":52}},"type":"binary-expr","locations":[{"start":{"line":35,"column":8},"end":{"line":35,"column":12}},{"start":{"line":35,"column":16},"end":{"line":35,"column":52}}]},"6":{"loc":{"start":{"line":26,"column":5},"end":{"line":26,"column":null}},"type":"cond-expr","locations":[{"start":{"line":26,"column":12},"end":{"line":26,"column":null}},{"start":{"line":26,"column":12},"end":{"line":26,"column":null}}]},"7":{"loc":{"start":{"line":26,"column":5},"end":{"line":26,"column":12}},"type":"binary-expr","locations":[{"start":{"line":26,"column":5},"end":{"line":26,"column":null}},{"start":{"line":26,"column":5},"end":{"line":26,"column":12}}]},"8":{"loc":{"start":{"line":50,"column":35},"end":{"line":50,"column":null}},"type":"cond-expr","locations":[{"start":{"line":50,"column":47},"end":{"line":50,"column":null}},{"start":{"line":50,"column":47},"end":{"line":50,"column":null}}]},"9":{"loc":{"start":{"line":50,"column":35},"end":{"line":50,"column":47}},"type":"binary-expr","locations":[{"start":{"line":50,"column":35},"end":{"line":50,"column":null}},{"start":{"line":50,"column":35},"end":{"line":50,"column":47}}]},"10":{"loc":{"start":{"line":55,"column":37},"end":{"line":55,"column":null}},"type":"cond-expr","locations":[{"start":{"line":55,"column":51},"end":{"line":55,"column":null}},{"start":{"line":55,"column":51},"end":{"line":55,"column":null}}]},"11":{"loc":{"start":{"line":55,"column":37},"end":{"line":55,"column":51}},"type":"binary-expr","locations":[{"start":{"line":55,"column":37},"end":{"line":55,"column":null}},{"start":{"line":55,"column":37},"end":{"line":55,"column":51}}]},"12":{"loc":{"start":{"line":18,"column":45},"end":{"line":18,"column":60}},"type":"cond-expr","locations":[{"start":{"line":18,"column":57},"end":{"line":18,"column":60}},{"start":{"line":18,"column":57},"end":{"line":18,"column":60}}]},"13":{"loc":{"start":{"line":18,"column":45},"end":{"line":18,"column":57}},"type":"binary-expr","locations":[{"start":{"line":18,"column":45},"end":{"line":18,"column":60}},{"start":{"line":18,"column":45},"end":{"line":18,"column":57}}]}},"s":{"0":0,"1":0,"2":0,"3":0,"4":0,"5":0,"6":0,"7":0,"8":0,"9":0,"10":0,"11":0,"12":0,"13":0,"14":0},"f":{"0":0,"1":0,"2":0,"3":0},"b":{"0":[0,0],"1":[0,0],"2":[0],"3":[0,0,0],"4":[0],"5":[0,0],"6":[0,0],"7":[0,0],"8":[0,0],"9":[0,0],"10":[0,0],"11":[0,0],"12":[0,0],"13":[0,0]}}
,"/Users/davidcook/personal/thrive-wp/nestjs/src/users/users.module.ts": {"path":"/Users/davidcook/personal/thrive-wp/nestjs/src/users/users.module.ts","statementMap":{"0":{"start":{"line":17,"column":7},"end":{"line":17,"column":null}},"1":{"start":{"line":17,"column":13},"end":{"line":17,"column":null}}},"fnMap":{},"branchMap":{},"s":{"0":0,"1":0},"f":{},"b":{}}
,"/Users/davidcook/personal/thrive-wp/nestjs/src/users/users.service.ts": {"path":"/Users/davidcook/personal/thrive-wp/nestjs/src/users/users.service.ts","statementMap":{"0":{"start":{"line":24,"column":7},"end":{"line":158,"column":null}},"1":{"start":{"line":27,"column":21},"end":{"line":27,"column":32}},"2":{"start":{"line":29,"column":21},"end":{"line":29,"column":32}},"3":{"start":{"line":31,"column":21},"end":{"line":31,"column":34}},"4":{"start":{"line":37,"column":42},"end":{"line":37,"column":49}},"5":{"start":{"line":38,"column":19},"end":{"line":38,"column":37}},"6":{"start":{"line":40,"column":23},"end":{"line":47,"column":18}},"7":{"start":{"line":50,"column":4},"end":{"line":55,"column":5}},"8":{"start":{"line":51,"column":6},"end":{"line":54,"column":8}},"9":{"start":{"line":58,"column":4},"end":{"line":68,"column":5}},"10":{"start":{"line":59,"column":6},"end":{"line":67,"column":7}},"11":{"start":{"line":60,"column":8},"end":{"line":62,"column":10}},"12":{"start":{"line":63,"column":13},"end":{"line":67,"column":7}},"13":{"start":{"line":64,"column":8},"end":{"line":66,"column":10}},"14":{"start":{"line":71,"column":27},"end":{"line":71,"column":63}},"15":{"start":{"line":73,"column":4},"end":{"line":79,"column":6}},"16":{"start":{"line":74,"column":33},"end":{"line":74,"column":65}},"17":{"start":{"line":84,"column":17},"end":{"line":87,"column":6}},"18":{"start":{"line":89,"column":4},"end":{"line":91,"column":5}},"19":{"start":{"line":90,"column":6},"end":{"line":90,"column":52}},"20":{"start":{"line":94,"column":4},"end":{"line":96,"column":5}},"21":{"start":{"line":95,"column":6},"end":{"line":95,"column":62}},"22":{"start":{"line":99,"column":18},"end":{"line":103,"column":6}},"23":{"start":{"line":105,"column":4},"end":{"line":105,"column":37}},"24":{"start":{"line":108,"column":24},"end":{"line":111,"column":6}},"25":{"start":{"line":113,"column":4},"end":{"line":115,"column":5}},"26":{"start":{"line":114,"column":6},"end":{"line":114,"column":65}},"27":{"start":{"line":117,"column":4},"end":{"line":117,"column":51}},"28":{"start":{"line":122,"column":17},"end":{"line":125,"column":6}},"29":{"start":{"line":127,"column":4},"end":{"line":129,"column":5}},"30":{"start":{"line":128,"column":6},"end":{"line":128,"column":52}},"31":{"start":{"line":132,"column":4},"end":{"line":134,"column":5}},"32":{"start":{"line":133,"column":6},"end":{"line":133,"column":63}},"33":{"start":{"line":137,"column":20},"end":{"line":142,"column":6}},"34":{"start":{"line":144,"column":4},"end":{"line":144,"column":41}},"35":{"start":{"line":147,"column":24},"end":{"line":150,"column":6}},"36":{"start":{"line":152,"column":4},"end":{"line":154,"column":5}},"37":{"start":{"line":153,"column":6},"end":{"line":153,"column":65}},"38":{"start":{"line":156,"column":4},"end":{"line":156,"column":51}},"39":{"start":{"line":24,"column":13},"end":{"line":158,"column":null}}},"fnMap":{"0":{"name":"(anonymous_4)","decl":{"start":{"line":25,"column":2},"end":{"line":25,"column":null}},"loc":{"start":{"line":31,"column":53},"end":{"line":32,"column":6}}},"1":{"name":"(anonymous_5)","decl":{"start":{"line":34,"column":2},"end":{"line":34,"column":7}},"loc":{"start":{"line":35,"column":28},"end":{"line":80,"column":3}}},"2":{"name":"(anonymous_6)","decl":{"start":{"line":74,"column":23},"end":{"line":74,"column":24}},"loc":{"start":{"line":74,"column":33},"end":{"line":74,"column":65}}},"3":{"name":"(anonymous_7)","decl":{"start":{"line":82,"column":2},"end":{"line":82,"column":7}},"loc":{"start":{"line":82,"column":36},"end":{"line":118,"column":3}}},"4":{"name":"(anonymous_8)","decl":{"start":{"line":120,"column":2},"end":{"line":120,"column":7}},"loc":{"start":{"line":120,"column":38},"end":{"line":157,"column":3}}}},"branchMap":{"0":{"loc":{"start":{"line":50,"column":4},"end":{"line":55,"column":5}},"type":"if","locations":[{"start":{"line":50,"column":4},"end":{"line":55,"column":5}}]},"1":{"loc":{"start":{"line":58,"column":4},"end":{"line":68,"column":5}},"type":"if","locations":[{"start":{"line":58,"column":4},"end":{"line":68,"column":5}}]},"2":{"loc":{"start":{"line":59,"column":6},"end":{"line":67,"column":7}},"type":"if","locations":[{"start":{"line":59,"column":6},"end":{"line":67,"column":7}},{"start":{"line":63,"column":13},"end":{"line":67,"column":7}}]},"3":{"loc":{"start":{"line":63,"column":13},"end":{"line":67,"column":7}},"type":"if","locations":[{"start":{"line":63,"column":13},"end":{"line":67,"column":7}}]},"4":{"loc":{"start":{"line":89,"column":4},"end":{"line":91,"column":5}},"type":"if","locations":[{"start":{"line":89,"column":4},"end":{"line":91,"column":5}}]},"5":{"loc":{"start":{"line":94,"column":4},"end":{"line":96,"column":5}},"type":"if","locations":[{"start":{"line":94,"column":4},"end":{"line":96,"column":5}}]},"6":{"loc":{"start":{"line":113,"column":4},"end":{"line":115,"column":5}},"type":"if","locations":[{"start":{"line":113,"column":4},"end":{"line":115,"column":5}}]},"7":{"loc":{"start":{"line":127,"column":4},"end":{"line":129,"column":5}},"type":"if","locations":[{"start":{"line":127,"column":4},"end":{"line":129,"column":5}}]},"8":{"loc":{"start":{"line":132,"column":4},"end":{"line":134,"column":5}},"type":"if","locations":[{"start":{"line":132,"column":4},"end":{"line":134,"column":5}}]},"9":{"loc":{"start":{"line":152,"column":4},"end":{"line":154,"column":5}},"type":"if","locations":[{"start":{"line":152,"column":4},"end":{"line":154,"column":5}}]},"10":{"loc":{"start":{"line":27,"column":32},"end":{"line":27,"column":48}},"type":"cond-expr","locations":[{"start":{"line":27,"column":42},"end":{"line":27,"column":48}},{"start":{"line":27,"column":42},"end":{"line":27,"column":48}}]},"11":{"loc":{"start":{"line":27,"column":32},"end":{"line":27,"column":42}},"type":"binary-expr","locations":[{"start":{"line":27,"column":32},"end":{"line":27,"column":48}},{"start":{"line":27,"column":32},"end":{"line":27,"column":42}}]},"12":{"loc":{"start":{"line":27,"column":42},"end":{"line":29,"column":49}},"type":"cond-expr","locations":[{"start":{"line":29,"column":42},"end":{"line":29,"column":49}},{"start":{"line":29,"column":42},"end":{"line":29,"column":49}}]},"13":{"loc":{"start":{"line":27,"column":42},"end":{"line":29,"column":42}},"type":"binary-expr","locations":[{"start":{"line":27,"column":42},"end":{"line":29,"column":49}},{"start":{"line":29,"column":32},"end":{"line":29,"column":42}}]},"14":{"loc":{"start":{"line":29,"column":42},"end":{"line":31,"column":53}},"type":"cond-expr","locations":[{"start":{"line":31,"column":44},"end":{"line":31,"column":53}},{"start":{"line":31,"column":44},"end":{"line":31,"column":53}}]},"15":{"loc":{"start":{"line":29,"column":42},"end":{"line":31,"column":44}},"type":"binary-expr","locations":[{"start":{"line":29,"column":42},"end":{"line":31,"column":53}},{"start":{"line":31,"column":34},"end":{"line":31,"column":44}}]}},"s":{"0":1,"1":10,"2":10,"3":10,"4":3,"5":3,"6":3,"7":3,"8":1,"9":3,"10":1,"11":1,"12":0,"13":0,"14":3,"15":3,"16":1,"17":3,"18":3,"19":1,"20":2,"21":1,"22":1,"23":1,"24":1,"25":1,"26":0,"27":1,"28":3,"29":3,"30":1,"31":2,"32":1,"33":1,"34":1,"35":1,"36":1,"37":0,"38":1,"39":1},"f":{"0":10,"1":3,"2":1,"3":3,"4":3},"b":{"0":[1],"1":[1],"2":[1,0],"3":[0],"4":[1],"5":[1],"6":[0],"7":[1],"8":[1],"9":[0],"10":[1,0],"11":[1,1],"12":[1,0],"13":[1,1],"14":[1,0],"15":[1,1]}}
,"/Users/davidcook/personal/thrive-wp/nestjs/src/users/dto/admin-actions.dto.ts": {"path":"/Users/davidcook/personal/thrive-wp/nestjs/src/users/dto/admin-actions.dto.ts","statementMap":{"0":{"start":{"line":6,"column":2},"end":{"line":6,"column":null}},"1":{"start":{"line":12,"column":2},"end":{"line":12,"column":null}}},"fnMap":{},"branchMap":{},"s":{"0":0,"1":0},"f":{},"b":{}}
,"/Users/davidcook/personal/thrive-wp/nestjs/src/users/dto/user-response.dto.ts": {"path":"/Users/davidcook/personal/thrive-wp/nestjs/src/users/dto/user-response.dto.ts","statementMap":{"0":{"start":{"line":16,"column":16},"end":{"line":16,"column":37}},"1":{"start":{"line":17,"column":4},"end":{"line":17,"column":21}},"2":{"start":{"line":18,"column":4},"end":{"line":18,"column":27}},"3":{"start":{"line":19,"column":4},"end":{"line":19,"column":35}},"4":{"start":{"line":20,"column":4},"end":{"line":20,"column":33}},"5":{"start":{"line":21,"column":4},"end":{"line":21,"column":35}},"6":{"start":{"line":22,"column":4},"end":{"line":22,"column":35}},"7":{"start":{"line":24,"column":4},"end":{"line":26,"column":5}},"8":{"start":{"line":25,"column":6},"end":{"line":25,"column":58}},"9":{"start":{"line":28,"column":4},"end":{"line":30,"column":5}},"10":{"start":{"line":29,"column":6},"end":{"line":29,"column":64}},"11":{"start":{"line":32,"column":4},"end":{"line":32,"column":15}},"12":{"start":{"line":44,"column":16},"end":{"line":44,"column":38}},"13":{"start":{"line":45,"column":4},"end":{"line":45,"column":22}},"14":{"start":{"line":46,"column":4},"end":{"line":46,"column":26}},"15":{"start":{"line":47,"column":4},"end":{"line":47,"column":34}},"16":{"start":{"line":48,"column":4},"end":{"line":48,"column":36}},"17":{"start":{"line":49,"column":4},"end":{"line":49,"column":36}},"18":{"start":{"line":50,"column":4},"end":{"line":50,"column":15}},"19":{"start":{"line":63,"column":16},"end":{"line":63,"column":40}},"20":{"start":{"line":64,"column":4},"end":{"line":64,"column":24}},"21":{"start":{"line":65,"column":4},"end":{"line":65,"column":28}},"22":{"start":{"line":66,"column":4},"end":{"line":66,"column":26}},"23":{"start":{"line":67,"column":4},"end":{"line":67,"column":36}},"24":{"start":{"line":68,"column":4},"end":{"line":68,"column":38}},"25":{"start":{"line":69,"column":4},"end":{"line":69,"column":38}},"26":{"start":{"line":70,"column":4},"end":{"line":70,"column":15}}},"fnMap":{"0":{"name":"(anonymous_0)","decl":{"start":{"line":15,"column":2},"end":{"line":15,"column":8}},"loc":{"start":{"line":15,"column":30},"end":{"line":33,"column":3}}},"1":{"name":"(anonymous_1)","decl":{"start":{"line":43,"column":2},"end":{"line":43,"column":8}},"loc":{"start":{"line":43,"column":32},"end":{"line":51,"column":3}}},"2":{"name":"(anonymous_2)","decl":{"start":{"line":62,"column":2},"end":{"line":62,"column":8}},"loc":{"start":{"line":62,"column":36},"end":{"line":71,"column":3}}}},"branchMap":{"0":{"loc":{"start":{"line":24,"column":4},"end":{"line":26,"column":5}},"type":"if","locations":[{"start":{"line":24,"column":4},"end":{"line":26,"column":5}}]},"1":{"loc":{"start":{"line":28,"column":4},"end":{"line":30,"column":5}},"type":"if","locations":[{"start":{"line":28,"column":4},"end":{"line":30,"column":5}}]}},"s":{"0":3,"1":3,"2":3,"3":3,"4":3,"5":3,"6":3,"7":3,"8":2,"9":3,"10":1,"11":3,"12":2,"13":2,"14":2,"15":2,"16":2,"17":2,"18":2,"19":1,"20":1,"21":1,"22":1,"23":1,"24":1,"25":1,"26":1},"f":{"0":3,"1":2,"2":1},"b":{"0":[2],"1":[1]}}
,"/Users/davidcook/personal/thrive-wp/nestjs/src/users/entities/user.entity.ts": {"path":"/Users/davidcook/personal/thrive-wp/nestjs/src/users/entities/user.entity.ts","statementMap":{"0":{"start":{"line":9,"column":7},"end":{"line":51,"column":null}},"1":{"start":{"line":16,"column":2},"end":{"line":16,"column":null}},"2":{"start":{"line":24,"column":2},"end":{"line":24,"column":null}},"3":{"start":{"line":32,"column":2},"end":{"line":32,"column":null}},"4":{"start":{"line":41,"column":2},"end":{"line":41,"column":null}},"5":{"start":{"line":44,"column":2},"end":{"line":44,"column":null}},"6":{"start":{"line":43,"column":18},"end":{"line":43,"column":23}},"7":{"start":{"line":43,"column":36},"end":{"line":43,"column":46}},"8":{"start":{"line":47,"column":2},"end":{"line":47,"column":null}},"9":{"start":{"line":46,"column":18},"end":{"line":46,"column":25}},"10":{"start":{"line":46,"column":40},"end":{"line":46,"column":52}},"11":{"start":{"line":50,"column":2},"end":{"line":50,"column":null}},"12":{"start":{"line":49,"column":18},"end":{"line":49,"column":25}},"13":{"start":{"line":49,"column":40},"end":{"line":49,"column":52}},"14":{"start":{"line":9,"column":13},"end":{"line":51,"column":null}}},"fnMap":{"0":{"name":"(anonymous_2)","decl":{"start":{"line":43,"column":12},"end":{"line":43,"column":15}},"loc":{"start":{"line":43,"column":18},"end":{"line":43,"column":23}}},"1":{"name":"(anonymous_3)","decl":{"start":{"line":43,"column":25},"end":{"line":43,"column":26}},"loc":{"start":{"line":43,"column":36},"end":{"line":43,"column":46}}},"2":{"name":"(anonymous_4)","decl":{"start":{"line":46,"column":12},"end":{"line":46,"column":15}},"loc":{"start":{"line":46,"column":18},"end":{"line":46,"column":25}}},"3":{"name":"(anonymous_5)","decl":{"start":{"line":46,"column":27},"end":{"line":46,"column":28}},"loc":{"start":{"line":46,"column":40},"end":{"line":46,"column":52}}},"4":{"name":"(anonymous_6)","decl":{"start":{"line":49,"column":12},"end":{"line":49,"column":15}},"loc":{"start":{"line":49,"column":18},"end":{"line":49,"column":25}}},"5":{"name":"(anonymous_7)","decl":{"start":{"line":49,"column":27},"end":{"line":49,"column":28}},"loc":{"start":{"line":49,"column":40},"end":{"line":49,"column":52}}}},"branchMap":{},"s":{"0":2,"1":2,"2":2,"3":2,"4":2,"5":2,"6":0,"7":0,"8":2,"9":0,"10":0,"11":2,"12":0,"13":0,"14":2},"f":{"0":0,"1":0,"2":0,"3":0,"4":0,"5":0},"b":{}}
,"/Users/davidcook/personal/thrive-wp/nestjs/src/waitlists/entities/waitlist.entity.ts": {"path":"/Users/davidcook/personal/thrive-wp/nestjs/src/waitlists/entities/waitlist.entity.ts","statementMap":{"0":{"start":{"line":12,"column":7},"end":{"line":41,"column":null}},"1":{"start":{"line":18,"column":2},"end":{"line":18,"column":null}},"2":{"start":{"line":22,"column":2},"end":{"line":22,"column":null}},"3":{"start":{"line":20,"column":19},"end":{"line":20,"column":26}},"4":{"start":{"line":29,"column":2},"end":{"line":29,"column":null}},"5":{"start":{"line":33,"column":2},"end":{"line":33,"column":null}},"6":{"start":{"line":31,"column":19},"end":{"line":31,"column":26}},"7":{"start":{"line":40,"column":2},"end":{"line":40,"column":null}},"8":{"start":{"line":12,"column":13},"end":{"line":41,"column":null}}},"fnMap":{"0":{"name":"(anonymous_2)","decl":{"start":{"line":20,"column":13},"end":{"line":20,"column":16}},"loc":{"start":{"line":20,"column":19},"end":{"line":20,"column":26}}},"1":{"name":"(anonymous_3)","decl":{"start":{"line":31,"column":13},"end":{"line":31,"column":16}},"loc":{"start":{"line":31,"column":19},"end":{"line":31,"column":26}}}},"branchMap":{"0":{"loc":{"start":{"line":22,"column":11},"end":{"line":22,"column":19}},"type":"cond-expr","locations":[{"start":{"line":22,"column":18},"end":{"line":22,"column":19}},{"start":{"line":22,"column":18},"end":{"line":22,"column":19}}]},"1":{"loc":{"start":{"line":22,"column":11},"end":{"line":22,"column":18}},"type":"binary-expr","locations":[{"start":{"line":22,"column":11},"end":{"line":22,"column":19}},{"start":{"line":22,"column":11},"end":{"line":22,"column":18}}]},"2":{"loc":{"start":{"line":33,"column":11},"end":{"line":33,"column":19}},"type":"cond-expr","locations":[{"start":{"line":33,"column":18},"end":{"line":33,"column":19}},{"start":{"line":33,"column":18},"end":{"line":33,"column":19}}]},"3":{"loc":{"start":{"line":33,"column":11},"end":{"line":33,"column":18}},"type":"binary-expr","locations":[{"start":{"line":33,"column":11},"end":{"line":33,"column":19}},{"start":{"line":33,"column":11},"end":{"line":33,"column":18}}]}},"s":{"0":0,"1":0,"2":0,"3":0,"4":0,"5":0,"6":0,"7":0,"8":0},"f":{"0":0,"1":0},"b":{"0":[0,0],"1":[0,0],"2":[0,0],"3":[0,0]}}
}
