TN:
SF:src/app.controller.ts
FN:6,(anonymous_4)
FN:9,(anonymous_5)
FN:14,(anonymous_6)
FNF:3
FNH:2
FNDA:1,(anonymous_4)
FNDA:1,(anonymous_5)
FNDA:0,(anonymous_6)
DA:5,1
DA:6,1
DA:9,1
DA:10,1
DA:14,1
DA:15,0
DA:16,0
DA:17,0
DA:18,0
LF:9
LH:5
BRDA:6,0,0,1
BRDA:6,0,1,0
BRDA:6,1,0,1
BRDA:6,1,1,1
BRF:4
BRH:3
end_of_record
TN:
SF:src/app.module.ts
FN:22,(anonymous_1)
FNF:1
FNH:0
FNDA:0,(anonymous_1)
DA:23,0
DA:24,0
DA:25,0
DA:28,0
DA:29,0
DA:56,0
LF:6
LH:0
BRDA:24,0,0,0
BRF:1
BRH:0
end_of_record
TN:
SF:src/app.service.ts
FN:5,(anonymous_1)
FNF:1
FNH:1
FNDA:1,(anonymous_1)
DA:4,1
DA:6,1
LF:2
LH:2
BRF:0
BRH:0
end_of_record
TN:
SF:src/data-source.ts
FNF:0
FNH:0
DA:8,0
DA:9,0
DA:12,0
DA:13,0
DA:15,0
LF:5
LH:0
BRF:0
BRH:0
end_of_record
TN:
SF:src/main.ts
FN:14,bootstrap
FNF:1
FNH:0
FNDA:0,bootstrap
DA:8,0
DA:10,0
DA:11,0
DA:15,0
DA:16,0
DA:17,0
DA:18,0
DA:20,0
LF:8
LH:0
BRDA:8,0,0,0
BRDA:11,1,0,0
BRDA:11,1,1,0
BRDA:18,2,0,0
BRDA:18,2,1,0
BRF:5
BRH:0
end_of_record
TN:
SF:src/admin/entities/admin.entity.ts
FN:36,(anonymous_2)
FNF:1
FNH:0
FNDA:0,(anonymous_2)
DA:11,3
DA:17,3
DA:21,3
DA:30,3
DA:36,0
DA:39,3
LF:6
LH:5
BRF:0
BRH:0
end_of_record
TN:
SF:src/auth/admin.guard.ts
FN:18,(anonymous_2)
FN:20,(anonymous_3)
FN:54,(anonymous_4)
FN:66,(anonymous_5)
FNF:4
FNH:0
FNDA:0,(anonymous_2)
FNDA:0,(anonymous_3)
FNDA:0,(anonymous_4)
FNDA:0,(anonymous_5)
DA:17,0
DA:18,0
DA:21,0
DA:22,0
DA:26,0
DA:29,0
DA:30,0
DA:34,0
DA:35,0
DA:36,0
DA:40,0
DA:41,0
DA:45,0
DA:51,0
DA:55,0
DA:57,0
DA:58,0
DA:62,0
DA:67,0
DA:68,0
DA:69,0
DA:70,0
DA:72,0
LF:23
LH:0
BRDA:22,0,0,0
BRDA:22,0,1,0
BRDA:26,1,0,0
BRDA:26,1,1,0
BRDA:27,2,0,0
BRDA:27,2,1,0
BRDA:29,3,0,0
BRDA:35,4,0,0
BRDA:40,5,0,0
BRDA:57,6,0,0
BRDA:57,6,1,0
BRDA:70,7,0,0
BRDA:70,8,0,0
BRDA:70,8,1,0
BRDA:18,9,0,0
BRDA:18,9,1,0
BRDA:18,10,0,0
BRDA:18,10,1,0
BRF:18
BRH:0
end_of_record
TN:
SF:src/auth/auth.controller.ts
FN:30,signAccessToken
FN:38,signRefreshToken
FN:46,verifySession
FN:60,(anonymous_7)
FN:64,(anonymous_8)
FN:68,(anonymous_9)
FN:111,(anonymous_10)
FN:139,(anonymous_11)
FN:193,(anonymous_12)
FN:245,(anonymous_13)
FN:289,(anonymous_14)
FN:328,extractCookie
FNF:12
FNH:0
FNDA:0,signAccessToken
FNDA:0,signRefreshToken
FNDA:0,verifySession
FNDA:0,(anonymous_7)
FNDA:0,(anonymous_8)
FNDA:0,(anonymous_9)
FNDA:0,(anonymous_10)
FNDA:0,(anonymous_11)
FNDA:0,(anonymous_12)
FNDA:0,(anonymous_13)
FNDA:0,(anonymous_14)
FNDA:0,extractCookie
DA:31,0
DA:32,0
DA:39,0
DA:40,0
DA:47,0
DA:49,0
DA:50,0
DA:54,0
DA:59,0
DA:60,0
DA:64,0
DA:68,0
DA:69,0
DA:70,0
DA:71,0
DA:73,0
DA:74,0
DA:84,0
DA:85,0
DA:86,0
DA:88,0
DA:89,0
DA:90,0
DA:97,0
DA:104,0
DA:105,0
DA:111,0
DA:112,0
DA:114,0
DA:116,0
DA:117,0
DA:118,0
DA:120,0
DA:129,0
DA:130,0
DA:131,0
DA:132,0
DA:133,0
DA:134,0
DA:139,0
DA:141,0
DA:143,0
DA:146,0
DA:148,0
DA:149,0
DA:152,0
DA:153,0
DA:156,0
DA:167,0
DA:168,0
DA:170,0
DA:171,0
DA:173,0
DA:181,0
DA:189,0
DA:193,0
DA:200,0
DA:201,0
DA:202,0
DA:209,0
DA:210,0
DA:220,0
DA:221,0
DA:222,0
DA:224,0
DA:225,0
DA:226,0
DA:233,0
DA:240,0
DA:241,0
DA:245,0
DA:250,0
DA:251,0
DA:252,0
DA:253,0
DA:254,0
DA:264,0
DA:265,0
DA:266,0
DA:268,0
DA:269,0
DA:270,0
DA:277,0
DA:284,0
DA:285,0
DA:289,0
DA:290,0
DA:292,0
DA:293,0
DA:294,0
DA:296,0
DA:302,0
DA:308,0
DA:316,0
DA:324,0
DA:329,0
DA:330,0
DA:331,0
DA:332,0
DA:334,0
LF:100
LH:0
BRDA:31,0,0,0
BRDA:31,0,1,0
BRDA:39,1,0,0
BRDA:39,1,1,0
BRDA:49,2,0,0
BRDA:49,2,1,0
BRDA:70,3,0,0
BRDA:86,4,0,0
BRDA:86,4,1,0
BRDA:88,5,0,0
BRDA:88,5,1,0
BRDA:104,6,0,0
BRDA:104,6,1,0
BRDA:112,7,0,0
BRDA:112,7,1,0
BRDA:114,8,0,0
BRDA:114,8,1,0
BRDA:115,9,0,0
BRDA:115,9,1,0
BRDA:116,10,0,0
BRDA:118,11,0,0
BRDA:124,12,0,0
BRDA:124,12,1,0
BRDA:125,13,0,0
BRDA:125,13,1,0
BRDA:141,14,0,0
BRDA:141,14,1,0
BRDA:143,15,0,0
BRDA:143,15,1,0
BRDA:144,16,0,0
BRDA:144,16,1,0
BRDA:146,17,0,0
BRDA:149,18,0,0
BRDA:149,19,0,0
BRDA:149,19,1,0
BRDA:170,20,0,0
BRDA:170,20,1,0
BRDA:200,21,0,0
BRDA:200,22,0,0
BRDA:200,22,1,0
BRDA:222,23,0,0
BRDA:222,23,1,0
BRDA:224,24,0,0
BRDA:224,24,1,0
BRDA:240,25,0,0
BRDA:240,25,1,0
BRDA:250,26,0,0
BRDA:250,27,0,0
BRDA:250,27,1,0
BRDA:266,28,0,0
BRDA:266,28,1,0
BRDA:268,29,0,0
BRDA:268,29,1,0
BRDA:284,30,0,0
BRDA:284,30,1,0
BRDA:290,31,0,0
BRDA:290,31,1,0
BRDA:292,32,0,0
BRDA:292,32,1,0
BRDA:294,33,0,0
BRDA:294,33,1,0
BRDA:60,34,0,0
BRDA:60,34,1,0
BRDA:60,35,0,0
BRDA:60,35,1,0
BRDA:332,36,0,0
BRDA:332,37,0,0
BRDA:332,37,1,0
BRF:68
BRH:0
end_of_record
TN:
SF:src/auth/auth.module.ts
FNF:0
FNH:0
DA:22,0
LF:1
LH:0
BRF:0
BRH:0
end_of_record
TN:
SF:src/auth/auth.service.ts
FN:25,(anonymous_4)
FN:34,(anonymous_5)
FN:51,(anonymous_6)
FN:82,(anonymous_7)
FN:120,(anonymous_8)
FN:133,(anonymous_9)
FNF:6
FNH:2
FNDA:5,(anonymous_4)
FNDA:0,(anonymous_5)
FNDA:0,(anonymous_6)
FNDA:0,(anonymous_7)
FNDA:0,(anonymous_8)
FNDA:4,(anonymous_9)
DA:22,1
DA:23,5
DA:27,5
DA:29,5
DA:31,5
DA:38,0
DA:40,0
DA:41,0
DA:42,0
DA:44,0
DA:45,0
DA:46,0
DA:48,0
DA:52,0
DA:53,0
DA:54,0
DA:55,0
DA:59,0
DA:61,0
DA:63,0
DA:64,0
DA:65,0
DA:66,0
DA:70,0
DA:75,0
DA:76,0
DA:79,0
DA:88,0
DA:91,0
DA:92,0
DA:93,0
DA:96,0
DA:98,0
DA:100,0
DA:101,0
DA:102,0
DA:103,0
DA:104,0
DA:105,0
DA:108,0
DA:114,0
DA:115,0
DA:116,0
DA:121,0
DA:122,0
DA:123,0
DA:124,0
DA:126,0
DA:127,0
DA:128,0
DA:130,0
DA:134,4
DA:137,4
DA:147,4
DA:148,4
DA:151,4
LF:56
LH:10
BRDA:40,0,0,0
BRDA:41,1,0,0
BRDA:41,1,1,0
BRDA:44,2,0,0
BRDA:45,3,0,0
BRDA:45,3,1,0
BRDA:48,4,0,0
BRDA:48,4,1,0
BRDA:54,5,0,0
BRDA:61,6,0,0
BRDA:61,6,1,0
BRDA:64,7,0,0
BRDA:72,8,0,0
BRDA:72,8,1,0
BRDA:73,9,0,0
BRDA:73,9,1,0
BRDA:85,10,0,0
BRDA:86,11,0,0
BRDA:92,12,0,0
BRDA:92,13,0,0
BRDA:92,13,1,0
BRDA:98,14,0,0
BRDA:98,14,1,0
BRDA:101,15,0,0
BRDA:102,16,0,0
BRDA:123,17,0,0
BRDA:123,18,0,0
BRDA:123,18,1,0
BRDA:127,19,0,0
BRDA:27,20,0,1
BRDA:27,20,1,0
BRDA:27,21,0,1
BRDA:27,21,1,1
BRDA:27,22,0,1
BRDA:27,22,1,0
BRDA:27,23,0,1
BRDA:27,23,1,1
BRDA:29,24,0,1
BRDA:29,24,1,0
BRDA:29,25,0,1
BRDA:29,25,1,1
BRF:41
BRH:9
end_of_record
TN:
SF:src/auth/teacher.guard.ts
FN:18,(anonymous_2)
FN:20,(anonymous_3)
FN:54,(anonymous_4)
FN:66,(anonymous_5)
FNF:4
FNH:0
FNDA:0,(anonymous_2)
FNDA:0,(anonymous_3)
FNDA:0,(anonymous_4)
FNDA:0,(anonymous_5)
DA:17,0
DA:18,0
DA:21,0
DA:22,0
DA:26,0
DA:29,0
DA:30,0
DA:34,0
DA:35,0
DA:36,0
DA:40,0
DA:41,0
DA:45,0
DA:51,0
DA:55,0
DA:57,0
DA:58,0
DA:62,0
DA:67,0
DA:68,0
DA:69,0
DA:70,0
DA:72,0
LF:23
LH:0
BRDA:22,0,0,0
BRDA:22,0,1,0
BRDA:26,1,0,0
BRDA:26,1,1,0
BRDA:27,2,0,0
BRDA:27,2,1,0
BRDA:29,3,0,0
BRDA:35,4,0,0
BRDA:40,5,0,0
BRDA:57,6,0,0
BRDA:57,6,1,0
BRDA:70,7,0,0
BRDA:70,8,0,0
BRDA:70,8,1,0
BRDA:18,9,0,0
BRDA:18,9,1,0
BRDA:18,10,0,0
BRDA:18,10,1,0
BRF:18
BRH:0
end_of_record
TN:
SF:src/auth/strategies/google.strategy.ts
FN:9,(anonymous_2)
FN:33,(anonymous_3)
FN:38,(anonymous_4)
FN:47,(anonymous_5)
FNF:4
FNH:0
FNDA:0,(anonymous_2)
FNDA:0,(anonymous_3)
FNDA:0,(anonymous_4)
FNDA:0,(anonymous_5)
DA:8,0
DA:10,0
DA:11,0
DA:13,0
DA:14,0
DA:15,0
DA:16,0
DA:18,0
DA:19,0
DA:21,0
DA:34,0
DA:35,0
DA:44,0
DA:45,0
DA:47,0
DA:51,0
DA:53,0
LF:17
LH:0
BRDA:15,0,0,0
BRDA:15,1,0,0
BRDA:15,1,1,0
BRDA:18,2,0,0
BRDA:34,3,0,0
BRDA:34,3,1,0
BRDA:10,4,0,0
BRDA:10,4,1,0
BRDA:10,5,0,0
BRDA:10,5,1,0
BRDA:10,6,0,0
BRDA:10,6,1,0
BRDA:10,7,0,0
BRDA:10,7,1,0
BRF:14
BRH:0
end_of_record
TN:
SF:src/bookings/entities/booking.entity.ts
FN:9,(anonymous_2)
FN:32,(anonymous_3)
FN:43,(anonymous_4)
FNF:3
FNH:0
FNDA:0,(anonymous_2)
FNDA:0,(anonymous_3)
FNDA:0,(anonymous_4)
DA:9,0
DA:10,0
DA:11,0
DA:12,0
DA:13,0
DA:14,0
DA:24,0
DA:30,0
DA:32,0
DA:34,0
DA:41,0
DA:43,0
DA:45,0
DA:54,0
DA:63,0
DA:72,0
DA:81,0
DA:90,0
LF:18
LH:0
BRDA:9,0,0,0
BRDA:9,0,1,0
BRDA:34,1,0,0
BRDA:34,1,1,0
BRDA:34,2,0,0
BRDA:34,2,1,0
BRDA:45,3,0,0
BRDA:45,3,1,0
BRDA:45,4,0,0
BRDA:45,4,1,0
BRF:10
BRH:0
end_of_record
TN:
SF:src/common/entities/base.entity.ts
FNF:0
FNH:0
DA:15,6
DA:23,6
DA:31,6
DA:40,6
LF:4
LH:4
BRDA:23,0,0,6
BRDA:23,0,1,0
BRDA:23,1,0,6
BRDA:23,1,1,6
BRDA:31,2,0,6
BRDA:31,2,1,0
BRDA:31,3,0,6
BRDA:31,3,1,6
BRDA:40,4,0,6
BRDA:40,4,1,0
BRDA:40,5,0,6
BRDA:40,5,1,6
BRF:12
BRH:9
end_of_record
TN:
SF:src/config/configuration.ts
FN:26,(anonymous_0)
FN:41,(anonymous_1)
FNF:2
FNH:0
FNDA:0,(anonymous_0)
FNDA:0,(anonymous_1)
DA:26,0
DA:42,0
DA:43,0
DA:45,0
LF:4
LH:0
BRDA:27,0,0,0
BRDA:27,0,1,0
BRDA:28,1,0,0
BRDA:28,1,1,0
BRDA:32,2,0,0
BRDA:32,2,1,0
BRDA:33,3,0,0
BRDA:33,3,1,0
BRDA:34,4,0,0
BRDA:34,4,1,0
BRDA:35,5,0,0
BRDA:35,5,1,0
BRDA:36,6,0,0
BRDA:36,6,1,0
BRDA:42,7,0,0
BRDA:53,8,0,0
BRDA:53,8,1,0
BRDA:54,9,0,0
BRDA:54,9,1,0
BRDA:55,10,0,0
BRDA:55,10,1,0
BRDA:56,11,0,0
BRDA:56,11,1,0
BRF:23
BRH:0
end_of_record
TN:
SF:src/course-teachers/entities/course-teacher.entity.ts
FN:9,(anonymous_2)
FN:29,(anonymous_3)
FN:40,(anonymous_4)
FNF:3
FNH:0
FNDA:0,(anonymous_2)
FNDA:0,(anonymous_3)
FNDA:0,(anonymous_4)
DA:9,0
DA:10,0
DA:11,0
DA:21,0
DA:27,0
DA:29,0
DA:31,0
DA:38,0
DA:40,0
DA:42,0
DA:51,0
LF:11
LH:0
BRDA:9,0,0,0
BRDA:9,0,1,0
BRDA:31,1,0,0
BRDA:31,1,1,0
BRDA:31,2,0,0
BRDA:31,2,1,0
BRDA:42,3,0,0
BRDA:42,3,1,0
BRDA:42,4,0,0
BRDA:42,4,1,0
BRF:10
BRH:0
end_of_record
TN:
SF:src/courses/entities/course.entity.ts
FN:40,(anonymous_2)
FNF:1
FNH:0
FNDA:0,(anonymous_2)
DA:11,0
DA:18,0
DA:26,0
DA:34,0
DA:40,0
DA:43,0
DA:52,0
DA:61,0
DA:64,0
DA:67,0
DA:70,0
LF:11
LH:0
BRF:0
BRH:0
end_of_record
TN:
SF:src/enrollments/entities/course-enrollment.entity.ts
FN:9,(anonymous_2)
FN:30,(anonymous_3)
FN:41,(anonymous_4)
FN:58,(anonymous_5)
FNF:4
FNH:0
FNDA:0,(anonymous_2)
FNDA:0,(anonymous_3)
FNDA:0,(anonymous_4)
FNDA:0,(anonymous_5)
DA:9,0
DA:10,0
DA:11,0
DA:12,0
DA:22,0
DA:28,0
DA:30,0
DA:32,0
DA:39,0
DA:41,0
DA:43,0
DA:52,0
DA:58,0
DA:61,0
DA:70,0
LF:15
LH:0
BRDA:9,0,0,0
BRDA:9,0,1,0
BRDA:32,1,0,0
BRDA:32,1,1,0
BRDA:32,2,0,0
BRDA:32,2,1,0
BRDA:43,3,0,0
BRDA:43,3,1,0
BRDA:43,4,0,0
BRDA:43,4,1,0
BRDA:61,5,0,0
BRDA:61,5,1,0
BRDA:61,6,0,0
BRDA:61,6,1,0
BRF:14
BRH:0
end_of_record
TN:
SF:src/migrations/1733770000000-InitialSchema.ts
FN:8,(anonymous_0)
FN:11,(anonymous_1)
FN:27,(anonymous_2)
FNF:3
FNH:0
FNDA:0,(anonymous_0)
FNDA:0,(anonymous_1)
FNDA:0,(anonymous_2)
DA:9,0
DA:12,0
DA:29,0
LF:3
LH:0
BRF:0
BRH:0
end_of_record
TN:
SF:src/migrations/1733771000001-AddPasswordHashToUsers.ts
FN:4,(anonymous_0)
FN:17,(anonymous_1)
FNF:2
FNH:0
FNDA:0,(anonymous_0)
FNDA:0,(anonymous_1)
DA:5,0
DA:18,0
LF:2
LH:0
BRF:0
BRH:0
end_of_record
TN:
SF:src/migrations/1733772000002-AddTeacherAndAvailability.ts
FN:7,(anonymous_0)
FN:12,(anonymous_1)
FN:53,(anonymous_2)
FNF:3
FNH:0
FNDA:0,(anonymous_0)
FNDA:0,(anonymous_1)
FNDA:0,(anonymous_2)
DA:10,0
DA:13,0
DA:30,0
DA:54,0
DA:55,0
LF:5
LH:0
BRF:0
BRH:0
end_of_record
TN:
SF:src/migrations/1756431459155-AddAdminTable.ts
FN:7,(anonymous_0)
FN:10,(anonymous_1)
FN:27,(anonymous_2)
FNF:3
FNH:0
FNDA:0,(anonymous_0)
FNDA:0,(anonymous_1)
FNDA:0,(anonymous_2)
DA:8,0
DA:11,0
DA:28,0
LF:3
LH:0
BRF:0
BRH:0
end_of_record
TN:
SF:src/migrations/1756431459156-AddStudentTable.ts
FN:8,(anonymous_0)
FN:11,(anonymous_1)
FN:37,(anonymous_2)
FNF:3
FNH:0
FNDA:0,(anonymous_0)
FNDA:0,(anonymous_1)
FNDA:0,(anonymous_2)
DA:9,0
DA:12,0
DA:26,0
DA:39,0
DA:42,0
LF:5
LH:0
BRF:0
BRH:0
end_of_record
TN:
SF:src/migrations/1756431459157-AddSchedulingTables.ts
FN:7,(anonymous_0)
FN:10,(anonymous_1)
FN:123,(anonymous_2)
FNF:3
FNH:0
FNDA:0,(anonymous_0)
FNDA:0,(anonymous_1)
FNDA:0,(anonymous_2)
DA:8,0
DA:12,0
DA:31,0
DA:60,0
DA:83,0
DA:104,0
DA:125,0
DA:126,0
DA:127,0
DA:128,0
DA:129,0
LF:11
LH:0
BRF:0
BRH:0
end_of_record
TN:
SF:src/migrations/1756431459158-AddWaitlistTable.ts
FN:6,(anonymous_0)
FN:9,(anonymous_1)
FN:28,(anonymous_2)
FNF:3
FNH:0
FNDA:0,(anonymous_0)
FNDA:0,(anonymous_1)
FNDA:0,(anonymous_2)
DA:7,0
DA:10,0
DA:29,0
LF:3
LH:0
BRF:0
BRH:0
end_of_record
TN:
SF:src/sessions/entities/session.entity.ts
FN:17,(anonymous_2)
FN:26,(anonymous_3)
FN:35,(anonymous_4)
FN:66,(anonymous_5)
FN:77,(anonymous_6)
FN:89,(anonymous_7)
FN:143,(anonymous_8)
FNF:7
FNH:0
FNDA:0,(anonymous_2)
FNDA:0,(anonymous_3)
FNDA:0,(anonymous_4)
FNDA:0,(anonymous_5)
FNDA:0,(anonymous_6)
FNDA:0,(anonymous_7)
FNDA:0,(anonymous_8)
DA:17,0
DA:18,0
DA:19,0
DA:20,0
DA:26,0
DA:27,0
DA:28,0
DA:29,0
DA:35,0
DA:36,0
DA:37,0
DA:38,0
DA:49,0
DA:56,0
DA:64,0
DA:66,0
DA:68,0
DA:75,0
DA:77,0
DA:79,0
DA:87,0
DA:89,0
DA:94,0
DA:102,0
DA:110,0
DA:119,0
DA:128,0
DA:137,0
DA:143,0
DA:146,0
DA:155,0
DA:164,0
DA:167,0
DA:170,0
LF:34
LH:0
BRDA:17,0,0,0
BRDA:17,0,1,0
BRDA:26,1,0,0
BRDA:26,1,1,0
BRDA:35,2,0,0
BRDA:35,2,1,0
BRDA:79,3,0,0
BRDA:79,3,1,0
BRDA:79,4,0,0
BRDA:79,4,1,0
BRDA:102,5,0,0
BRDA:102,5,1,0
BRDA:102,6,0,0
BRDA:102,6,1,0
BRDA:110,7,0,0
BRDA:110,7,1,0
BRDA:110,8,0,0
BRDA:110,8,1,0
BRF:18
BRH:0
end_of_record
TN:
SF:src/students/students.controller.ts
FN:7,(anonymous_4)
FN:10,(anonymous_5)
FN:15,(anonymous_6)
FN:20,(anonymous_7)
FNF:4
FNH:0
FNDA:0,(anonymous_4)
FNDA:0,(anonymous_5)
FNDA:0,(anonymous_6)
FNDA:0,(anonymous_7)
DA:6,0
DA:7,0
DA:10,0
DA:11,0
DA:15,0
DA:16,0
DA:20,0
DA:21,0
LF:8
LH:0
BRDA:10,0,0,0
BRDA:10,0,1,0
BRDA:10,1,0,0
BRDA:10,1,1,0
BRDA:15,2,0,0
BRDA:15,2,1,0
BRDA:15,3,0,0
BRDA:15,3,1,0
BRDA:20,4,0,0
BRDA:20,4,1,0
BRDA:20,5,0,0
BRDA:20,5,1,0
BRDA:7,6,0,0
BRDA:7,6,1,0
BRDA:7,7,0,0
BRDA:7,7,1,0
BRF:16
BRH:0
end_of_record
TN:
SF:src/students/students.module.ts
FNF:0
FNH:0
DA:13,0
LF:1
LH:0
BRF:0
BRH:0
end_of_record
TN:
SF:src/students/students.service.ts
FN:8,(anonymous_4)
FN:13,(anonymous_5)
FN:19,(anonymous_6)
FN:26,(anonymous_7)
FNF:4
FNH:0
FNDA:0,(anonymous_4)
FNDA:0,(anonymous_5)
FNDA:0,(anonymous_6)
FNDA:0,(anonymous_7)
DA:7,0
DA:10,0
DA:14,0
DA:20,0
DA:27,0
LF:5
LH:0
BRDA:10,0,0,0
BRDA:10,0,1,0
BRDA:10,1,0,0
BRDA:10,1,1,0
BRF:4
BRH:0
end_of_record
TN:
SF:src/students/entities/student.entity.ts
FNF:0
FNH:0
DA:18,2
DA:24,2
DA:28,2
DA:31,2
DA:34,2
DA:37,2
LF:6
LH:6
BRF:0
BRH:0
end_of_record
TN:
SF:src/teachers/teachers.controller.ts
FN:45,(anonymous_4)
FN:48,(anonymous_5)
FN:56,(anonymous_6)
FN:65,(anonymous_7)
FNF:4
FNH:0
FNDA:0,(anonymous_4)
FNDA:0,(anonymous_5)
FNDA:0,(anonymous_6)
FNDA:0,(anonymous_7)
DA:44,0
DA:45,0
DA:48,0
DA:51,0
DA:52,0
DA:56,0
DA:60,0
DA:61,0
DA:65,0
DA:69,0
DA:70,0
LF:11
LH:0
BRDA:49,0,0,0
BRDA:49,0,1,0
BRDA:49,1,0,0
BRDA:49,1,1,0
BRDA:50,2,0,0
BRDA:50,2,1,0
BRDA:50,3,0,0
BRDA:50,3,1,0
BRDA:57,4,0,0
BRDA:57,4,1,0
BRDA:57,5,0,0
BRDA:57,5,1,0
BRDA:57,6,0,0
BRDA:57,6,1,0
BRDA:57,7,0,0
BRDA:57,7,1,0
BRDA:59,8,0,0
BRDA:59,8,1,0
BRDA:59,9,0,0
BRDA:59,9,1,0
BRDA:66,10,0,0
BRDA:66,10,1,0
BRDA:66,11,0,0
BRDA:66,11,1,0
BRDA:66,12,0,0
BRDA:66,12,1,0
BRDA:66,13,0,0
BRDA:66,13,1,0
BRDA:68,14,0,0
BRDA:68,14,1,0
BRDA:68,15,0,0
BRDA:68,15,1,0
BRDA:45,16,0,0
BRDA:45,16,1,0
BRDA:45,17,0,0
BRDA:45,17,1,0
BRF:36
BRH:0
end_of_record
TN:
SF:src/teachers/teachers.module.ts
FNF:0
FNH:0
DA:18,0
LF:1
LH:0
BRF:0
BRH:0
end_of_record
TN:
SF:src/teachers/teachers.service.ts
FN:36,(anonymous_4)
FN:44,(anonymous_5)
FN:85,(anonymous_6)
FN:101,(anonymous_7)
FN:163,(anonymous_8)
FN:205,(anonymous_9)
FN:214,(anonymous_10)
FN:220,(anonymous_11)
FN:244,(anonymous_12)
FN:258,(anonymous_13)
FN:261,(anonymous_14)
FN:273,(anonymous_15)
FN:290,(anonymous_16)
FN:298,(anonymous_17)
FN:303,(anonymous_18)
FN:308,(anonymous_19)
FN:314,(anonymous_20)
FNF:17
FNH:12
FNDA:11,(anonymous_4)
FNDA:1,(anonymous_5)
FNDA:4,(anonymous_6)
FNDA:3,(anonymous_7)
FNDA:5,(anonymous_8)
FNDA:4,(anonymous_9)
FNDA:4,(anonymous_10)
FNDA:4,(anonymous_11)
FNDA:0,(anonymous_12)
FNDA:0,(anonymous_13)
FNDA:3,(anonymous_14)
FNDA:0,(anonymous_15)
FNDA:0,(anonymous_16)
FNDA:6,(anonymous_17)
FNDA:6,(anonymous_18)
FNDA:8,(anonymous_19)
FNDA:0,(anonymous_20)
DA:35,1
DA:38,11
DA:40,11
DA:41,11
DA:45,1
DA:49,1
DA:50,0
DA:53,1
DA:58,1
DA:59,1
DA:61,1
DA:62,1
DA:63,1
DA:69,0
DA:70,0
DA:82,1
DA:89,4
DA:93,4
DA:94,1
DA:98,3
DA:101,3
DA:103,3
DA:110,3
DA:111,2
DA:112,2
DA:115,2
DA:116,1
DA:119,2
DA:130,3
DA:131,3
DA:132,1
DA:136,1
DA:141,1
DA:142,1
DA:143,1
DA:144,1
DA:145,1
DA:149,1
DA:160,3
DA:167,5
DA:171,5
DA:172,1
DA:175,4
DA:176,4
DA:179,4
DA:180,4
DA:181,4
DA:182,1
DA:185,3
DA:189,3
DA:192,3
DA:193,3
DA:194,4
DA:198,4
DA:199,4
DA:202,3
DA:209,4
DA:212,4
DA:213,4
DA:215,4
DA:219,4
DA:221,4
DA:227,4
DA:228,3
DA:229,3
DA:232,3
DA:233,3
DA:234,3
DA:236,3
DA:239,3
DA:244,3
DA:245,0
DA:246,0
DA:247,0
DA:250,3
DA:251,3
DA:258,4
DA:262,3
DA:264,3
DA:265,2
DA:266,2
DA:268,2
DA:271,3
DA:273,2
DA:274,0
DA:277,2
DA:278,0
DA:279,0
DA:281,0
DA:282,0
DA:291,0
DA:299,6
DA:300,6
DA:304,6
DA:305,6
DA:309,8
DA:310,8
DA:311,8
DA:315,0
LF:99
LH:86
BRDA:49,0,0,0
BRDA:62,1,0,1
BRDA:62,1,1,0
BRDA:69,2,0,0
BRDA:73,3,0,0
BRDA:73,3,1,0
BRDA:76,4,0,0
BRDA:76,4,1,0
BRDA:93,5,0,1
BRDA:115,6,0,1
BRDA:130,7,0,3
BRDA:132,8,0,1
BRDA:132,8,1,0
BRDA:136,9,0,1
BRDA:136,9,1,0
BRDA:141,10,0,1
BRDA:141,11,0,1
BRDA:141,11,1,1
BRDA:144,12,0,1
BRDA:171,13,0,1
BRDA:181,14,0,1
BRDA:215,15,0,4
BRDA:215,15,1,4
BRDA:221,16,0,4
BRDA:221,16,1,0
BRDA:221,16,2,0
BRDA:221,16,3,0
BRDA:247,17,0,0
BRDA:247,17,1,0
BRDA:250,18,0,3
BRDA:265,19,0,2
BRDA:281,20,0,0
BRDA:292,21,0,0
BRDA:292,21,1,0
BRDA:292,21,2,0
BRDA:38,22,0,1
BRDA:38,22,1,0
BRDA:38,23,0,1
BRDA:38,23,1,1
BRDA:38,24,0,1
BRDA:38,24,1,0
BRDA:38,25,0,1
BRDA:38,25,1,1
BRDA:40,26,0,1
BRDA:40,26,1,0
BRDA:40,27,0,1
BRDA:40,27,1,1
BRF:47
BRH:26
end_of_record
TN:
SF:src/teachers/dto/availability.dto.ts
FN:46,(anonymous_2)
FN:52,(anonymous_3)
FNF:2
FNH:0
FNDA:0,(anonymous_2)
FNDA:0,(anonymous_3)
DA:18,0
DA:21,0
DA:24,0
DA:29,0
DA:33,0
DA:37,0
DA:40,0
DA:46,0
DA:47,0
DA:52,0
DA:53,0
DA:58,0
DA:61,0
LF:13
LH:0
BRF:0
BRH:0
end_of_record
TN:
SF:src/teachers/entities/teacher-availability.entity.ts
FN:19,(anonymous_2)
FN:38,(anonymous_3)
FN:100,(anonymous_4)
FNF:3
FNH:1
FNDA:5,(anonymous_2)
FNDA:0,(anonymous_3)
FNDA:0,(anonymous_4)
DA:19,5
DA:20,5
DA:21,5
DA:22,5
DA:30,5
DA:36,5
DA:38,0
DA:42,5
DA:50,5
DA:58,5
DA:67,5
DA:76,5
DA:85,5
DA:94,5
DA:100,0
DA:103,5
DA:106,5
LF:17
LH:15
BRDA:19,0,0,5
BRDA:19,0,1,5
BRF:2
BRH:2
end_of_record
TN:
SF:src/teachers/entities/teacher.entity.ts
FN:53,(anonymous_2)
FN:59,(anonymous_3)
FN:60,(anonymous_4)
FNF:3
FNH:0
FNDA:0,(anonymous_2)
FNDA:0,(anonymous_3)
FNDA:0,(anonymous_4)
DA:20,4
DA:26,4
DA:30,4
DA:39,4
DA:47,4
DA:53,0
DA:56,4
DA:59,0
DA:60,0
DA:62,4
DA:65,4
DA:68,4
LF:12
LH:9
BRF:0
BRH:0
end_of_record
TN:
SF:src/users/users.controller.ts
FN:18,(anonymous_4)
FN:21,(anonymous_5)
FN:50,(anonymous_6)
FN:55,(anonymous_7)
FNF:4
FNH:0
FNDA:0,(anonymous_4)
FNDA:0,(anonymous_5)
FNDA:0,(anonymous_6)
FNDA:0,(anonymous_7)
DA:17,0
DA:18,0
DA:21,0
DA:27,0
DA:28,0
DA:30,0
DA:31,0
DA:35,0
DA:36,0
DA:41,0
DA:50,0
DA:51,0
DA:55,0
DA:56,0
LF:14
LH:0
BRDA:27,0,0,0
BRDA:27,0,1,0
BRDA:28,1,0,0
BRDA:28,1,1,0
BRDA:30,2,0,0
BRDA:30,3,0,0
BRDA:30,3,1,0
BRDA:30,3,2,0
BRDA:35,4,0,0
BRDA:35,5,0,0
BRDA:35,5,1,0
BRDA:26,6,0,0
BRDA:26,6,1,0
BRDA:26,7,0,0
BRDA:26,7,1,0
BRDA:50,8,0,0
BRDA:50,8,1,0
BRDA:50,9,0,0
BRDA:50,9,1,0
BRDA:55,10,0,0
BRDA:55,10,1,0
BRDA:55,11,0,0
BRDA:55,11,1,0
BRDA:18,12,0,0
BRDA:18,12,1,0
BRDA:18,13,0,0
BRDA:18,13,1,0
BRF:27
BRH:0
end_of_record
TN:
SF:src/users/users.module.ts
FNF:0
FNH:0
DA:17,0
LF:1
LH:0
BRF:0
BRH:0
end_of_record
TN:
SF:src/users/users.service.ts
FN:25,(anonymous_4)
FN:34,(anonymous_5)
FN:74,(anonymous_6)
FN:82,(anonymous_7)
FN:120,(anonymous_8)
FNF:5
FNH:5
FNDA:10,(anonymous_4)
FNDA:3,(anonymous_5)
FNDA:1,(anonymous_6)
FNDA:3,(anonymous_7)
FNDA:3,(anonymous_8)
DA:24,1
DA:27,10
DA:29,10
DA:31,10
DA:37,3
DA:38,3
DA:40,3
DA:50,3
DA:51,1
DA:58,3
DA:59,1
DA:60,1
DA:63,0
DA:64,0
DA:71,3
DA:73,3
DA:74,1
DA:84,3
DA:89,3
DA:90,1
DA:94,2
DA:95,1
DA:99,1
DA:105,1
DA:108,1
DA:113,1
DA:114,0
DA:117,1
DA:122,3
DA:127,3
DA:128,1
DA:132,2
DA:133,1
DA:137,1
DA:144,1
DA:147,1
DA:152,1
DA:153,0
DA:156,1
LF:39
LH:35
BRDA:50,0,0,1
BRDA:58,1,0,1
BRDA:59,2,0,1
BRDA:59,2,1,0
BRDA:63,3,0,0
BRDA:89,4,0,1
BRDA:94,5,0,1
BRDA:113,6,0,0
BRDA:127,7,0,1
BRDA:132,8,0,1
BRDA:152,9,0,0
BRDA:27,10,0,1
BRDA:27,10,1,0
BRDA:27,11,0,1
BRDA:27,11,1,1
BRDA:27,12,0,1
BRDA:27,12,1,0
BRDA:27,13,0,1
BRDA:27,13,1,1
BRDA:29,14,0,1
BRDA:29,14,1,0
BRDA:29,15,0,1
BRDA:29,15,1,1
BRF:23
BRH:16
end_of_record
TN:
SF:src/users/dto/admin-actions.dto.ts
FNF:0
FNH:0
DA:6,0
DA:12,0
LF:2
LH:0
BRF:0
BRH:0
end_of_record
TN:
SF:src/users/dto/user-response.dto.ts
FN:15,(anonymous_0)
FN:43,(anonymous_1)
FN:62,(anonymous_2)
FNF:3
FNH:3
FNDA:3,(anonymous_0)
FNDA:2,(anonymous_1)
FNDA:1,(anonymous_2)
DA:16,3
DA:17,3
DA:18,3
DA:19,3
DA:20,3
DA:21,3
DA:22,3
DA:24,3
DA:25,2
DA:28,3
DA:29,1
DA:32,3
DA:44,2
DA:45,2
DA:46,2
DA:47,2
DA:48,2
DA:49,2
DA:50,2
DA:63,1
DA:64,1
DA:65,1
DA:66,1
DA:67,1
DA:68,1
DA:69,1
DA:70,1
LF:27
LH:27
BRDA:24,0,0,2
BRDA:28,1,0,1
BRF:2
BRH:2
end_of_record
TN:
SF:src/users/entities/user.entity.ts
FN:43,(anonymous_2)
FN:43,(anonymous_3)
FN:46,(anonymous_4)
FN:46,(anonymous_5)
FN:49,(anonymous_6)
FN:49,(anonymous_7)
FNF:6
FNH:0
FNDA:0,(anonymous_2)
FNDA:0,(anonymous_3)
FNDA:0,(anonymous_4)
FNDA:0,(anonymous_5)
FNDA:0,(anonymous_6)
FNDA:0,(anonymous_7)
DA:9,2
DA:16,2
DA:24,2
DA:32,2
DA:41,2
DA:43,0
DA:44,2
DA:46,0
DA:47,2
DA:49,0
DA:50,2
LF:11
LH:8
BRF:0
BRH:0
end_of_record
TN:
SF:src/waitlists/entities/waitlist.entity.ts
FN:20,(anonymous_2)
FN:31,(anonymous_3)
FNF:2
FNH:0
FNDA:0,(anonymous_2)
FNDA:0,(anonymous_3)
DA:12,0
DA:18,0
DA:20,0
DA:22,0
DA:29,0
DA:31,0
DA:33,0
DA:40,0
LF:8
LH:0
BRDA:22,0,0,0
BRDA:22,0,1,0
BRDA:22,1,0,0
BRDA:22,1,1,0
BRDA:33,2,0,0
BRDA:33,2,1,0
BRDA:33,3,0,0
BRDA:33,3,1,0
BRF:8
BRH:0
end_of_record
